<?xml version="1.0" encoding="UTF-8"?>
<coverage generated="1762781751900" clover="3.2.0">
  <project timestamp="1762781751900" name="All files">
    <metrics statements="37" coveredstatements="35" conditionals="31" coveredconditionals="29" methods="7" coveredmethods="7" elements="75" coveredelements="71" complexity="0" loc="37" ncloc="37" packages="1" files="1" classes="1"/>
    <file name="Wallet.jsx" path="D:\HOC_KY_5\BatteryStationManagement\fullstack-BatterySwapProject\fe\src\pages\driver\Wallet.jsx">
      <metrics statements="37" coveredstatements="35" conditionals="31" coveredconditionals="29" methods="7" coveredmethods="7"/>
      <line num="22" count="1" type="stmt"/>
      <line num="23" count="75" type="stmt"/>
      <line num="24" count="75" type="stmt"/>
      <line num="26" count="75" type="stmt"/>
      <line num="27" count="75" type="stmt"/>
      <line num="28" count="75" type="stmt"/>
      <line num="31" count="75" type="stmt"/>
      <line num="45" count="75" type="stmt"/>
      <line num="46" count="144" type="stmt"/>
      <line num="53" count="75" type="stmt"/>
      <line num="54" count="12" type="stmt"/>
      <line num="57" count="12" type="cond" truecount="3" falsecount="1"/>
      <line num="58" count="0" type="stmt"/>
      <line num="59" count="0" type="stmt"/>
      <line num="62" count="12" type="cond" truecount="2" falsecount="0"/>
      <line num="63" count="3" type="stmt"/>
      <line num="64" count="3" type="stmt"/>
      <line num="67" count="9" type="stmt"/>
      <line num="69" count="9" type="stmt"/>
      <line num="70" count="9" type="stmt"/>
      <line num="71" count="7" type="stmt"/>
      <line num="73" count="7" type="cond" truecount="4" falsecount="0"/>
      <line num="74" count="4" type="stmt"/>
      <line num="77" count="4" type="stmt"/>
      <line num="78" count="1" type="stmt"/>
      <line num="81" count="3" type="cond" truecount="2" falsecount="0"/>
      <line num="82" count="3" type="stmt"/>
      <line num="85" count="2" type="stmt"/>
      <line num="86" count="2" type="cond" truecount="2" falsecount="0"/>
      <line num="87" count="2" type="stmt"/>
      <line num="91" count="75" type="stmt"/>
      <line num="158" count="675" type="stmt"/>
      <line num="166" count="6" type="stmt"/>
      <line num="167" count="6" type="stmt"/>
      <line num="189" count="20" type="stmt"/>
      <line num="190" count="20" type="stmt"/>
      <line num="191" count="20" type="stmt"/>
    </file>
  </project>
</coverage>
