{"D:\\HOC_KY_5\\BatteryStationManagement\\fullstack-BatterySwapProject\\fe\\src\\pages\\Login.jsx": {"path":"D:\\HOC_KY_5\\BatteryStationManagement\\fullstack-BatterySwapProject\\fe\\src\\pages\\Login.jsx","statementMap":{"0":{"start":{"line":20,"column":14},"end":{"line":331,"column":1}},"1":{"start":{"line":21,"column":42},"end":{"line":21,"column":57}},"2":{"start":{"line":22,"column":32},"end":{"line":22,"column":47}},"3":{"start":{"line":23,"column":34},"end":{"line":26,"column":4}},"4":{"start":{"line":27,"column":56},"end":{"line":27,"column":68}},"5":{"start":{"line":28,"column":66},"end":{"line":28,"column":81}},"6":{"start":{"line":29,"column":19},"end":{"line":29,"column":32}},"7":{"start":{"line":30,"column":20},"end":{"line":30,"column":30}},"8":{"start":{"line":31,"column":26},"end":{"line":31,"column":51}},"9":{"start":{"line":33,"column":2},"end":{"line":36,"column":9}},"10":{"start":{"line":34,"column":18},"end":{"line":34,"column":47}},"11":{"start":{"line":35,"column":4},"end":{"line":35,"column":48}},"12":{"start":{"line":35,"column":15},"end":{"line":35,"column":48}},"13":{"start":{"line":38,"column":28},"end":{"line":43,"column":3}},"14":{"start":{"line":39,"column":4},"end":{"line":42,"column":8}},"15":{"start":{"line":39,"column":25},"end":{"line":42,"column":5}},"16":{"start":{"line":46,"column":25},"end":{"line":50,"column":48}},"17":{"start":{"line":47,"column":4},"end":{"line":50,"column":48}},"18":{"start":{"line":52,"column":26},"end":{"line":55,"column":29}},"19":{"start":{"line":53,"column":4},"end":{"line":55,"column":29}},"20":{"start":{"line":57,"column":22},"end":{"line":112,"column":3}},"21":{"start":{"line":58,"column":4},"end":{"line":58,"column":23}},"22":{"start":{"line":59,"column":4},"end":{"line":59,"column":24}},"23":{"start":{"line":59,"column":17},"end":{"line":59,"column":24}},"24":{"start":{"line":60,"column":4},"end":{"line":67,"column":5}},"25":{"start":{"line":61,"column":6},"end":{"line":65,"column":9}},"26":{"start":{"line":66,"column":6},"end":{"line":66,"column":13}},"27":{"start":{"line":68,"column":4},"end":{"line":75,"column":5}},"28":{"start":{"line":69,"column":6},"end":{"line":73,"column":9}},"29":{"start":{"line":74,"column":6},"end":{"line":74,"column":13}},"30":{"start":{"line":77,"column":4},"end":{"line":77,"column":21}},"31":{"start":{"line":78,"column":4},"end":{"line":111,"column":5}},"32":{"start":{"line":79,"column":18},"end":{"line":79,"column":81}},"33":{"start":{"line":81,"column":6},"end":{"line":81,"column":42}},"34":{"start":{"line":83,"column":6},"end":{"line":90,"column":7}},"35":{"start":{"line":84,"column":8},"end":{"line":88,"column":11}},"36":{"start":{"line":89,"column":8},"end":{"line":89,"column":15}},"37":{"start":{"line":92,"column":6},"end":{"line":96,"column":9}},"38":{"start":{"line":98,"column":6},"end":{"line":98,"column":47}},"39":{"start":{"line":99,"column":6},"end":{"line":99,"column":23}},"40":{"start":{"line":101,"column":24},"end":{"line":101,"column":96}},"41":{"start":{"line":102,"column":6},"end":{"line":102,"column":26}},"42":{"start":{"line":104,"column":6},"end":{"line":108,"column":9}},"43":{"start":{"line":110,"column":6},"end":{"line":110,"column":24}},"44":{"start":{"line":114,"column":28},"end":{"line":153,"column":3}},"45":{"start":{"line":115,"column":4},"end":{"line":152,"column":5}},"46":{"start":{"line":116,"column":6},"end":{"line":116,"column":60}},"47":{"start":{"line":118,"column":6},"end":{"line":118,"column":23}},"48":{"start":{"line":119,"column":18},"end":{"line":121,"column":8}},"49":{"start":{"line":122,"column":6},"end":{"line":122,"column":49}},"50":{"start":{"line":124,"column":6},"end":{"line":131,"column":7}},"51":{"start":{"line":125,"column":8},"end":{"line":129,"column":11}},"52":{"start":{"line":130,"column":8},"end":{"line":130,"column":15}},"53":{"start":{"line":133,"column":6},"end":{"line":137,"column":9}},"54":{"start":{"line":139,"column":6},"end":{"line":139,"column":47}},"55":{"start":{"line":140,"column":6},"end":{"line":140,"column":23}},"56":{"start":{"line":142,"column":24},"end":{"line":142,"column":96}},"57":{"start":{"line":143,"column":6},"end":{"line":143,"column":26}},"58":{"start":{"line":145,"column":6},"end":{"line":149,"column":9}},"59":{"start":{"line":151,"column":6},"end":{"line":151,"column":24}},"60":{"start":{"line":155,"column":31},"end":{"line":219,"column":3}},"61":{"start":{"line":156,"column":4},"end":{"line":218,"column":5}},"62":{"start":{"line":157,"column":6},"end":{"line":164,"column":7}},"63":{"start":{"line":158,"column":8},"end":{"line":162,"column":11}},"64":{"start":{"line":163,"column":8},"end":{"line":163,"column":15}},"65":{"start":{"line":166,"column":18},"end":{"line":166,"column":69}},"66":{"start":{"line":167,"column":6},"end":{"line":167,"column":52}},"67":{"start":{"line":169,"column":6},"end":{"line":176,"column":7}},"68":{"start":{"line":170,"column":8},"end":{"line":174,"column":11}},"69":{"start":{"line":175,"column":8},"end":{"line":175,"column":15}},"70":{"start":{"line":178,"column":6},"end":{"line":178,"column":41}},"71":{"start":{"line":179,"column":6},"end":{"line":179,"column":33}},"72":{"start":{"line":181,"column":6},"end":{"line":211,"column":9}},"73":{"start":{"line":192,"column":18},"end":{"line":192,"column":67}},"74":{"start":{"line":202,"column":18},"end":{"line":202,"column":82}},"75":{"start":{"line":213,"column":6},"end":{"line":217,"column":9}},"76":{"start":{"line":221,"column":2},"end":{"line":330,"column":4}},"77":{"start":{"line":246,"column":116},"end":{"line":246,"column":158}},"78":{"start":{"line":252,"column":150},"end":{"line":252,"column":195}},"79":{"start":{"line":253,"column":152},"end":{"line":253,"column":182}},"80":{"start":{"line":269,"column":18},"end":{"line":273,"column":21}},"81":{"start":{"line":307,"column":41},"end":{"line":307,"column":79}}},"fnMap":{"0":{"name":"(anonymous_0)","decl":{"start":{"line":20,"column":14},"end":{"line":20,"column":15}},"loc":{"start":{"line":20,"column":20},"end":{"line":331,"column":1}},"line":20},"1":{"name":"(anonymous_1)","decl":{"start":{"line":33,"column":12},"end":{"line":33,"column":13}},"loc":{"start":{"line":33,"column":18},"end":{"line":36,"column":3}},"line":33},"2":{"name":"(anonymous_2)","decl":{"start":{"line":38,"column":28},"end":{"line":38,"column":29}},"loc":{"start":{"line":38,"column":46},"end":{"line":43,"column":3}},"line":38},"3":{"name":"(anonymous_3)","decl":{"start":{"line":39,"column":16},"end":{"line":39,"column":17}},"loc":{"start":{"line":39,"column":25},"end":{"line":42,"column":5}},"line":39},"4":{"name":"(anonymous_4)","decl":{"start":{"line":46,"column":25},"end":{"line":46,"column":26}},"loc":{"start":{"line":47,"column":4},"end":{"line":50,"column":48}},"line":47},"5":{"name":"(anonymous_5)","decl":{"start":{"line":52,"column":26},"end":{"line":52,"column":27}},"loc":{"start":{"line":53,"column":4},"end":{"line":55,"column":29}},"line":53},"6":{"name":"(anonymous_6)","decl":{"start":{"line":57,"column":22},"end":{"line":57,"column":23}},"loc":{"start":{"line":57,"column":35},"end":{"line":112,"column":3}},"line":57},"7":{"name":"(anonymous_7)","decl":{"start":{"line":114,"column":28},"end":{"line":114,"column":29}},"loc":{"start":{"line":114,"column":58},"end":{"line":153,"column":3}},"line":114},"8":{"name":"(anonymous_8)","decl":{"start":{"line":155,"column":31},"end":{"line":155,"column":32}},"loc":{"start":{"line":155,"column":43},"end":{"line":219,"column":3}},"line":155},"9":{"name":"(anonymous_9)","decl":{"start":{"line":191,"column":25},"end":{"line":191,"column":26}},"loc":{"start":{"line":191,"column":31},"end":{"line":193,"column":17}},"line":191},"10":{"name":"(anonymous_10)","decl":{"start":{"line":201,"column":25},"end":{"line":201,"column":26}},"loc":{"start":{"line":201,"column":31},"end":{"line":203,"column":17}},"line":201},"11":{"name":"(anonymous_11)","decl":{"start":{"line":246,"column":109},"end":{"line":246,"column":110}},"loc":{"start":{"line":246,"column":116},"end":{"line":246,"column":158}},"line":246},"12":{"name":"(anonymous_12)","decl":{"start":{"line":252,"column":143},"end":{"line":252,"column":144}},"loc":{"start":{"line":252,"column":150},"end":{"line":252,"column":195}},"line":252},"13":{"name":"(anonymous_13)","decl":{"start":{"line":253,"column":146},"end":{"line":253,"column":147}},"loc":{"start":{"line":253,"column":152},"end":{"line":253,"column":182}},"line":253},"14":{"name":"(anonymous_14)","decl":{"start":{"line":268,"column":25},"end":{"line":268,"column":26}},"loc":{"start":{"line":268,"column":31},"end":{"line":274,"column":17}},"line":268},"15":{"name":"(anonymous_15)","decl":{"start":{"line":307,"column":34},"end":{"line":307,"column":35}},"loc":{"start":{"line":307,"column":41},"end":{"line":307,"column":79}},"line":307}},"branchMap":{"0":{"loc":{"start":{"line":35,"column":4},"end":{"line":35,"column":48}},"type":"if","locations":[{"start":{"line":35,"column":4},"end":{"line":35,"column":48}},{"start":{},"end":{}}],"line":35},"1":{"loc":{"start":{"line":47,"column":4},"end":{"line":50,"column":48}},"type":"binary-expr","locations":[{"start":{"line":47,"column":4},"end":{"line":47,"column":23}},{"start":{"line":48,"column":4},"end":{"line":48,"column":27}},{"start":{"line":49,"column":4},"end":{"line":49,"column":14}},{"start":{"line":50,"column":4},"end":{"line":50,"column":48}}],"line":47},"2":{"loc":{"start":{"line":53,"column":4},"end":{"line":55,"column":29}},"type":"binary-expr","locations":[{"start":{"line":53,"column":4},"end":{"line":53,"column":16}},{"start":{"line":54,"column":4},"end":{"line":54,"column":25}},{"start":{"line":55,"column":4},"end":{"line":55,"column":29}}],"line":53},"3":{"loc":{"start":{"line":59,"column":4},"end":{"line":59,"column":24}},"type":"if","locations":[{"start":{"line":59,"column":4},"end":{"line":59,"column":24}},{"start":{},"end":{}}],"line":59},"4":{"loc":{"start":{"line":60,"column":4},"end":{"line":67,"column":5}},"type":"if","locations":[{"start":{"line":60,"column":4},"end":{"line":67,"column":5}},{"start":{},"end":{}}],"line":60},"5":{"loc":{"start":{"line":60,"column":8},"end":{"line":60,"column":45}},"type":"binary-expr","locations":[{"start":{"line":60,"column":8},"end":{"line":60,"column":23}},{"start":{"line":60,"column":27},"end":{"line":60,"column":45}}],"line":60},"6":{"loc":{"start":{"line":68,"column":4},"end":{"line":75,"column":5}},"type":"if","locations":[{"start":{"line":68,"column":4},"end":{"line":75,"column":5}},{"start":{},"end":{}}],"line":68},"7":{"loc":{"start":{"line":83,"column":6},"end":{"line":90,"column":7}},"type":"if","locations":[{"start":{"line":83,"column":6},"end":{"line":90,"column":7}},{"start":{},"end":{}}],"line":83},"8":{"loc":{"start":{"line":94,"column":35},"end":{"line":94,"column":78}},"type":"binary-expr","locations":[{"start":{"line":94,"column":35},"end":{"line":94,"column":47}},{"start":{"line":94,"column":51},"end":{"line":94,"column":60}},{"start":{"line":94,"column":64},"end":{"line":94,"column":78}}],"line":94},"9":{"loc":{"start":{"line":101,"column":24},"end":{"line":101,"column":96}},"type":"binary-expr","locations":[{"start":{"line":101,"column":24},"end":{"line":101,"column":89}},{"start":{"line":101,"column":93},"end":{"line":101,"column":96}}],"line":101},"10":{"loc":{"start":{"line":124,"column":6},"end":{"line":131,"column":7}},"type":"if","locations":[{"start":{"line":124,"column":6},"end":{"line":131,"column":7}},{"start":{},"end":{}}],"line":124},"11":{"loc":{"start":{"line":135,"column":35},"end":{"line":135,"column":65}},"type":"binary-expr","locations":[{"start":{"line":135,"column":35},"end":{"line":135,"column":47}},{"start":{"line":135,"column":51},"end":{"line":135,"column":65}}],"line":135},"12":{"loc":{"start":{"line":142,"column":24},"end":{"line":142,"column":96}},"type":"binary-expr","locations":[{"start":{"line":142,"column":24},"end":{"line":142,"column":89}},{"start":{"line":142,"column":93},"end":{"line":142,"column":96}}],"line":142},"13":{"loc":{"start":{"line":147,"column":21},"end":{"line":147,"column":68}},"type":"binary-expr","locations":[{"start":{"line":147,"column":21},"end":{"line":147,"column":33}},{"start":{"line":147,"column":37},"end":{"line":147,"column":68}}],"line":147},"14":{"loc":{"start":{"line":157,"column":6},"end":{"line":164,"column":7}},"type":"if","locations":[{"start":{"line":157,"column":6},"end":{"line":164,"column":7}},{"start":{},"end":{}}],"line":157},"15":{"loc":{"start":{"line":169,"column":6},"end":{"line":176,"column":7}},"type":"if","locations":[{"start":{"line":169,"column":6},"end":{"line":176,"column":7}},{"start":{},"end":{}}],"line":169},"16":{"loc":{"start":{"line":215,"column":21},"end":{"line":215,"column":65}},"type":"binary-expr","locations":[{"start":{"line":215,"column":21},"end":{"line":215,"column":33}},{"start":{"line":215,"column":37},"end":{"line":215,"column":65}}],"line":215},"17":{"loc":{"start":{"line":252,"column":43},"end":{"line":252,"column":77}},"type":"cond-expr","locations":[{"start":{"line":252,"column":58},"end":{"line":252,"column":64}},{"start":{"line":252,"column":67},"end":{"line":252,"column":77}}],"line":252},"18":{"loc":{"start":{"line":254,"column":19},"end":{"line":254,"column":98}},"type":"cond-expr","locations":[{"start":{"line":254,"column":35},"end":{"line":254,"column":65}},{"start":{"line":254,"column":70},"end":{"line":254,"column":97}}],"line":254},"19":{"loc":{"start":{"line":263,"column":15},"end":{"line":263,"column":58}},"type":"cond-expr","locations":[{"start":{"line":263,"column":25},"end":{"line":263,"column":44}},{"start":{"line":263,"column":47},"end":{"line":263,"column":58}}],"line":263}},"s":{"0":1,"1":91,"2":91,"3":91,"4":91,"5":91,"6":91,"7":91,"8":91,"9":91,"10":26,"11":26,"12":1,"13":91,"14":26,"15":26,"16":91,"17":5,"18":91,"19":14,"20":91,"21":12,"22":12,"23":0,"24":12,"25":0,"26":0,"27":12,"28":1,"29":1,"30":11,"31":11,"32":11,"33":10,"34":10,"35":3,"36":3,"37":7,"38":7,"39":7,"40":7,"41":7,"42":1,"43":11,"44":91,"45":3,"46":3,"47":3,"48":3,"49":2,"50":2,"51":1,"52":1,"53":1,"54":1,"55":1,"56":1,"57":1,"58":1,"59":3,"60":91,"61":4,"62":4,"63":1,"64":1,"65":3,"66":2,"67":2,"68":1,"69":1,"70":1,"71":1,"72":1,"73":0,"74":0,"75":1,"76":91,"77":13,"78":13,"79":2,"80":1,"81":3},"f":{"0":91,"1":26,"2":26,"3":26,"4":5,"5":14,"6":12,"7":3,"8":4,"9":0,"10":0,"11":13,"12":13,"13":2,"14":1,"15":3},"b":{"0":[1,25],"1":[5,3,2,0],"2":[14,12,10],"3":[0,12],"4":[0,12],"5":[12,12],"6":[1,11],"7":[3,7],"8":[7,3,2],"9":[7,1],"10":[1,1],"11":[1,0],"12":[1,0],"13":[1,0],"14":[1,3],"15":[1,1],"16":[1,0],"17":[1,90],"18":[1,90],"19":[14,77]},"_coverageSchema":"1a1c01bbd47fc00a2c39e90264f33305004495a9","hash":"78474e37b168848ab0ad5373f45e12d2a7fd410d"}
,"D:\\HOC_KY_5\\BatteryStationManagement\\fullstack-BatterySwapProject\\fe\\src\\pages\\driver\\BookingHistory.jsx": {"path":"D:\\HOC_KY_5\\BatteryStationManagement\\fullstack-BatterySwapProject\\fe\\src\\pages\\driver\\BookingHistory.jsx","statementMap":{"0":{"start":{"line":23,"column":0},"end":{"line":23,"column":32}},"1":{"start":{"line":24,"column":23},"end":{"line":770,"column":1}},"2":{"start":{"line":25,"column":20},"end":{"line":25,"column":30}},"3":{"start":{"line":26,"column":19},"end":{"line":26,"column":32}},"4":{"start":{"line":27,"column":48},"end":{"line":27,"column":62}},"5":{"start":{"line":28,"column":50},"end":{"line":28,"column":65}},"6":{"start":{"line":29,"column":38},"end":{"line":29,"column":50}},"7":{"start":{"line":30,"column":42},"end":{"line":30,"column":57}},"8":{"start":{"line":31,"column":36},"end":{"line":31,"column":58}},"9":{"start":{"line":32,"column":26},"end":{"line":32,"column":36}},"10":{"start":{"line":33,"column":24},"end":{"line":33,"column":36}},"11":{"start":{"line":34,"column":23},"end":{"line":34,"column":48}},"12":{"start":{"line":35,"column":40},"end":{"line":35,"column":52}},"13":{"start":{"line":36,"column":36},"end":{"line":36,"column":51}},"14":{"start":{"line":37,"column":42},"end":{"line":37,"column":54}},"15":{"start":{"line":38,"column":40},"end":{"line":38,"column":55}},"16":{"start":{"line":39,"column":22},"end":{"line":39,"column":36}},"17":{"start":{"line":40,"column":40},"end":{"line":40,"column":55}},"18":{"start":{"line":41,"column":42},"end":{"line":41,"column":57}},"19":{"start":{"line":42,"column":26},"end":{"line":59,"column":3}},"20":{"start":{"line":43,"column":4},"end":{"line":43,"column":23}},"21":{"start":{"line":44,"column":4},"end":{"line":58,"column":5}},"22":{"start":{"line":45,"column":18},"end":{"line":45,"column":66}},"23":{"start":{"line":46,"column":6},"end":{"line":49,"column":7}},"24":{"start":{"line":47,"column":26},"end":{"line":47,"column":118}},"25":{"start":{"line":47,"column":48},"end":{"line":47,"column":116}},"26":{"start":{"line":48,"column":8},"end":{"line":48,"column":34}},"27":{"start":{"line":51,"column":6},"end":{"line":55,"column":9}},"28":{"start":{"line":57,"column":6},"end":{"line":57,"column":26}},"29":{"start":{"line":60,"column":21},"end":{"line":77,"column":3}},"30":{"start":{"line":61,"column":4},"end":{"line":61,"column":25}},"31":{"start":{"line":62,"column":4},"end":{"line":62,"column":16}},"32":{"start":{"line":63,"column":4},"end":{"line":76,"column":5}},"33":{"start":{"line":64,"column":18},"end":{"line":64,"column":54}},"34":{"start":{"line":65,"column":6},"end":{"line":67,"column":7}},"35":{"start":{"line":66,"column":8},"end":{"line":66,"column":30}},"36":{"start":{"line":69,"column":6},"end":{"line":73,"column":9}},"37":{"start":{"line":75,"column":6},"end":{"line":75,"column":28}},"38":{"start":{"line":79,"column":2},"end":{"line":81,"column":8}},"39":{"start":{"line":80,"column":4},"end":{"line":80,"column":22}},"40":{"start":{"line":84,"column":27},"end":{"line":100,"column":4}},"41":{"start":{"line":86,"column":6},"end":{"line":88,"column":77}},"42":{"start":{"line":90,"column":26},"end":{"line":90,"column":90}},"43":{"start":{"line":93,"column":25},"end":{"line":93,"column":40}},"44":{"start":{"line":94,"column":24},"end":{"line":97,"column":8}},"45":{"start":{"line":95,"column":26},"end":{"line":95,"column":67}},"46":{"start":{"line":96,"column":6},"end":{"line":96,"column":99}},"47":{"start":{"line":99,"column":4},"end":{"line":99,"column":57}},"48":{"start":{"line":102,"column":19},"end":{"line":102,"column":35}},"49":{"start":{"line":104,"column":30},"end":{"line":127,"column":3}},"50":{"start":{"line":105,"column":4},"end":{"line":105,"column":44}},"51":{"start":{"line":105,"column":37},"end":{"line":105,"column":44}},"52":{"start":{"line":106,"column":4},"end":{"line":106,"column":25}},"53":{"start":{"line":107,"column":4},"end":{"line":126,"column":5}},"54":{"start":{"line":108,"column":18},"end":{"line":108,"column":99}},"55":{"start":{"line":109,"column":6},"end":{"line":117,"column":7}},"56":{"start":{"line":110,"column":8},"end":{"line":113,"column":11}},"57":{"start":{"line":114,"column":8},"end":{"line":114,"column":35}},"58":{"start":{"line":115,"column":8},"end":{"line":115,"column":28}},"59":{"start":{"line":116,"column":8},"end":{"line":116,"column":26}},"60":{"start":{"line":119,"column":6},"end":{"line":123,"column":9}},"61":{"start":{"line":125,"column":6},"end":{"line":125,"column":28}},"62":{"start":{"line":129,"column":25},"end":{"line":140,"column":3}},"63":{"start":{"line":130,"column":4},"end":{"line":139,"column":5}},"64":{"start":{"line":132,"column":8},"end":{"line":132,"column":25}},"65":{"start":{"line":134,"column":8},"end":{"line":134,"column":29}},"66":{"start":{"line":136,"column":8},"end":{"line":136,"column":25}},"67":{"start":{"line":138,"column":8},"end":{"line":138,"column":25}},"68":{"start":{"line":142,"column":22},"end":{"line":149,"column":3}},"69":{"start":{"line":143,"column":4},"end":{"line":148,"column":5}},"70":{"start":{"line":144,"column":30},"end":{"line":144,"column":53}},"71":{"start":{"line":145,"column":24},"end":{"line":145,"column":44}},"72":{"start":{"line":146,"column":24},"end":{"line":146,"column":40}},"73":{"start":{"line":147,"column":15},"end":{"line":147,"column":30}},"74":{"start":{"line":150,"column":21},"end":{"line":157,"column":3}},"75":{"start":{"line":151,"column":14},"end":{"line":151,"column":41}},"76":{"start":{"line":152,"column":4},"end":{"line":152,"column":26}},"77":{"start":{"line":153,"column":4},"end":{"line":153,"column":17}},"78":{"start":{"line":154,"column":4},"end":{"line":154,"column":33}},"79":{"start":{"line":155,"column":4},"end":{"line":155,"column":14}},"80":{"start":{"line":156,"column":4},"end":{"line":156,"column":33}},"81":{"start":{"line":159,"column":31},"end":{"line":171,"column":3}},"82":{"start":{"line":160,"column":19},"end":{"line":160,"column":83}},"83":{"start":{"line":161,"column":4},"end":{"line":168,"column":5}},"84":{"start":{"line":162,"column":6},"end":{"line":166,"column":9}},"85":{"start":{"line":167,"column":6},"end":{"line":167,"column":13}},"86":{"start":{"line":169,"column":16},"end":{"line":169,"column":45}},"87":{"start":{"line":170,"column":4},"end":{"line":170,"column":37}},"88":{"start":{"line":173,"column":2},"end":{"line":769,"column":4}},"89":{"start":{"line":204,"column":91},"end":{"line":204,"column":122}},"90":{"start":{"line":218,"column":91},"end":{"line":218,"column":128}},"91":{"start":{"line":232,"column":91},"end":{"line":232,"column":122}},"92":{"start":{"line":267,"column":39},"end":{"line":267,"column":68}},"93":{"start":{"line":297,"column":40},"end":{"line":297,"column":74}},"94":{"start":{"line":306,"column":20},"end":{"line":306,"column":38}},"95":{"start":{"line":307,"column":20},"end":{"line":307,"column":43}},"96":{"start":{"line":308,"column":20},"end":{"line":308,"column":47}},"97":{"start":{"line":343,"column":22},"end":{"line":593,"column":29}},"98":{"start":{"line":367,"column":36},"end":{"line":367,"column":59}},"99":{"start":{"line":368,"column":36},"end":{"line":368,"column":77}},"100":{"start":{"line":369,"column":36},"end":{"line":369,"column":76}},"101":{"start":{"line":376,"column":53},"end":{"line":376,"column":80}},"102":{"start":{"line":409,"column":59},"end":{"line":409,"column":90}},"103":{"start":{"line":418,"column":55},"end":{"line":418,"column":81}},"104":{"start":{"line":446,"column":36},"end":{"line":448,"column":39}},"105":{"start":{"line":463,"column":53},"end":{"line":463,"column":82}},"106":{"start":{"line":516,"column":42},"end":{"line":516,"column":70}},"107":{"start":{"line":517,"column":42},"end":{"line":517,"column":80}},"108":{"start":{"line":582,"column":32},"end":{"line":582,"column":60}},"109":{"start":{"line":583,"column":32},"end":{"line":583,"column":54}},"110":{"start":{"line":602,"column":37},"end":{"line":602,"column":59}}},"fnMap":{"0":{"name":"(anonymous_0)","decl":{"start":{"line":24,"column":23},"end":{"line":24,"column":24}},"loc":{"start":{"line":24,"column":29},"end":{"line":770,"column":1}},"line":24},"1":{"name":"(anonymous_1)","decl":{"start":{"line":42,"column":26},"end":{"line":42,"column":27}},"loc":{"start":{"line":42,"column":38},"end":{"line":59,"column":3}},"line":42},"2":{"name":"(anonymous_2)","decl":{"start":{"line":47,"column":42},"end":{"line":47,"column":43}},"loc":{"start":{"line":47,"column":48},"end":{"line":47,"column":116}},"line":47},"3":{"name":"(anonymous_3)","decl":{"start":{"line":60,"column":21},"end":{"line":60,"column":22}},"loc":{"start":{"line":60,"column":42},"end":{"line":77,"column":3}},"line":60},"4":{"name":"(anonymous_4)","decl":{"start":{"line":79,"column":12},"end":{"line":79,"column":13}},"loc":{"start":{"line":79,"column":18},"end":{"line":81,"column":3}},"line":79},"5":{"name":"(anonymous_5)","decl":{"start":{"line":84,"column":54},"end":{"line":84,"column":55}},"loc":{"start":{"line":84,"column":67},"end":{"line":100,"column":3}},"line":84},"6":{"name":"(anonymous_6)","decl":{"start":{"line":94,"column":43},"end":{"line":94,"column":44}},"loc":{"start":{"line":94,"column":49},"end":{"line":97,"column":5}},"line":94},"7":{"name":"(anonymous_7)","decl":{"start":{"line":104,"column":30},"end":{"line":104,"column":31}},"loc":{"start":{"line":104,"column":42},"end":{"line":127,"column":3}},"line":104},"8":{"name":"(anonymous_8)","decl":{"start":{"line":129,"column":25},"end":{"line":129,"column":26}},"loc":{"start":{"line":129,"column":37},"end":{"line":140,"column":3}},"line":129},"9":{"name":"(anonymous_9)","decl":{"start":{"line":142,"column":22},"end":{"line":142,"column":23}},"loc":{"start":{"line":142,"column":29},"end":{"line":149,"column":3}},"line":142},"10":{"name":"(anonymous_10)","decl":{"start":{"line":150,"column":21},"end":{"line":150,"column":22}},"loc":{"start":{"line":150,"column":40},"end":{"line":157,"column":3}},"line":150},"11":{"name":"(anonymous_11)","decl":{"start":{"line":159,"column":31},"end":{"line":159,"column":32}},"loc":{"start":{"line":159,"column":37},"end":{"line":171,"column":3}},"line":159},"12":{"name":"(anonymous_12)","decl":{"start":{"line":204,"column":86},"end":{"line":204,"column":87}},"loc":{"start":{"line":204,"column":91},"end":{"line":204,"column":122}},"line":204},"13":{"name":"(anonymous_13)","decl":{"start":{"line":218,"column":86},"end":{"line":218,"column":87}},"loc":{"start":{"line":218,"column":91},"end":{"line":218,"column":128}},"line":218},"14":{"name":"(anonymous_14)","decl":{"start":{"line":232,"column":86},"end":{"line":232,"column":87}},"loc":{"start":{"line":232,"column":91},"end":{"line":232,"column":122}},"line":232},"15":{"name":"(anonymous_15)","decl":{"start":{"line":267,"column":32},"end":{"line":267,"column":33}},"loc":{"start":{"line":267,"column":39},"end":{"line":267,"column":68}},"line":267},"16":{"name":"(anonymous_16)","decl":{"start":{"line":297,"column":30},"end":{"line":297,"column":31}},"loc":{"start":{"line":297,"column":40},"end":{"line":297,"column":74}},"line":297},"17":{"name":"(anonymous_17)","decl":{"start":{"line":305,"column":27},"end":{"line":305,"column":28}},"loc":{"start":{"line":305,"column":33},"end":{"line":309,"column":19}},"line":305},"18":{"name":"(anonymous_18)","decl":{"start":{"line":342,"column":34},"end":{"line":342,"column":35}},"loc":{"start":{"line":343,"column":22},"end":{"line":593,"column":29}},"line":343},"19":{"name":"(anonymous_19)","decl":{"start":{"line":366,"column":48},"end":{"line":366,"column":49}},"loc":{"start":{"line":366,"column":55},"end":{"line":370,"column":35}},"line":366},"20":{"name":"(anonymous_20)","decl":{"start":{"line":376,"column":47},"end":{"line":376,"column":48}},"loc":{"start":{"line":376,"column":53},"end":{"line":376,"column":80}},"line":376},"21":{"name":"(anonymous_21)","decl":{"start":{"line":409,"column":52},"end":{"line":409,"column":53}},"loc":{"start":{"line":409,"column":59},"end":{"line":409,"column":90}},"line":409},"22":{"name":"(anonymous_22)","decl":{"start":{"line":418,"column":49},"end":{"line":418,"column":50}},"loc":{"start":{"line":418,"column":55},"end":{"line":418,"column":81}},"line":418},"23":{"name":"(anonymous_23)","decl":{"start":{"line":445,"column":43},"end":{"line":445,"column":44}},"loc":{"start":{"line":445,"column":49},"end":{"line":449,"column":35}},"line":445},"24":{"name":"(anonymous_24)","decl":{"start":{"line":463,"column":47},"end":{"line":463,"column":48}},"loc":{"start":{"line":463,"column":53},"end":{"line":463,"column":82}},"line":463},"25":{"name":"(anonymous_25)","decl":{"start":{"line":515,"column":49},"end":{"line":515,"column":50}},"loc":{"start":{"line":515,"column":55},"end":{"line":518,"column":41}},"line":515},"26":{"name":"(anonymous_26)","decl":{"start":{"line":581,"column":39},"end":{"line":581,"column":40}},"loc":{"start":{"line":581,"column":45},"end":{"line":584,"column":31}},"line":581},"27":{"name":"(anonymous_27)","decl":{"start":{"line":602,"column":31},"end":{"line":602,"column":32}},"loc":{"start":{"line":602,"column":37},"end":{"line":602,"column":59}},"line":602}},"branchMap":{"0":{"loc":{"start":{"line":46,"column":6},"end":{"line":49,"column":7}},"type":"if","locations":[{"start":{"line":46,"column":6},"end":{"line":49,"column":7}},{"start":{},"end":{}}],"line":46},"1":{"loc":{"start":{"line":47,"column":48},"end":{"line":47,"column":116}},"type":"binary-expr","locations":[{"start":{"line":47,"column":48},"end":{"line":47,"column":84}},{"start":{"line":47,"column":88},"end":{"line":47,"column":116}}],"line":47},"2":{"loc":{"start":{"line":65,"column":6},"end":{"line":67,"column":7}},"type":"if","locations":[{"start":{"line":65,"column":6},"end":{"line":67,"column":7}},{"start":{},"end":{}}],"line":65},"3":{"loc":{"start":{"line":84,"column":28},"end":{"line":84,"column":45}},"type":"binary-expr","locations":[{"start":{"line":84,"column":28},"end":{"line":84,"column":39}},{"start":{"line":84,"column":43},"end":{"line":84,"column":45}}],"line":84},"4":{"loc":{"start":{"line":86,"column":6},"end":{"line":88,"column":77}},"type":"binary-expr","locations":[{"start":{"line":86,"column":6},"end":{"line":86,"column":81}},{"start":{"line":87,"column":6},"end":{"line":87,"column":80}},{"start":{"line":88,"column":6},"end":{"line":88,"column":77}}],"line":86},"5":{"loc":{"start":{"line":90,"column":26},"end":{"line":90,"column":90}},"type":"binary-expr","locations":[{"start":{"line":90,"column":26},"end":{"line":90,"column":48}},{"start":{"line":90,"column":52},"end":{"line":90,"column":90}}],"line":90},"6":{"loc":{"start":{"line":93,"column":25},"end":{"line":93,"column":40}},"type":"binary-expr","locations":[{"start":{"line":93,"column":25},"end":{"line":93,"column":34}},{"start":{"line":93,"column":38},"end":{"line":93,"column":40}}],"line":93},"7":{"loc":{"start":{"line":94,"column":24},"end":{"line":97,"column":8}},"type":"binary-expr","locations":[{"start":{"line":94,"column":24},"end":{"line":94,"column":30}},{"start":{"line":94,"column":34},"end":{"line":94,"column":38}},{"start":{"line":94,"column":42},"end":{"line":97,"column":8}}],"line":94},"8":{"loc":{"start":{"line":96,"column":13},"end":{"line":96,"column":98}},"type":"binary-expr","locations":[{"start":{"line":96,"column":13},"end":{"line":96,"column":56}},{"start":{"line":96,"column":60},"end":{"line":96,"column":98}}],"line":96},"9":{"loc":{"start":{"line":99,"column":11},"end":{"line":99,"column":56}},"type":"binary-expr","locations":[{"start":{"line":99,"column":11},"end":{"line":99,"column":24}},{"start":{"line":99,"column":28},"end":{"line":99,"column":41}},{"start":{"line":99,"column":45},"end":{"line":99,"column":56}}],"line":99},"10":{"loc":{"start":{"line":105,"column":4},"end":{"line":105,"column":44}},"type":"if","locations":[{"start":{"line":105,"column":4},"end":{"line":105,"column":44}},{"start":{},"end":{}}],"line":105},"11":{"loc":{"start":{"line":109,"column":6},"end":{"line":117,"column":7}},"type":"if","locations":[{"start":{"line":109,"column":6},"end":{"line":117,"column":7}},{"start":{},"end":{}}],"line":109},"12":{"loc":{"start":{"line":109,"column":10},"end":{"line":109,"column":27}},"type":"binary-expr","locations":[{"start":{"line":109,"column":10},"end":{"line":109,"column":13}},{"start":{"line":109,"column":17},"end":{"line":109,"column":27}}],"line":109},"13":{"loc":{"start":{"line":130,"column":4},"end":{"line":139,"column":5}},"type":"switch","locations":[{"start":{"line":131,"column":6},"end":{"line":132,"column":25}},{"start":{"line":133,"column":6},"end":{"line":134,"column":29}},{"start":{"line":135,"column":6},"end":{"line":136,"column":25}},{"start":{"line":137,"column":6},"end":{"line":138,"column":25}}],"line":130},"14":{"loc":{"start":{"line":143,"column":4},"end":{"line":148,"column":5}},"type":"switch","locations":[{"start":{"line":144,"column":6},"end":{"line":144,"column":53}},{"start":{"line":145,"column":6},"end":{"line":145,"column":44}},{"start":{"line":146,"column":6},"end":{"line":146,"column":40}},{"start":{"line":147,"column":6},"end":{"line":147,"column":30}}],"line":143},"15":{"loc":{"start":{"line":147,"column":22},"end":{"line":147,"column":29}},"type":"binary-expr","locations":[{"start":{"line":147,"column":22},"end":{"line":147,"column":23}},{"start":{"line":147,"column":27},"end":{"line":147,"column":29}}],"line":147},"16":{"loc":{"start":{"line":161,"column":4},"end":{"line":168,"column":5}},"type":"if","locations":[{"start":{"line":161,"column":4},"end":{"line":168,"column":5}},{"start":{},"end":{}}],"line":161},"17":{"loc":{"start":{"line":294,"column":22},"end":{"line":294,"column":65}},"type":"cond-expr","locations":[{"start":{"line":294,"column":39},"end":{"line":294,"column":58}},{"start":{"line":294,"column":61},"end":{"line":294,"column":65}}],"line":294},"18":{"loc":{"start":{"line":295,"column":22},"end":{"line":295,"column":65}},"type":"cond-expr","locations":[{"start":{"line":295,"column":39},"end":{"line":295,"column":58}},{"start":{"line":295,"column":61},"end":{"line":295,"column":65}}],"line":295},"19":{"loc":{"start":{"line":297,"column":53},"end":{"line":297,"column":73}},"type":"binary-expr","locations":[{"start":{"line":297,"column":53},"end":{"line":297,"column":57}},{"start":{"line":297,"column":61},"end":{"line":297,"column":73}}],"line":297},"20":{"loc":{"start":{"line":330,"column":17},"end":{"line":762,"column":17}},"type":"cond-expr","locations":[{"start":{"line":331,"column":18},"end":{"line":339,"column":25}},{"start":{"line":341,"column":18},"end":{"line":761,"column":24}}],"line":330},"21":{"loc":{"start":{"line":330,"column":17},"end":{"line":330,"column":52}},"type":"binary-expr","locations":[{"start":{"line":330,"column":17},"end":{"line":330,"column":38}},{"start":{"line":330,"column":42},"end":{"line":330,"column":52}}],"line":330},"22":{"loc":{"start":{"line":363,"column":31},"end":{"line":439,"column":31}},"type":"binary-expr","locations":[{"start":{"line":363,"column":31},"end":{"line":363,"column":74}},{"start":{"line":364,"column":32},"end":{"line":438,"column":41}}],"line":363},"23":{"loc":{"start":{"line":368,"column":51},"end":{"line":368,"column":75}},"type":"cond-expr","locations":[{"start":{"line":368,"column":56},"end":{"line":368,"column":61}},{"start":{"line":368,"column":64},"end":{"line":368,"column":75}}],"line":368},"24":{"loc":{"start":{"line":369,"column":52},"end":{"line":369,"column":74}},"type":"cond-expr","locations":[{"start":{"line":369,"column":57},"end":{"line":369,"column":59}},{"start":{"line":369,"column":62},"end":{"line":369,"column":74}}],"line":369},"25":{"loc":{"start":{"line":427,"column":50},"end":{"line":427,"column":86}},"type":"binary-expr","locations":[{"start":{"line":427,"column":50},"end":{"line":427,"column":71}},{"start":{"line":427,"column":75},"end":{"line":427,"column":86}}],"line":427},"26":{"loc":{"start":{"line":429,"column":41},"end":{"line":434,"column":58}},"type":"cond-expr","locations":[{"start":{"line":430,"column":42},"end":{"line":433,"column":49}},{"start":{"line":434,"column":44},"end":{"line":434,"column":58}}],"line":429},"27":{"loc":{"start":{"line":441,"column":31},"end":{"line":455,"column":31}},"type":"binary-expr","locations":[{"start":{"line":441,"column":32},"end":{"line":441,"column":69}},{"start":{"line":441,"column":73},"end":{"line":441,"column":116}},{"start":{"line":442,"column":32},"end":{"line":454,"column":41}}],"line":441},"28":{"loc":{"start":{"line":457,"column":31},"end":{"line":538,"column":31}},"type":"binary-expr","locations":[{"start":{"line":457,"column":31},"end":{"line":457,"column":74}},{"start":{"line":458,"column":32},"end":{"line":537,"column":41}}],"line":457},"29":{"loc":{"start":{"line":466,"column":39},"end":{"line":476,"column":39}},"type":"cond-expr","locations":[{"start":{"line":467,"column":40},"end":{"line":470,"column":47}},{"start":{"line":472,"column":40},"end":{"line":475,"column":43}}],"line":466},"30":{"loc":{"start":{"line":490,"column":41},"end":{"line":503,"column":41}},"type":"cond-expr","locations":[{"start":{"line":491,"column":42},"end":{"line":491,"column":100}},{"start":{"line":493,"column":42},"end":{"line":502,"column":48}}],"line":490},"31":{"loc":{"start":{"line":495,"column":53},"end":{"line":495,"column":81}},"type":"binary-expr","locations":[{"start":{"line":495,"column":53},"end":{"line":495,"column":55}},{"start":{"line":495,"column":59},"end":{"line":495,"column":81}}],"line":495},"32":{"loc":{"start":{"line":521,"column":41},"end":{"line":528,"column":41}},"type":"cond-expr","locations":[{"start":{"line":522,"column":42},"end":{"line":525,"column":49}},{"start":{"line":527,"column":42},"end":{"line":527,"column":61}}],"line":521},"33":{"loc":{"start":{"line":549,"column":66},"end":{"line":549,"column":92}},"type":"binary-expr","locations":[{"start":{"line":549,"column":66},"end":{"line":549,"column":86}},{"start":{"line":549,"column":90},"end":{"line":549,"column":92}}],"line":549},"34":{"loc":{"start":{"line":570,"column":33},"end":{"line":570,"column":72}},"type":"binary-expr","locations":[{"start":{"line":570,"column":33},"end":{"line":570,"column":66}},{"start":{"line":570,"column":70},"end":{"line":570,"column":72}}],"line":570},"35":{"loc":{"start":{"line":608,"column":29},"end":{"line":610,"column":29}},"type":"binary-expr","locations":[{"start":{"line":608,"column":29},"end":{"line":608,"column":55}},{"start":{"line":609,"column":30},"end":{"line":609,"column":107}}],"line":608},"36":{"loc":{"start":{"line":612,"column":27},"end":{"line":616,"column":27}},"type":"binary-expr","locations":[{"start":{"line":612,"column":27},"end":{"line":612,"column":57}},{"start":{"line":613,"column":28},"end":{"line":615,"column":36}}],"line":612},"37":{"loc":{"start":{"line":620,"column":23},"end":{"line":757,"column":23}},"type":"cond-expr","locations":[{"start":{"line":621,"column":24},"end":{"line":621,"column":90}},{"start":{"line":623,"column":24},"end":{"line":756,"column":30}}],"line":620},"38":{"loc":{"start":{"line":651,"column":36},"end":{"line":651,"column":63}},"type":"binary-expr","locations":[{"start":{"line":651,"column":36},"end":{"line":651,"column":58}},{"start":{"line":651,"column":62},"end":{"line":651,"column":63}}],"line":651},"39":{"loc":{"start":{"line":655,"column":31},"end":{"line":662,"column":31}},"type":"binary-expr","locations":[{"start":{"line":655,"column":31},"end":{"line":655,"column":77}},{"start":{"line":656,"column":32},"end":{"line":661,"column":38}}],"line":655},"40":{"loc":{"start":{"line":659,"column":37},"end":{"line":659,"column":79}},"type":"binary-expr","locations":[{"start":{"line":659,"column":37},"end":{"line":659,"column":72}},{"start":{"line":659,"column":76},"end":{"line":659,"column":79}}],"line":659},"41":{"loc":{"start":{"line":678,"column":86},"end":{"line":678,"column":121}},"type":"binary-expr","locations":[{"start":{"line":678,"column":86},"end":{"line":678,"column":114}},{"start":{"line":678,"column":118},"end":{"line":678,"column":121}}],"line":678},"42":{"loc":{"start":{"line":682,"column":86},"end":{"line":682,"column":124}},"type":"binary-expr","locations":[{"start":{"line":682,"column":86},"end":{"line":682,"column":117}},{"start":{"line":682,"column":121},"end":{"line":682,"column":124}}],"line":682},"43":{"loc":{"start":{"line":701,"column":67},"end":{"line":701,"column":102}},"type":"binary-expr","locations":[{"start":{"line":701,"column":67},"end":{"line":701,"column":95}},{"start":{"line":701,"column":99},"end":{"line":701,"column":102}}],"line":701},"44":{"loc":{"start":{"line":706,"column":67},"end":{"line":706,"column":101}},"type":"binary-expr","locations":[{"start":{"line":706,"column":67},"end":{"line":706,"column":94}},{"start":{"line":706,"column":98},"end":{"line":706,"column":101}}],"line":706},"45":{"loc":{"start":{"line":713,"column":67},"end":{"line":713,"column":101}},"type":"binary-expr","locations":[{"start":{"line":713,"column":67},"end":{"line":713,"column":96}},{"start":{"line":713,"column":100},"end":{"line":713,"column":101}}],"line":713},"46":{"loc":{"start":{"line":718,"column":67},"end":{"line":718,"column":102}},"type":"binary-expr","locations":[{"start":{"line":718,"column":67},"end":{"line":718,"column":95}},{"start":{"line":718,"column":99},"end":{"line":718,"column":102}}],"line":718},"47":{"loc":{"start":{"line":724,"column":27},"end":{"line":755,"column":27}},"type":"binary-expr","locations":[{"start":{"line":724,"column":27},"end":{"line":724,"column":53}},{"start":{"line":725,"column":28},"end":{"line":754,"column":38}}],"line":724},"48":{"loc":{"start":{"line":736,"column":69},"end":{"line":736,"column":111}},"type":"binary-expr","locations":[{"start":{"line":736,"column":69},"end":{"line":736,"column":104}},{"start":{"line":736,"column":108},"end":{"line":736,"column":111}}],"line":736},"49":{"loc":{"start":{"line":741,"column":69},"end":{"line":741,"column":115}},"type":"binary-expr","locations":[{"start":{"line":741,"column":69},"end":{"line":741,"column":108}},{"start":{"line":741,"column":112},"end":{"line":741,"column":115}}],"line":741},"50":{"loc":{"start":{"line":746,"column":69},"end":{"line":746,"column":115}},"type":"binary-expr","locations":[{"start":{"line":746,"column":69},"end":{"line":746,"column":108}},{"start":{"line":746,"column":112},"end":{"line":746,"column":115}}],"line":746},"51":{"loc":{"start":{"line":751,"column":69},"end":{"line":751,"column":113}},"type":"binary-expr","locations":[{"start":{"line":751,"column":69},"end":{"line":751,"column":106}},{"start":{"line":751,"column":110},"end":{"line":751,"column":113}}],"line":751}},"s":{"0":1,"1":1,"2":305,"3":305,"4":305,"5":305,"6":305,"7":305,"8":305,"9":305,"10":305,"11":305,"12":305,"13":305,"14":305,"15":305,"16":305,"17":305,"18":305,"19":305,"20":88,"21":88,"22":88,"23":86,"24":80,"25":221,"26":80,"27":2,"28":88,"29":305,"30":9,"31":9,"32":9,"33":9,"34":8,"35":6,"36":1,"37":9,"38":305,"39":87,"40":305,"41":342,"42":342,"43":342,"44":342,"45":0,"46":0,"47":342,"48":305,"49":305,"50":2,"51":0,"52":2,"53":2,"54":2,"55":2,"56":1,"57":1,"58":1,"59":1,"60":0,"61":2,"62":305,"63":339,"64":126,"65":104,"66":105,"67":4,"68":305,"69":355,"70":140,"71":106,"72":105,"73":4,"74":305,"75":1,"76":1,"77":1,"78":1,"79":1,"80":1,"81":305,"82":1,"83":1,"84":0,"85":0,"86":1,"87":1,"88":305,"89":342,"90":342,"91":342,"92":11,"93":0,"94":2,"95":2,"96":2,"97":323,"98":5,"99":5,"100":5,"101":5,"102":2,"103":0,"104":2,"105":9,"106":1,"107":1,"108":4,"109":4,"110":0},"f":{"0":305,"1":88,"2":221,"3":9,"4":87,"5":342,"6":0,"7":2,"8":339,"9":355,"10":1,"11":1,"12":342,"13":342,"14":342,"15":11,"16":0,"17":2,"18":323,"19":5,"20":5,"21":2,"22":0,"23":2,"24":9,"25":1,"26":4,"27":0},"b":{"0":[80,6],"1":[221,220],"2":[6,2],"3":[305,0],"4":[342,28,23],"5":[342,0],"6":[342,0],"7":[342,0,0],"8":[0,0],"9":[342,323,323],"10":[0,2],"11":[1,1],"12":[2,2],"13":[126,104,105,4],"14":[140,106,105,4],"15":[4,1],"16":[0,1],"17":[0,305],"18":[0,305],"19":[0,0],"20":[97,208],"21":[305,183],"22":[323,112],"23":[0,5],"24":[0,5],"25":[112,5],"26":[2,110],"27":[323,219,216],"28":[323,112],"29":[9,103],"30":[9,103],"31":[103,96],"32":[9,103],"33":[323,1],"34":[323,319],"35":[208,16],"36":[208,16],"37":[192,16],"38":[16,14],"39":[16,1],"40":[1,0],"41":[16,0],"42":[16,0],"43":[16,0],"44":[16,16],"45":[16,0],"46":[16,0],"47":[16,1],"48":[1,0],"49":[1,0],"50":[1,0],"51":[1,0]},"_coverageSchema":"1a1c01bbd47fc00a2c39e90264f33305004495a9","hash":"a9bd845fd1da8b9cc2ad6ee0af62da6e517538a8"}
,"D:\\HOC_KY_5\\BatteryStationManagement\\fullstack-BatterySwapProject\\fe\\src\\pages\\driver\\Payment.jsx": {"path":"D:\\HOC_KY_5\\BatteryStationManagement\\fullstack-BatterySwapProject\\fe\\src\\pages\\driver\\Payment.jsx","statementMap":{"0":{"start":{"line":15,"column":16},"end":{"line":286,"column":1}},"1":{"start":{"line":16,"column":19},"end":{"line":16,"column":32}},"2":{"start":{"line":17,"column":19},"end":{"line":17,"column":32}},"3":{"start":{"line":18,"column":36},"end":{"line":18,"column":61}},"4":{"start":{"line":19,"column":42},"end":{"line":19,"column":62}},"5":{"start":{"line":20,"column":20},"end":{"line":20,"column":30}},"6":{"start":{"line":22,"column":42},"end":{"line":22,"column":57}},"7":{"start":{"line":23,"column":44},"end":{"line":23,"column":62}},"8":{"start":{"line":25,"column":16},"end":{"line":25,"column":52}},"9":{"start":{"line":26,"column":27},"end":{"line":31,"column":8}},"10":{"start":{"line":27,"column":22},"end":{"line":27,"column":49}},"11":{"start":{"line":28,"column":4},"end":{"line":28,"column":45}},"12":{"start":{"line":28,"column":25},"end":{"line":28,"column":45}},"13":{"start":{"line":29,"column":4},"end":{"line":29,"column":30}},"14":{"start":{"line":30,"column":4},"end":{"line":30,"column":15}},"15":{"start":{"line":32,"column":19},"end":{"line":32,"column":50}},"16":{"start":{"line":35,"column":25},"end":{"line":35,"column":130}},"17":{"start":{"line":35,"column":34},"end":{"line":35,"column":130}},"18":{"start":{"line":36,"column":26},"end":{"line":36,"column":125}},"19":{"start":{"line":36,"column":35},"end":{"line":36,"column":125}},"20":{"start":{"line":39,"column":28},"end":{"line":53,"column":3}},"21":{"start":{"line":40,"column":4},"end":{"line":52,"column":6}},"22":{"start":{"line":43,"column":44},"end":{"line":51,"column":7}},"23":{"start":{"line":55,"column":24},"end":{"line":109,"column":3}},"24":{"start":{"line":56,"column":4},"end":{"line":63,"column":5}},"25":{"start":{"line":57,"column":6},"end":{"line":61,"column":9}},"26":{"start":{"line":62,"column":6},"end":{"line":62,"column":13}},"27":{"start":{"line":65,"column":4},"end":{"line":108,"column":5}},"28":{"start":{"line":66,"column":6},"end":{"line":66,"column":28}},"29":{"start":{"line":69,"column":26},"end":{"line":69,"column":45}},"30":{"start":{"line":70,"column":6},"end":{"line":70,"column":56}},"31":{"start":{"line":73,"column":23},"end":{"line":73,"column":66}},"32":{"start":{"line":74,"column":6},"end":{"line":74,"column":51}},"33":{"start":{"line":77,"column":6},"end":{"line":84,"column":7}},"34":{"start":{"line":78,"column":8},"end":{"line":82,"column":11}},"35":{"start":{"line":83,"column":8},"end":{"line":83,"column":15}},"36":{"start":{"line":86,"column":6},"end":{"line":97,"column":7}},"37":{"start":{"line":87,"column":8},"end":{"line":87,"column":63}},"38":{"start":{"line":88,"column":8},"end":{"line":92,"column":11}},"39":{"start":{"line":94,"column":8},"end":{"line":94,"column":44}},"40":{"start":{"line":95,"column":8},"end":{"line":95,"column":91}},"41":{"start":{"line":95,"column":29},"end":{"line":95,"column":88}},"42":{"start":{"line":96,"column":8},"end":{"line":96,"column":15}},"43":{"start":{"line":100,"column":6},"end":{"line":100,"column":47}},"44":{"start":{"line":101,"column":6},"end":{"line":105,"column":9}},"45":{"start":{"line":107,"column":6},"end":{"line":107,"column":29}},"46":{"start":{"line":111,"column":2},"end":{"line":285,"column":4}},"47":{"start":{"line":161,"column":35},"end":{"line":161,"column":61}},"48":{"start":{"line":195,"column":18},"end":{"line":198,"column":24}},"49":{"start":{"line":219,"column":18},"end":{"line":248,"column":24}},"50":{"start":{"line":230,"column":57},"end":{"line":230,"column":66}},"51":{"start":{"line":236,"column":22},"end":{"line":246,"column":28}}},"fnMap":{"0":{"name":"(anonymous_0)","decl":{"start":{"line":15,"column":16},"end":{"line":15,"column":17}},"loc":{"start":{"line":15,"column":22},"end":{"line":286,"column":1}},"line":15},"1":{"name":"(anonymous_1)","decl":{"start":{"line":26,"column":40},"end":{"line":26,"column":41}},"loc":{"start":{"line":26,"column":55},"end":{"line":31,"column":3}},"line":26},"2":{"name":"(anonymous_2)","decl":{"start":{"line":35,"column":25},"end":{"line":35,"column":26}},"loc":{"start":{"line":35,"column":34},"end":{"line":35,"column":130}},"line":35},"3":{"name":"(anonymous_3)","decl":{"start":{"line":36,"column":26},"end":{"line":36,"column":27}},"loc":{"start":{"line":36,"column":35},"end":{"line":36,"column":125}},"line":36},"4":{"name":"(anonymous_4)","decl":{"start":{"line":39,"column":28},"end":{"line":39,"column":29}},"loc":{"start":{"line":39,"column":34},"end":{"line":53,"column":3}},"line":39},"5":{"name":"(anonymous_5)","decl":{"start":{"line":43,"column":26},"end":{"line":43,"column":27}},"loc":{"start":{"line":43,"column":44},"end":{"line":51,"column":7}},"line":43},"6":{"name":"(anonymous_6)","decl":{"start":{"line":55,"column":24},"end":{"line":55,"column":25}},"loc":{"start":{"line":55,"column":36},"end":{"line":109,"column":3}},"line":55},"7":{"name":"(anonymous_7)","decl":{"start":{"line":95,"column":20},"end":{"line":95,"column":21}},"loc":{"start":{"line":95,"column":29},"end":{"line":95,"column":88}},"line":95},"8":{"name":"(anonymous_8)","decl":{"start":{"line":161,"column":29},"end":{"line":161,"column":30}},"loc":{"start":{"line":161,"column":35},"end":{"line":161,"column":61}},"line":161},"9":{"name":"(anonymous_9)","decl":{"start":{"line":194,"column":119},"end":{"line":194,"column":120}},"loc":{"start":{"line":195,"column":18},"end":{"line":198,"column":24}},"line":195},"10":{"name":"(anonymous_10)","decl":{"start":{"line":218,"column":30},"end":{"line":218,"column":31}},"loc":{"start":{"line":219,"column":18},"end":{"line":248,"column":24}},"line":219},"11":{"name":"(anonymous_11)","decl":{"start":{"line":230,"column":47},"end":{"line":230,"column":48}},"loc":{"start":{"line":230,"column":57},"end":{"line":230,"column":66}},"line":230},"12":{"name":"(anonymous_12)","decl":{"start":{"line":235,"column":38},"end":{"line":235,"column":39}},"loc":{"start":{"line":236,"column":22},"end":{"line":246,"column":28}},"line":236}},"branchMap":{"0":{"loc":{"start":{"line":19,"column":42},"end":{"line":19,"column":62}},"type":"binary-expr","locations":[{"start":{"line":19,"column":42},"end":{"line":19,"column":56}},{"start":{"line":19,"column":60},"end":{"line":19,"column":62}}],"line":19},"1":{"loc":{"start":{"line":25,"column":30},"end":{"line":25,"column":51}},"type":"binary-expr","locations":[{"start":{"line":25,"column":30},"end":{"line":25,"column":45}},{"start":{"line":25,"column":49},"end":{"line":25,"column":51}}],"line":25},"2":{"loc":{"start":{"line":28,"column":4},"end":{"line":28,"column":45}},"type":"if","locations":[{"start":{"line":28,"column":4},"end":{"line":28,"column":45}},{"start":{},"end":{}}],"line":28},"3":{"loc":{"start":{"line":35,"column":34},"end":{"line":35,"column":130}},"type":"binary-expr","locations":[{"start":{"line":35,"column":34},"end":{"line":35,"column":46}},{"start":{"line":35,"column":50},"end":{"line":35,"column":69}},{"start":{"line":35,"column":73},"end":{"line":35,"column":96}},{"start":{"line":35,"column":100},"end":{"line":35,"column":110}},{"start":{"line":35,"column":114},"end":{"line":35,"column":130}}],"line":35},"4":{"loc":{"start":{"line":36,"column":35},"end":{"line":36,"column":125}},"type":"binary-expr","locations":[{"start":{"line":36,"column":35},"end":{"line":36,"column":57}},{"start":{"line":36,"column":61},"end":{"line":36,"column":125}}],"line":36},"5":{"loc":{"start":{"line":36,"column":64},"end":{"line":36,"column":124}},"type":"binary-expr","locations":[{"start":{"line":36,"column":64},"end":{"line":36,"column":74}},{"start":{"line":36,"column":78},"end":{"line":36,"column":97}},{"start":{"line":36,"column":101},"end":{"line":36,"column":124}}],"line":36},"6":{"loc":{"start":{"line":56,"column":4},"end":{"line":63,"column":5}},"type":"if","locations":[{"start":{"line":56,"column":4},"end":{"line":63,"column":5}},{"start":{},"end":{}}],"line":56},"7":{"loc":{"start":{"line":77,"column":6},"end":{"line":84,"column":7}},"type":"if","locations":[{"start":{"line":77,"column":6},"end":{"line":84,"column":7}},{"start":{},"end":{}}],"line":77},"8":{"loc":{"start":{"line":86,"column":6},"end":{"line":97,"column":7}},"type":"if","locations":[{"start":{"line":86,"column":6},"end":{"line":97,"column":7}},{"start":{},"end":{}}],"line":86},"9":{"loc":{"start":{"line":103,"column":21},"end":{"line":103,"column":67}},"type":"binary-expr","locations":[{"start":{"line":103,"column":21},"end":{"line":103,"column":35}},{"start":{"line":103,"column":39},"end":{"line":103,"column":67}}],"line":103},"10":{"loc":{"start":{"line":114,"column":7},"end":{"line":131,"column":7}},"type":"binary-expr","locations":[{"start":{"line":114,"column":7},"end":{"line":114,"column":19}},{"start":{"line":115,"column":8},"end":{"line":130,"column":14}}],"line":114},"11":{"loc":{"start":{"line":162,"column":109},"end":{"line":164,"column":81}},"type":"cond-expr","locations":[{"start":{"line":163,"column":24},"end":{"line":163,"column":64}},{"start":{"line":164,"column":24},"end":{"line":164,"column":81}}],"line":162},"12":{"loc":{"start":{"line":175,"column":23},"end":{"line":177,"column":23}},"type":"binary-expr","locations":[{"start":{"line":175,"column":23},"end":{"line":175,"column":63}},{"start":{"line":176,"column":24},"end":{"line":176,"column":129}}],"line":175},"13":{"loc":{"start":{"line":179,"column":21},"end":{"line":179,"column":101}},"type":"binary-expr","locations":[{"start":{"line":179,"column":21},"end":{"line":179,"column":47}},{"start":{"line":179,"column":51},"end":{"line":179,"column":101}}],"line":179},"14":{"loc":{"start":{"line":269,"column":21},"end":{"line":269,"column":74}},"type":"cond-expr","locations":[{"start":{"line":269,"column":36},"end":{"line":269,"column":51}},{"start":{"line":269,"column":54},"end":{"line":269,"column":74}}],"line":269}},"s":{"0":1,"1":48,"2":48,"3":48,"4":47,"5":47,"6":47,"7":47,"8":47,"9":47,"10":50,"11":50,"12":49,"13":50,"14":50,"15":47,"16":47,"17":4,"18":47,"19":11,"20":47,"21":12,"22":13,"23":47,"24":13,"25":1,"26":1,"27":12,"28":12,"29":12,"30":12,"31":12,"32":11,"33":11,"34":4,"35":4,"36":7,"37":7,"38":7,"39":7,"40":7,"41":0,"42":7,"43":1,"44":1,"45":12,"46":47,"47":1,"48":188,"49":49,"50":50,"51":50},"f":{"0":48,"1":50,"2":4,"3":11,"4":12,"5":13,"6":13,"7":0,"8":1,"9":188,"10":49,"11":50,"12":50},"b":{"0":[47,0],"1":[47,0],"2":[49,1],"3":[4,3,2,1,0],"4":[11,7],"5":[7,7,7],"6":[1,12],"7":[4,7],"8":[7,0],"9":[1,0],"10":[47,12],"11":[47,0],"12":[47,46],"13":[47,47],"14":[12,35]},"_coverageSchema":"1a1c01bbd47fc00a2c39e90264f33305004495a9","hash":"fdffb95e8df77955c960e0ea0231285345907352"}
,"D:\\HOC_KY_5\\BatteryStationManagement\\fullstack-BatterySwapProject\\fe\\src\\pages\\driver\\Reservation.jsx": {"path":"D:\\HOC_KY_5\\BatteryStationManagement\\fullstack-BatterySwapProject\\fe\\src\\pages\\driver\\Reservation.jsx","statementMap":{"0":{"start":{"line":15,"column":20},"end":{"line":535,"column":1}},"1":{"start":{"line":16,"column":23},"end":{"line":16,"column":48}},"2":{"start":{"line":17,"column":19},"end":{"line":17,"column":32}},"3":{"start":{"line":18,"column":20},"end":{"line":18,"column":30}},"4":{"start":{"line":21,"column":28},"end":{"line":21,"column":53}},"5":{"start":{"line":24,"column":22},"end":{"line":24,"column":51}},"6":{"start":{"line":25,"column":46},"end":{"line":25,"column":61}},"7":{"start":{"line":27,"column":2},"end":{"line":29,"column":22}},"8":{"start":{"line":28,"column":4},"end":{"line":28,"column":44}},"9":{"start":{"line":28,"column":23},"end":{"line":28,"column":44}},"10":{"start":{"line":32,"column":16},"end":{"line":35,"column":3}},"11":{"start":{"line":33,"column":10},"end":{"line":33,"column":72}},"12":{"start":{"line":33,"column":48},"end":{"line":33,"column":71}},"13":{"start":{"line":38,"column":34},"end":{"line":38,"column":48}},"14":{"start":{"line":40,"column":2},"end":{"line":44,"column":24}},"15":{"start":{"line":41,"column":4},"end":{"line":43,"column":5}},"16":{"start":{"line":42,"column":6},"end":{"line":42,"column":51}},"17":{"start":{"line":46,"column":42},"end":{"line":46,"column":56}},"18":{"start":{"line":48,"column":2},"end":{"line":59,"column":8}},"19":{"start":{"line":49,"column":30},"end":{"line":57,"column":5}},"20":{"start":{"line":50,"column":6},"end":{"line":56,"column":7}},"21":{"start":{"line":51,"column":20},"end":{"line":51,"column":47}},"22":{"start":{"line":52,"column":8},"end":{"line":52,"column":48}},"23":{"start":{"line":53,"column":8},"end":{"line":53,"column":45}},"24":{"start":{"line":55,"column":8},"end":{"line":55,"column":62}},"25":{"start":{"line":58,"column":4},"end":{"line":58,"column":24}},"26":{"start":{"line":63,"column":22},"end":{"line":72,"column":3}},"27":{"start":{"line":64,"column":4},"end":{"line":71,"column":8}},"28":{"start":{"line":64,"column":21},"end":{"line":71,"column":5}},"29":{"start":{"line":75,"column":20},"end":{"line":79,"column":3}},"30":{"start":{"line":82,"column":25},"end":{"line":85,"column":3}},"31":{"start":{"line":83,"column":10},"end":{"line":83,"column":60}},"32":{"start":{"line":83,"column":33},"end":{"line":83,"column":56}},"33":{"start":{"line":88,"column":25},"end":{"line":101,"column":3}},"34":{"start":{"line":89,"column":17},"end":{"line":89,"column":38}},"35":{"start":{"line":90,"column":4},"end":{"line":90,"column":27}},"36":{"start":{"line":90,"column":15},"end":{"line":90,"column":27}},"37":{"start":{"line":91,"column":16},"end":{"line":91,"column":26}},"38":{"start":{"line":93,"column":6},"end":{"line":95,"column":38}},"39":{"start":{"line":96,"column":4},"end":{"line":96,"column":31}},"40":{"start":{"line":96,"column":18},"end":{"line":96,"column":31}},"41":{"start":{"line":97,"column":19},"end":{"line":97,"column":46}},"42":{"start":{"line":98,"column":17},"end":{"line":98,"column":31}},"43":{"start":{"line":99,"column":4},"end":{"line":99,"column":30}},"44":{"start":{"line":100,"column":4},"end":{"line":100,"column":23}},"45":{"start":{"line":104,"column":25},"end":{"line":104,"column":63}},"46":{"start":{"line":105,"column":24},"end":{"line":105,"column":79}},"47":{"start":{"line":105,"column":43},"end":{"line":105,"column":78}},"48":{"start":{"line":106,"column":24},"end":{"line":109,"column":4}},"49":{"start":{"line":107,"column":14},"end":{"line":107,"column":41}},"50":{"start":{"line":108,"column":4},"end":{"line":108,"column":34}},"51":{"start":{"line":111,"column":22},"end":{"line":111,"column":87}},"52":{"start":{"line":112,"column":20},"end":{"line":117,"column":3}},"53":{"start":{"line":118,"column":26},"end":{"line":122,"column":5}},"54":{"start":{"line":118,"column":53},"end":{"line":122,"column":3}},"55":{"start":{"line":125,"column":32},"end":{"line":125,"column":115}},"56":{"start":{"line":128,"column":36},"end":{"line":198,"column":3}},"57":{"start":{"line":129,"column":4},"end":{"line":129,"column":49}},"58":{"start":{"line":129,"column":42},"end":{"line":129,"column":49}},"59":{"start":{"line":131,"column":4},"end":{"line":131,"column":28}},"60":{"start":{"line":132,"column":4},"end":{"line":197,"column":5}},"61":{"start":{"line":134,"column":26},"end":{"line":149,"column":7}},"62":{"start":{"line":136,"column":28},"end":{"line":136,"column":54}},"63":{"start":{"line":137,"column":27},"end":{"line":137,"column":40}},"64":{"start":{"line":139,"column":10},"end":{"line":147,"column":12}},"65":{"start":{"line":151,"column":6},"end":{"line":151,"column":71}},"66":{"start":{"line":154,"column":25},"end":{"line":154,"column":68}},"67":{"start":{"line":155,"column":6},"end":{"line":155,"column":51}},"68":{"start":{"line":158,"column":6},"end":{"line":160,"column":7}},"69":{"start":{"line":159,"column":8},"end":{"line":159,"column":71}},"70":{"start":{"line":164,"column":25},"end":{"line":164,"column":80}},"71":{"start":{"line":164,"column":67},"end":{"line":164,"column":79}},"72":{"start":{"line":167,"column":25},"end":{"line":167,"column":67}},"73":{"start":{"line":168,"column":6},"end":{"line":168,"column":51}},"74":{"start":{"line":170,"column":6},"end":{"line":172,"column":7}},"75":{"start":{"line":171,"column":8},"end":{"line":171,"column":49}},"76":{"start":{"line":175,"column":6},"end":{"line":175,"column":61}},"77":{"start":{"line":177,"column":6},"end":{"line":181,"column":9}},"78":{"start":{"line":184,"column":6},"end":{"line":186,"column":15}},"79":{"start":{"line":185,"column":8},"end":{"line":185,"column":44}},"80":{"start":{"line":189,"column":6},"end":{"line":189,"column":58}},"81":{"start":{"line":190,"column":6},"end":{"line":194,"column":9}},"82":{"start":{"line":196,"column":6},"end":{"line":196,"column":31}},"83":{"start":{"line":200,"column":2},"end":{"line":534,"column":4}},"84":{"start":{"line":240,"column":27},"end":{"line":240,"column":50}},"85":{"start":{"line":241,"column":28},"end":{"line":241,"column":50}},"86":{"start":{"line":242,"column":29},"end":{"line":242,"column":46}},"87":{"start":{"line":243,"column":27},"end":{"line":243,"column":55}},"88":{"start":{"line":244,"column":33},"end":{"line":244,"column":48}},"89":{"start":{"line":246,"column":16},"end":{"line":297,"column":18}},"90":{"start":{"line":250,"column":37},"end":{"line":250,"column":52}},"91":{"start":{"line":318,"column":42},"end":{"line":318,"column":83}},"92":{"start":{"line":322,"column":34},"end":{"line":322,"column":48}},"93":{"start":{"line":322,"column":50},"end":{"line":322,"column":73}},"94":{"start":{"line":323,"column":38},"end":{"line":323,"column":48}},"95":{"start":{"line":323,"column":50},"end":{"line":323,"column":77}},"96":{"start":{"line":324,"column":40},"end":{"line":324,"column":55}},"97":{"start":{"line":324,"column":57},"end":{"line":324,"column":94}},"98":{"start":{"line":325,"column":24},"end":{"line":325,"column":56}},"99":{"start":{"line":329,"column":36},"end":{"line":329,"column":50}},"100":{"start":{"line":329,"column":52},"end":{"line":329,"column":75}},"101":{"start":{"line":330,"column":40},"end":{"line":330,"column":50}},"102":{"start":{"line":330,"column":52},"end":{"line":330,"column":79}},"103":{"start":{"line":331,"column":42},"end":{"line":331,"column":57}},"104":{"start":{"line":331,"column":59},"end":{"line":331,"column":96}},"105":{"start":{"line":332,"column":26},"end":{"line":332,"column":60}},"106":{"start":{"line":360,"column":39},"end":{"line":360,"column":69}},"107":{"start":{"line":361,"column":37},"end":{"line":361,"column":76}},"108":{"start":{"line":362,"column":22},"end":{"line":376,"column":24}},"109":{"start":{"line":366,"column":41},"end":{"line":366,"column":85}},"110":{"start":{"line":398,"column":29},"end":{"line":398,"column":52}},"111":{"start":{"line":399,"column":30},"end":{"line":399,"column":52}},"112":{"start":{"line":400,"column":31},"end":{"line":400,"column":48}},"113":{"start":{"line":401,"column":29},"end":{"line":401,"column":57}},"114":{"start":{"line":402,"column":31},"end":{"line":402,"column":43}},"115":{"start":{"line":403,"column":31},"end":{"line":403,"column":43}},"116":{"start":{"line":405,"column":18},"end":{"line":445,"column":20}},"117":{"start":{"line":420,"column":43},"end":{"line":420,"column":58}}},"fnMap":{"0":{"name":"(anonymous_0)","decl":{"start":{"line":15,"column":20},"end":{"line":15,"column":21}},"loc":{"start":{"line":15,"column":26},"end":{"line":535,"column":1}},"line":15},"1":{"name":"(anonymous_1)","decl":{"start":{"line":27,"column":12},"end":{"line":27,"column":13}},"loc":{"start":{"line":27,"column":18},"end":{"line":29,"column":3}},"line":27},"2":{"name":"(anonymous_2)","decl":{"start":{"line":33,"column":4},"end":{"line":33,"column":5}},"loc":{"start":{"line":33,"column":10},"end":{"line":33,"column":72}},"line":33},"3":{"name":"(anonymous_3)","decl":{"start":{"line":33,"column":41},"end":{"line":33,"column":42}},"loc":{"start":{"line":33,"column":48},"end":{"line":33,"column":71}},"line":33},"4":{"name":"(anonymous_4)","decl":{"start":{"line":40,"column":12},"end":{"line":40,"column":13}},"loc":{"start":{"line":40,"column":18},"end":{"line":44,"column":3}},"line":40},"5":{"name":"(anonymous_5)","decl":{"start":{"line":48,"column":12},"end":{"line":48,"column":13}},"loc":{"start":{"line":48,"column":18},"end":{"line":59,"column":3}},"line":48},"6":{"name":"(anonymous_6)","decl":{"start":{"line":49,"column":30},"end":{"line":49,"column":31}},"loc":{"start":{"line":49,"column":42},"end":{"line":57,"column":5}},"line":49},"7":{"name":"(anonymous_7)","decl":{"start":{"line":63,"column":22},"end":{"line":63,"column":23}},"loc":{"start":{"line":63,"column":53},"end":{"line":72,"column":3}},"line":63},"8":{"name":"(anonymous_8)","decl":{"start":{"line":64,"column":10},"end":{"line":64,"column":11}},"loc":{"start":{"line":64,"column":21},"end":{"line":71,"column":5}},"line":64},"9":{"name":"(anonymous_9)","decl":{"start":{"line":83,"column":4},"end":{"line":83,"column":5}},"loc":{"start":{"line":83,"column":10},"end":{"line":83,"column":60}},"line":83},"10":{"name":"(anonymous_10)","decl":{"start":{"line":83,"column":23},"end":{"line":83,"column":24}},"loc":{"start":{"line":83,"column":33},"end":{"line":83,"column":56}},"line":83},"11":{"name":"(anonymous_11)","decl":{"start":{"line":88,"column":25},"end":{"line":88,"column":26}},"loc":{"start":{"line":88,"column":46},"end":{"line":101,"column":3}},"line":88},"12":{"name":"(anonymous_12)","decl":{"start":{"line":105,"column":36},"end":{"line":105,"column":37}},"loc":{"start":{"line":105,"column":43},"end":{"line":105,"column":78}},"line":105},"13":{"name":"(anonymous_13)","decl":{"start":{"line":106,"column":36},"end":{"line":106,"column":37}},"loc":{"start":{"line":106,"column":43},"end":{"line":109,"column":3}},"line":106},"14":{"name":"(anonymous_14)","decl":{"start":{"line":118,"column":40},"end":{"line":118,"column":41}},"loc":{"start":{"line":118,"column":53},"end":{"line":122,"column":3}},"line":118},"15":{"name":"(anonymous_15)","decl":{"start":{"line":128,"column":36},"end":{"line":128,"column":37}},"loc":{"start":{"line":128,"column":48},"end":{"line":198,"column":3}},"line":128},"16":{"name":"(anonymous_16)","decl":{"start":{"line":135,"column":28},"end":{"line":135,"column":29}},"loc":{"start":{"line":135,"column":45},"end":{"line":148,"column":9}},"line":135},"17":{"name":"(anonymous_17)","decl":{"start":{"line":164,"column":61},"end":{"line":164,"column":62}},"loc":{"start":{"line":164,"column":67},"end":{"line":164,"column":79}},"line":164},"18":{"name":"(anonymous_18)","decl":{"start":{"line":184,"column":17},"end":{"line":184,"column":18}},"loc":{"start":{"line":184,"column":23},"end":{"line":186,"column":7}},"line":184},"19":{"name":"(anonymous_19)","decl":{"start":{"line":239,"column":25},"end":{"line":239,"column":26}},"loc":{"start":{"line":239,"column":35},"end":{"line":298,"column":15}},"line":239},"20":{"name":"(anonymous_20)","decl":{"start":{"line":250,"column":31},"end":{"line":250,"column":32}},"loc":{"start":{"line":250,"column":37},"end":{"line":250,"column":52}},"line":250},"21":{"name":"(anonymous_21)","decl":{"start":{"line":318,"column":32},"end":{"line":318,"column":33}},"loc":{"start":{"line":318,"column":42},"end":{"line":318,"column":83}},"line":318},"22":{"name":"(anonymous_22)","decl":{"start":{"line":321,"column":32},"end":{"line":321,"column":33}},"loc":{"start":{"line":321,"column":42},"end":{"line":326,"column":23}},"line":321},"23":{"name":"(anonymous_23)","decl":{"start":{"line":328,"column":35},"end":{"line":328,"column":36}},"loc":{"start":{"line":328,"column":45},"end":{"line":333,"column":25}},"line":328},"24":{"name":"(anonymous_24)","decl":{"start":{"line":359,"column":35},"end":{"line":359,"column":36}},"loc":{"start":{"line":359,"column":45},"end":{"line":377,"column":21}},"line":359},"25":{"name":"(anonymous_25)","decl":{"start":{"line":366,"column":35},"end":{"line":366,"column":36}},"loc":{"start":{"line":366,"column":41},"end":{"line":366,"column":85}},"line":366},"26":{"name":"(anonymous_26)","decl":{"start":{"line":397,"column":27},"end":{"line":397,"column":28}},"loc":{"start":{"line":397,"column":37},"end":{"line":446,"column":17}},"line":397},"27":{"name":"(anonymous_27)","decl":{"start":{"line":420,"column":37},"end":{"line":420,"column":38}},"loc":{"start":{"line":420,"column":43},"end":{"line":420,"column":58}},"line":420}},"branchMap":{"0":{"loc":{"start":{"line":21,"column":28},"end":{"line":21,"column":53}},"type":"binary-expr","locations":[{"start":{"line":21,"column":28},"end":{"line":21,"column":47}},{"start":{"line":21,"column":51},"end":{"line":21,"column":53}}],"line":21},"1":{"loc":{"start":{"line":24,"column":31},"end":{"line":24,"column":50}},"type":"binary-expr","locations":[{"start":{"line":24,"column":31},"end":{"line":24,"column":44}},{"start":{"line":24,"column":48},"end":{"line":24,"column":50}}],"line":24},"2":{"loc":{"start":{"line":28,"column":4},"end":{"line":28,"column":44}},"type":"if","locations":[{"start":{"line":28,"column":4},"end":{"line":28,"column":44}},{"start":{},"end":{}}],"line":28},"3":{"loc":{"start":{"line":33,"column":24},"end":{"line":33,"column":32}},"type":"binary-expr","locations":[{"start":{"line":33,"column":24},"end":{"line":33,"column":26}},{"start":{"line":33,"column":30},"end":{"line":33,"column":32}}],"line":33},"4":{"loc":{"start":{"line":33,"column":55},"end":{"line":33,"column":66}},"type":"binary-expr","locations":[{"start":{"line":33,"column":55},"end":{"line":33,"column":61}},{"start":{"line":33,"column":65},"end":{"line":33,"column":66}}],"line":33},"5":{"loc":{"start":{"line":41,"column":4},"end":{"line":43,"column":5}},"type":"if","locations":[{"start":{"line":41,"column":4},"end":{"line":43,"column":5}},{"start":{},"end":{}}],"line":41},"6":{"loc":{"start":{"line":41,"column":8},"end":{"line":41,"column":37}},"type":"binary-expr","locations":[{"start":{"line":41,"column":8},"end":{"line":41,"column":17}},{"start":{"line":41,"column":21},"end":{"line":41,"column":37}}],"line":41},"7":{"loc":{"start":{"line":53,"column":24},"end":{"line":53,"column":43}},"type":"binary-expr","locations":[{"start":{"line":53,"column":24},"end":{"line":53,"column":34}},{"start":{"line":53,"column":38},"end":{"line":53,"column":43}}],"line":53},"8":{"loc":{"start":{"line":68,"column":14},"end":{"line":68,"column":43}},"type":"binary-expr","locations":[{"start":{"line":68,"column":14},"end":{"line":68,"column":18}},{"start":{"line":68,"column":22},"end":{"line":68,"column":43}}],"line":68},"9":{"loc":{"start":{"line":69,"column":14},"end":{"line":69,"column":43}},"type":"binary-expr","locations":[{"start":{"line":69,"column":14},"end":{"line":69,"column":18}},{"start":{"line":69,"column":22},"end":{"line":69,"column":43}}],"line":69},"10":{"loc":{"start":{"line":83,"column":44},"end":{"line":83,"column":55}},"type":"binary-expr","locations":[{"start":{"line":83,"column":44},"end":{"line":83,"column":50}},{"start":{"line":83,"column":54},"end":{"line":83,"column":55}}],"line":83},"11":{"loc":{"start":{"line":90,"column":4},"end":{"line":90,"column":27}},"type":"if","locations":[{"start":{"line":90,"column":4},"end":{"line":90,"column":27}},{"start":{},"end":{}}],"line":90},"12":{"loc":{"start":{"line":93,"column":6},"end":{"line":95,"column":38}},"type":"binary-expr","locations":[{"start":{"line":93,"column":6},"end":{"line":93,"column":46}},{"start":{"line":94,"column":6},"end":{"line":94,"column":40}},{"start":{"line":95,"column":6},"end":{"line":95,"column":38}}],"line":93},"13":{"loc":{"start":{"line":96,"column":4},"end":{"line":96,"column":31}},"type":"if","locations":[{"start":{"line":96,"column":4},"end":{"line":96,"column":31}},{"start":{},"end":{}}],"line":96},"14":{"loc":{"start":{"line":104,"column":25},"end":{"line":104,"column":63}},"type":"binary-expr","locations":[{"start":{"line":104,"column":25},"end":{"line":104,"column":41}},{"start":{"line":104,"column":45},"end":{"line":104,"column":63}}],"line":104},"15":{"loc":{"start":{"line":108,"column":11},"end":{"line":108,"column":33}},"type":"binary-expr","locations":[{"start":{"line":108,"column":11},"end":{"line":108,"column":20}},{"start":{"line":108,"column":24},"end":{"line":108,"column":33}}],"line":108},"16":{"loc":{"start":{"line":111,"column":22},"end":{"line":111,"column":87}},"type":"cond-expr","locations":[{"start":{"line":111,"column":40},"end":{"line":111,"column":41}},{"start":{"line":111,"column":44},"end":{"line":111,"column":87}}],"line":111},"17":{"loc":{"start":{"line":111,"column":44},"end":{"line":111,"column":87}},"type":"cond-expr","locations":[{"start":{"line":111,"column":61},"end":{"line":111,"column":62}},{"start":{"line":111,"column":65},"end":{"line":111,"column":87}}],"line":111},"18":{"loc":{"start":{"line":111,"column":65},"end":{"line":111,"column":87}},"type":"cond-expr","locations":[{"start":{"line":111,"column":82},"end":{"line":111,"column":83}},{"start":{"line":111,"column":86},"end":{"line":111,"column":87}}],"line":111},"19":{"loc":{"start":{"line":120,"column":12},"end":{"line":120,"column":83}},"type":"cond-expr","locations":[{"start":{"line":120,"column":32},"end":{"line":120,"column":40}},{"start":{"line":120,"column":43},"end":{"line":120,"column":83}}],"line":120},"20":{"loc":{"start":{"line":120,"column":43},"end":{"line":120,"column":83}},"type":"cond-expr","locations":[{"start":{"line":120,"column":65},"end":{"line":120,"column":74}},{"start":{"line":120,"column":77},"end":{"line":120,"column":83}}],"line":120},"21":{"loc":{"start":{"line":121,"column":10},"end":{"line":121,"column":60}},"type":"cond-expr","locations":[{"start":{"line":121,"column":32},"end":{"line":121,"column":51}},{"start":{"line":121,"column":54},"end":{"line":121,"column":60}}],"line":121},"22":{"loc":{"start":{"line":125,"column":32},"end":{"line":125,"column":115}},"type":"binary-expr","locations":[{"start":{"line":125,"column":32},"end":{"line":125,"column":62}},{"start":{"line":125,"column":66},"end":{"line":125,"column":115}}],"line":125},"23":{"loc":{"start":{"line":129,"column":4},"end":{"line":129,"column":49}},"type":"if","locations":[{"start":{"line":129,"column":4},"end":{"line":129,"column":49}},{"start":{},"end":{}}],"line":129},"24":{"loc":{"start":{"line":129,"column":8},"end":{"line":129,"column":40}},"type":"binary-expr","locations":[{"start":{"line":129,"column":8},"end":{"line":129,"column":22}},{"start":{"line":129,"column":26},"end":{"line":129,"column":40}}],"line":129},"25":{"loc":{"start":{"line":145,"column":33},"end":{"line":145,"column":46}},"type":"binary-expr","locations":[{"start":{"line":145,"column":33},"end":{"line":145,"column":41}},{"start":{"line":145,"column":45},"end":{"line":145,"column":46}}],"line":145},"26":{"loc":{"start":{"line":158,"column":6},"end":{"line":160,"column":7}},"type":"if","locations":[{"start":{"line":158,"column":6},"end":{"line":160,"column":7}},{"start":{},"end":{}}],"line":158},"27":{"loc":{"start":{"line":158,"column":10},"end":{"line":158,"column":49}},"type":"binary-expr","locations":[{"start":{"line":158,"column":10},"end":{"line":158,"column":29}},{"start":{"line":158,"column":33},"end":{"line":158,"column":49}}],"line":158},"28":{"loc":{"start":{"line":159,"column":24},"end":{"line":159,"column":69}},"type":"binary-expr","locations":[{"start":{"line":159,"column":24},"end":{"line":159,"column":42}},{"start":{"line":159,"column":46},"end":{"line":159,"column":69}}],"line":159},"29":{"loc":{"start":{"line":170,"column":6},"end":{"line":172,"column":7}},"type":"if","locations":[{"start":{"line":170,"column":6},"end":{"line":172,"column":7}},{"start":{},"end":{}}],"line":170},"30":{"loc":{"start":{"line":192,"column":21},"end":{"line":192,"column":67}},"type":"binary-expr","locations":[{"start":{"line":192,"column":21},"end":{"line":192,"column":35}},{"start":{"line":192,"column":39},"end":{"line":192,"column":67}}],"line":192},"31":{"loc":{"start":{"line":233,"column":15},"end":{"line":237,"column":15}},"type":"binary-expr","locations":[{"start":{"line":233,"column":15},"end":{"line":233,"column":33}},{"start":{"line":234,"column":16},"end":{"line":236,"column":30}}],"line":233},"32":{"loc":{"start":{"line":240,"column":27},"end":{"line":240,"column":50}},"type":"binary-expr","locations":[{"start":{"line":240,"column":27},"end":{"line":240,"column":44}},{"start":{"line":240,"column":48},"end":{"line":240,"column":50}}],"line":240},"33":{"loc":{"start":{"line":241,"column":35},"end":{"line":241,"column":49}},"type":"binary-expr","locations":[{"start":{"line":241,"column":35},"end":{"line":241,"column":44}},{"start":{"line":241,"column":48},"end":{"line":241,"column":49}}],"line":241},"34":{"loc":{"start":{"line":251,"column":81},"end":{"line":251,"column":163}},"type":"cond-expr","locations":[{"start":{"line":251,"column":92},"end":{"line":251,"column":139}},{"start":{"line":251,"column":142},"end":{"line":251,"column":163}}],"line":251},"35":{"loc":{"start":{"line":255,"column":78},"end":{"line":255,"column":100}},"type":"binary-expr","locations":[{"start":{"line":255,"column":78},"end":{"line":255,"column":93}},{"start":{"line":255,"column":97},"end":{"line":255,"column":100}}],"line":255},"36":{"loc":{"start":{"line":258,"column":53},"end":{"line":258,"column":71}},"type":"binary-expr","locations":[{"start":{"line":258,"column":53},"end":{"line":258,"column":64}},{"start":{"line":258,"column":68},"end":{"line":258,"column":71}}],"line":258},"37":{"loc":{"start":{"line":260,"column":25},"end":{"line":273,"column":25}},"type":"binary-expr","locations":[{"start":{"line":260,"column":25},"end":{"line":260,"column":42}},{"start":{"line":261,"column":26},"end":{"line":272,"column":32}}],"line":260},"38":{"loc":{"start":{"line":264,"column":44},"end":{"line":264,"column":79}},"type":"binary-expr","locations":[{"start":{"line":264,"column":44},"end":{"line":264,"column":72}},{"start":{"line":264,"column":76},"end":{"line":264,"column":79}}],"line":264},"39":{"loc":{"start":{"line":265,"column":31},"end":{"line":267,"column":31}},"type":"binary-expr","locations":[{"start":{"line":265,"column":31},"end":{"line":265,"column":59}},{"start":{"line":266,"column":32},"end":{"line":266,"column":88}}],"line":265},"40":{"loc":{"start":{"line":268,"column":31},"end":{"line":270,"column":31}},"type":"binary-expr","locations":[{"start":{"line":268,"column":31},"end":{"line":268,"column":83}},{"start":{"line":269,"column":32},"end":{"line":269,"column":91}}],"line":268},"41":{"loc":{"start":{"line":269,"column":44},"end":{"line":269,"column":78}},"type":"binary-expr","locations":[{"start":{"line":269,"column":44},"end":{"line":269,"column":73}},{"start":{"line":269,"column":77},"end":{"line":269,"column":78}}],"line":269},"42":{"loc":{"start":{"line":282,"column":39},"end":{"line":282,"column":50}},"type":"binary-expr","locations":[{"start":{"line":282,"column":39},"end":{"line":282,"column":43}},{"start":{"line":282,"column":47},"end":{"line":282,"column":50}}],"line":282},"43":{"loc":{"start":{"line":302,"column":13},"end":{"line":343,"column":13}},"type":"binary-expr","locations":[{"start":{"line":302,"column":13},"end":{"line":302,"column":21}},{"start":{"line":303,"column":14},"end":{"line":342,"column":21}}],"line":302},"44":{"loc":{"start":{"line":325,"column":31},"end":{"line":325,"column":55}},"type":"binary-expr","locations":[{"start":{"line":325,"column":31},"end":{"line":325,"column":40}},{"start":{"line":325,"column":44},"end":{"line":325,"column":55}}],"line":325},"45":{"loc":{"start":{"line":332,"column":33},"end":{"line":332,"column":59}},"type":"binary-expr","locations":[{"start":{"line":332,"column":33},"end":{"line":332,"column":43}},{"start":{"line":332,"column":47},"end":{"line":332,"column":59}}],"line":332},"46":{"loc":{"start":{"line":346,"column":13},"end":{"line":381,"column":13}},"type":"binary-expr","locations":[{"start":{"line":346,"column":13},"end":{"line":346,"column":21}},{"start":{"line":347,"column":14},"end":{"line":380,"column":21}}],"line":346},"47":{"loc":{"start":{"line":361,"column":37},"end":{"line":361,"column":76}},"type":"binary-expr","locations":[{"start":{"line":361,"column":37},"end":{"line":361,"column":63}},{"start":{"line":361,"column":67},"end":{"line":361,"column":76}}],"line":361},"48":{"loc":{"start":{"line":366,"column":41},"end":{"line":366,"column":85}},"type":"binary-expr","locations":[{"start":{"line":366,"column":41},"end":{"line":366,"column":50}},{"start":{"line":366,"column":54},"end":{"line":366,"column":85}}],"line":366
[...]
lumn":64}},"line":146},"11":{"name":"(anonymous_11)","decl":{"start":{"line":171,"column":30},"end":{"line":171,"column":31}},"loc":{"start":{"line":171,"column":42},"end":{"line":216,"column":3}},"line":171},"12":{"name":"(anonymous_12)","decl":{"start":{"line":219,"column":33},"end":{"line":219,"column":34}},"loc":{"start":{"line":219,"column":45},"end":{"line":295,"column":3}},"line":219},"13":{"name":"(anonymous_13)","decl":{"start":{"line":297,"column":21},"end":{"line":297,"column":22}},"loc":{"start":{"line":297,"column":33},"end":{"line":326,"column":3}},"line":297},"14":{"name":"(anonymous_14)","decl":{"start":{"line":329,"column":21},"end":{"line":329,"column":22}},"loc":{"start":{"line":329,"column":37},"end":{"line":349,"column":3}},"line":329},"15":{"name":"(anonymous_15)","decl":{"start":{"line":333,"column":18},"end":{"line":333,"column":19}},"loc":{"start":{"line":333,"column":28},"end":{"line":336,"column":5}},"line":333},"16":{"name":"(anonymous_16)","decl":{"start":{"line":407,"column":33},"end":{"line":407,"column":34}},"loc":{"start":{"line":407,"column":39},"end":{"line":411,"column":25}},"line":407},"17":{"name":"(anonymous_17)","decl":{"start":{"line":448,"column":34},"end":{"line":448,"column":35}},"loc":{"start":{"line":448,"column":44},"end":{"line":460,"column":21}},"line":448},"18":{"name":"(anonymous_18)","decl":{"start":{"line":515,"column":22},"end":{"line":515,"column":23}},"loc":{"start":{"line":516,"column":18},"end":{"line":521,"column":24}},"line":516},"19":{"name":"(anonymous_19)","decl":{"start":{"line":550,"column":26},"end":{"line":550,"column":27}},"loc":{"start":{"line":551,"column":22},"end":{"line":559,"column":28}},"line":551},"20":{"name":"(anonymous_20)","decl":{"start":{"line":594,"column":36},"end":{"line":594,"column":37}},"loc":{"start":{"line":594,"column":43},"end":{"line":597,"column":27}},"line":594},"21":{"name":"(anonymous_21)","decl":{"start":{"line":679,"column":33},"end":{"line":679,"column":34}},"loc":{"start":{"line":679,"column":39},"end":{"line":679,"column":70}},"line":679},"22":{"name":"(anonymous_22)","decl":{"start":{"line":729,"column":26},"end":{"line":729,"column":27}},"loc":{"start":{"line":729,"column":33},"end":{"line":729,"column":102}},"line":729},"23":{"name":"(anonymous_23)","decl":{"start":{"line":746,"column":26},"end":{"line":746,"column":27}},"loc":{"start":{"line":746,"column":33},"end":{"line":746,"column":119}},"line":746},"24":{"name":"(anonymous_24)","decl":{"start":{"line":760,"column":26},"end":{"line":760,"column":27}},"loc":{"start":{"line":760,"column":33},"end":{"line":760,"column":104}},"line":760},"25":{"name":"(anonymous_25)","decl":{"start":{"line":778,"column":33},"end":{"line":778,"column":34}},"loc":{"start":{"line":778,"column":46},"end":{"line":778,"column":110}},"line":778},"26":{"name":"(anonymous_26)","decl":{"start":{"line":793,"column":30},"end":{"line":793,"column":31}},"loc":{"start":{"line":793,"column":37},"end":{"line":793,"column":107}},"line":793},"27":{"name":"(anonymous_27)","decl":{"start":{"line":806,"column":30},"end":{"line":806,"column":31}},"loc":{"start":{"line":806,"column":37},"end":{"line":806,"column":113}},"line":806},"28":{"name":"(anonymous_28)","decl":{"start":{"line":818,"column":23},"end":{"line":818,"column":24}},"loc":{"start":{"line":818,"column":29},"end":{"line":828,"column":15}},"line":818},"29":{"name":"(anonymous_29)","decl":{"start":{"line":870,"column":35},"end":{"line":870,"column":36}},"loc":{"start":{"line":871,"column":14},"end":{"line":873,"column":20}},"line":871},"30":{"name":"(anonymous_30)","decl":{"start":{"line":878,"column":23},"end":{"line":878,"column":24}},"loc":{"start":{"line":878,"column":29},"end":{"line":884,"column":15}},"line":878}},"branchMap":{"0":{"loc":{"start":{"line":49,"column":6},"end":{"line":51,"column":7}},"type":"if","locations":[{"start":{"line":49,"column":6},"end":{"line":51,"column":7}},{"start":{},"end":{}}],"line":49},"1":{"loc":{"start":{"line":67,"column":12},"end":{"line":67,"column":23}},"type":"binary-expr","locations":[{"start":{"line":67,"column":12},"end":{"line":67,"column":17}},{"start":{"line":67,"column":21},"end":{"line":67,"column":23}}],"line":67},"2":{"loc":{"start":{"line":71,"column":4},"end":{"line":71,"column":67}},"type":"if","locations":[{"start":{"line":71,"column":4},"end":{"line":71,"column":67}},{"start":{},"end":{}}],"line":71},"3":{"loc":{"start":{"line":73,"column":11},"end":{"line":73,"column":59}},"type":"cond-expr","locations":[{"start":{"line":73,"column":21},"end":{"line":73,"column":54}},{"start":{"line":73,"column":57},"end":{"line":73,"column":59}}],"line":73},"4":{"loc":{"start":{"line":79,"column":4},"end":{"line":82,"column":5}},"type":"if","locations":[{"start":{"line":79,"column":4},"end":{"line":82,"column":5}},{"start":{},"end":{}}],"line":79},"5":{"loc":{"start":{"line":85,"column":4},"end":{"line":88,"column":5}},"type":"if","locations":[{"start":{"line":85,"column":4},"end":{"line":88,"column":5}},{"start":{},"end":{}}],"line":85},"6":{"loc":{"start":{"line":97,"column":6},"end":{"line":105,"column":7}},"type":"if","locations":[{"start":{"line":97,"column":6},"end":{"line":105,"column":7}},{"start":{"line":103,"column":13},"end":{"line":105,"column":7}}],"line":97},"7":{"loc":{"start":{"line":104,"column":29},"end":{"line":104,"column":67}},"type":"binary-expr","locations":[{"start":{"line":104,"column":29},"end":{"line":104,"column":40}},{"start":{"line":104,"column":44},"end":{"line":104,"column":67}}],"line":104},"8":{"loc":{"start":{"line":119,"column":4},"end":{"line":122,"column":5}},"type":"if","locations":[{"start":{"line":119,"column":4},"end":{"line":122,"column":5}},{"start":{},"end":{}}],"line":119},"9":{"loc":{"start":{"line":125,"column":4},"end":{"line":128,"column":5}},"type":"if","locations":[{"start":{"line":125,"column":4},"end":{"line":128,"column":5}},{"start":{},"end":{}}],"line":125},"10":{"loc":{"start":{"line":140,"column":6},"end":{"line":157,"column":7}},"type":"if","locations":[{"start":{"line":140,"column":6},"end":{"line":157,"column":7}},{"start":{"line":155,"column":13},"end":{"line":157,"column":7}}],"line":140},"11":{"loc":{"start":{"line":156,"column":29},"end":{"line":156,"column":67}},"type":"binary-expr","locations":[{"start":{"line":156,"column":29},"end":{"line":156,"column":40}},{"start":{"line":156,"column":44},"end":{"line":156,"column":67}}],"line":156},"12":{"loc":{"start":{"line":172,"column":4},"end":{"line":179,"column":5}},"type":"if","locations":[{"start":{"line":172,"column":4},"end":{"line":179,"column":5}},{"start":{},"end":{}}],"line":172},"13":{"loc":{"start":{"line":189,"column":6},"end":{"line":206,"column":7}},"type":"if","locations":[{"start":{"line":189,"column":6},"end":{"line":206,"column":7}},{"start":{"line":199,"column":13},"end":{"line":206,"column":7}}],"line":189},"14":{"loc":{"start":{"line":192,"column":23},"end":{"line":192,"column":63}},"type":"binary-expr","locations":[{"start":{"line":192,"column":23},"end":{"line":192,"column":34}},{"start":{"line":192,"column":38},"end":{"line":192,"column":63}}],"line":192},"15":{"loc":{"start":{"line":202,"column":23},"end":{"line":202,"column":63}},"type":"binary-expr","locations":[{"start":{"line":202,"column":23},"end":{"line":202,"column":35}},{"start":{"line":202,"column":39},"end":{"line":202,"column":63}}],"line":202},"16":{"loc":{"start":{"line":210,"column":21},"end":{"line":210,"column":56}},"type":"binary-expr","locations":[{"start":{"line":210,"column":21},"end":{"line":210,"column":33}},{"start":{"line":210,"column":37},"end":{"line":210,"column":56}}],"line":210},"17":{"loc":{"start":{"line":220,"column":4},"end":{"line":227,"column":5}},"type":"if","locations":[{"start":{"line":220,"column":4},"end":{"line":227,"column":5}},{"start":{},"end":{}}],"line":220},"18":{"loc":{"start":{"line":229,"column":4},"end":{"line":236,"column":5}},"type":"if","locations":[{"start":{"line":229,"column":4},"end":{"line":236,"column":5}},{"start":{},"end":{}}],"line":229},"19":{"loc":{"start":{"line":238,"column":4},"end":{"line":245,"column":5}},"type":"if","locations":[{"start":{"line":238,"column":4},"end":{"line":245,"column":5}},{"start":{},"end":{}}],"line":238},"20":{"loc":{"start":{"line":238,"column":8},"end":{"line":238,"column":78}},"type":"binary-expr","locations":[{"start":{"line":238,"column":8},"end":{"line":238,"column":40}},{"start":{"line":238,"column":44},"end":{"line":238,"column":78}}],"line":238},"21":{"loc":{"start":{"line":255,"column":22},"end":{"line":255,"column":92}},"type":"cond-expr","locations":[{"start":{"line":255,"column":53},"end":{"line":255,"column":87}},{"start":{"line":255,"column":90},"end":{"line":255,"column":92}}],"line":255},"22":{"loc":{"start":{"line":256,"column":28},"end":{"line":256,"column":104}},"type":"cond-expr","locations":[{"start":{"line":256,"column":59},"end":{"line":256,"column":99}},{"start":{"line":256,"column":102},"end":{"line":256,"column":104}}],"line":256},"23":{"loc":{"start":{"line":263,"column":6},"end":{"line":285,"column":7}},"type":"if","locations":[{"start":{"line":263,"column":6},"end":{"line":285,"column":7}},{"start":{"line":279,"column":13},"end":{"line":285,"column":7}}],"line":263},"24":{"loc":{"start":{"line":266,"column":23},"end":{"line":266,"column":69}},"type":"binary-expr","locations":[{"start":{"line":266,"column":23},"end":{"line":266,"column":34}},{"start":{"line":266,"column":38},"end":{"line":266,"column":69}}],"line":266},"25":{"loc":{"start":{"line":282,"column":23},"end":{"line":282,"column":73}},"type":"binary-expr","locations":[{"start":{"line":282,"column":23},"end":{"line":282,"column":35}},{"start":{"line":282,"column":39},"end":{"line":282,"column":73}}],"line":282},"26":{"loc":{"start":{"line":289,"column":21},"end":{"line":289,"column":70}},"type":"binary-expr","locations":[{"start":{"line":289,"column":21},"end":{"line":289,"column":33}},{"start":{"line":289,"column":37},"end":{"line":289,"column":70}}],"line":289},"27":{"loc":{"start":{"line":302,"column":6},"end":{"line":316,"column":7}},"type":"if","locations":[{"start":{"line":302,"column":6},"end":{"line":316,"column":7}},{"start":{"line":309,"column":13},"end":{"line":316,"column":7}}],"line":302},"28":{"loc":{"start":{"line":302,"column":10},"end":{"line":302,"column":35}},"type":"binary-expr","locations":[{"start":{"line":302,"column":10},"end":{"line":302,"column":22}},{"start":{"line":302,"column":26},"end":{"line":302,"column":35}}],"line":302},"29":{"loc":{"start":{"line":312,"column":23},"end":{"line":312,"column":56}},"type":"binary-expr","locations":[{"start":{"line":312,"column":23},"end":{"line":312,"column":35}},{"start":{"line":312,"column":39},"end":{"line":312,"column":56}}],"line":312},"30":{"loc":{"start":{"line":320,"column":21},"end":{"line":320,"column":47}},"type":"binary-expr","locations":[{"start":{"line":320,"column":21},"end":{"line":320,"column":33}},{"start":{"line":320,"column":37},"end":{"line":320,"column":47}}],"line":320},"31":{"loc":{"start":{"line":331,"column":4},"end":{"line":331,"column":22}},"type":"if","locations":[{"start":{"line":331,"column":4},"end":{"line":331,"column":22}},{"start":{},"end":{}}],"line":331},"32":{"loc":{"start":{"line":334,"column":6},"end":{"line":334,"column":42}},"type":"if","locations":[{"start":{"line":334,"column":6},"end":{"line":334,"column":42}},{"start":{},"end":{}}],"line":334},"33":{"loc":{"start":{"line":385,"column":20},"end":{"line":387,"column":90}},"type":"cond-expr","locations":[{"start":{"line":386,"column":24},"end":{"line":386,"column":67}},{"start":{"line":387,"column":24},"end":{"line":387,"column":90}}],"line":385},"34":{"loc":{"start":{"line":391,"column":19},"end":{"line":398,"column":19}},"type":"binary-expr","locations":[{"start":{"line":391,"column":19},"end":{"line":391,"column":29}},{"start":{"line":392,"column":20},"end":{"line":397,"column":22}}],"line":391},"35":{"loc":{"start":{"line":396,"column":24},"end":{"line":396,"column":76}},"type":"cond-expr","locations":[{"start":{"line":396,"column":37},"end":{"line":396,"column":60}},{"start":{"line":396,"column":63},"end":{"line":396,"column":76}}],"line":396},"36":{"loc":{"start":{"line":401,"column":19},"end":{"line":416,"column":19}},"type":"binary-expr","locations":[{"start":{"line":401,"column":19},"end":{"line":401,"column":29}},{"start":{"line":401,"column":33},"end":{"line":401,"column":44}},{"start":{"line":402,"column":20},"end":{"line":415,"column":26}}],"line":401},"37":{"loc":{"start":{"line":408,"column":26},"end":{"line":408,"column":74}},"type":"if","locations":[{"start":{"line":408,"column":26},"end":{"line":408,"column":74}},{"start":{},"end":{}}],"line":408},"38":{"loc":{"start":{"line":419,"column":19},"end":{"line":426,"column":19}},"type":"binary-expr","locations":[{"start":{"line":419,"column":19},"end":{"line":419,"column":29}},{"start":{"line":420,"column":20},"end":{"line":425,"column":26}}],"line":419},"39":{"loc":{"start":{"line":429,"column":19},"end":{"line":434,"column":19}},"type":"binary-expr","locations":[{"start":{"line":429,"column":19},"end":{"line":429,"column":30}},{"start":{"line":429,"column":34},"end":{"line":429,"column":45}},{"start":{"line":430,"column":20},"end":{"line":433,"column":26}}],"line":429},"40":{"loc":{"start":{"line":437,"column":19},"end":{"line":441,"column":19}},"type":"binary-expr","locations":[{"start":{"line":437,"column":19},"end":{"line":437,"column":24}},{"start":{"line":438,"column":20},"end":{"line":440,"column":26}}],"line":437},"41":{"loc":{"start":{"line":450,"column":22},"end":{"line":457,"column":23}},"type":"if","locations":[{"start":{"line":450,"column":22},"end":{"line":457,"column":23}},{"start":{},"end":{}}],"line":450},"42":{"loc":{"start":{"line":476,"column":21},"end":{"line":488,"column":21}},"type":"cond-expr","locations":[{"start":{"line":477,"column":22},"end":{"line":482,"column":25}},{"start":{"line":484,"column":22},"end":{"line":487,"column":25}}],"line":476},"43":{"loc":{"start":{"line":529,"column":13},"end":{"line":699,"column":13}},"type":"cond-expr","locations":[{"start":{"line":530,"column":14},"end":{"line":690,"column":21}},{"start":{"line":692,"column":14},"end":{"line":698,"column":21}}],"line":529},"44":{"loc":{"start":{"line":598,"column":69},"end":{"line":600,"column":32}},"type":"cond-expr","locations":[{"start":{"line":599,"column":30},"end":{"line":599,"column":81}},{"start":{"line":600,"column":30},"end":{"line":600,"column":32}}],"line":598},"45":{"loc":{"start":{"line":610,"column":43},"end":{"line":610,"column":102}},"type":"cond-expr","locations":[{"start":{"line":610,"column":57},"end":{"line":610,"column":68}},{"start":{"line":610,"column":71},"end":{"line":610,"column":102}}],"line":610},"46":{"loc":{"start":{"line":614,"column":27},"end":{"line":618,"column":27}},"type":"binary-expr","locations":[{"start":{"line":614,"column":27},"end":{"line":614,"column":38}},{"start":{"line":615,"column":28},"end":{"line":617,"column":34}}],"line":614},"47":{"loc":{"start":{"line":622,"column":23},"end":{"line":627,"column":23}},"type":"binary-expr","locations":[{"start":{"line":622,"column":23},"end":{"line":622,"column":40}},{"start":{"line":623,"column":24},"end":{"line":626,"column":30}}],"line":622},"48":{"loc":{"start":{"line":632,"column":32},"end":{"line":632,"column":84}},"type":"binary-expr","locations":[{"start":{"line":632,"column":32},"end":{"line":632,"column":56}},{"start":{"line":632,"column":60},"end":{"line":632,"column":71}},{"start":{"line":632,"column":75},"end":{"line":632,"column":84}}],"line":632},"49":{"loc":{"start":{"line":636,"column":39},"end":{"line":636,"column":96}},"type":"cond-expr","locations":[{"start":{"line":636,"column":51},"end":{"line":636,"column":62}},{"start":{"line":636,"column":65},"end":{"line":636,"column":96}}],"line":636},"50":{"loc":{"start":{"line":641,"column":23},"end":{"line":645,"column":23}},"type":"binary-expr","locations":[{"start":{"line":641,"column":23},"end":{"line":641,"column":32}},{"start":{"line":642,"column":24},"end":{"line":644,"column":30}}],"line":641},"51":{"loc":{"start":{"line":661,"column":36},"end":{"line":661,"column":96}},"type":"binary-expr","locations":[{"start":{"line":661,"column":36},"end":{"line":661,"column":52}},{"start":{"line":661,"column":56},"end":{"line":661,"column":68}},{"start":{"line":661,"column":72},"end":{"line":661,"column":81}},{"start":{"line":661,"column":85},"end":{"line":661,"column":96}}],"line":661},"52":{"loc":{"start":{"line":664,"column":27},"end":{"line":671,"column":27}},"type":"cond-expr","locations":[{"start":{"line":665,"column":28},"end":{"line":668,"column":35}},{"start":{"line":670,"column":28},"end":{"line":670,"column":41}}],"line":664},"53":{"loc":{"start":{"line":746,"column":87},"end":{"line":746,"column":116}},"type":"binary-expr","locations":[{"start":{"line":746,"column":87},"end":{"line":746,"column":111}},{"start":{"line":746,"column":115},"end":{"line":746,"column":116}}],"line":746},"54":{"loc":{"start":{"line":783,"column":13},"end":{"line":812,"column":13}},"type":"binary-expr","locations":[{"start":{"line":783,"column":13},"end":{"line":783,"column":41}},{"start":{"line":784,"column":14},"end":{"line":811,"column":20}}],"line":783},"55":{"loc":{"start":{"line":839,"column":15},"end":{"line":849,"column":15}},"type":"cond-expr","locations":[{"start":{"line":840,"column":16},"end":{"line":843,"column":19}},{"start":{"line":845,"column":16},"end":{"line":848,"column":19}}],"line":839}},"s":{"0":1,"1":221,"2":221,"3":221,"4":221,"5":221,"6":221,"7":221,"8":221,"9":221,"10":221,"11":221,"12":221,"13":221,"14":221,"15":221,"16":221,"17":221,"18":221,"19":64,"20":64,"21":8,"22":221,"23":12,"24":15,"25":15,"26":221,"27":12,"28":0,"29":12,"30":15,"31":12,"32":221,"33":9,"34":9,"35":2,"36":2,"37":7,"38":7,"39":7,"40":1,"41":1,"42":6,"43":6,"44":6,"45":6,"46":6,"47":5,"48":4,"49":1,"50":1,"51":6,"52":221,"53":5,"54":5,"55":0,"56":0,"57":5,"58":5,"59":5,"60":0,"61":0,"62":5,"63":5,"64":5,"65":5,"66":5,"67":5,"68":4,"69":3,"70":3,"71":4,"72":3,"73":3,"74":3,"75":3,"76":3,"77":1,"78":1,"79":5,"80":221,"81":5,"82":0,"83":0,"84":5,"85":5,"86":5,"87":4,"88":3,"89":3,"90":3,"91":3,"92":1,"93":1,"94":5,"95":221,"96":6,"97":0,"98":0,"99":6,"100":1,"101":1,"102":5,"103":2,"104":2,"105":3,"106":3,"107":3,"108":3,"109":2,"110":2,"111":2,"112":2,"113":2,"114":0,"115":1,"116":3,"117":221,"118":34,"119":34,"120":34,"121":33,"122":33,"123":32,"124":32,"125":1,"126":1,"127":34,"128":221,"129":11,"130":11,"131":0,"132":11,"133":11,"134":3,"135":11,"136":11,"137":11,"138":11,"139":11,"140":11,"141":9,"142":2,"143":2,"144":221,"145":3,"146":3,"147":3,"148":3,"149":11,"150":11,"151":0,"152":0,"153":11,"154":11,"155":1105,"156":636,"157":13,"158":13,"159":11,"160":6,"161":5,"162":0,"163":0,"164":0,"165":0,"166":1,"167":1,"168":5,"169":1,"170":1,"171":1,"172":1,"173":1},"f":{"0":221,"1":64,"2":64,"3":12,"4":15,"5":15,"6":12,"7":15,"8":9,"9":5,"10":4,"11":5,"12":6,"13":34,"14":11,"15":11,"16":3,"17":11,"18":1105,"19":636,"20":13,"21":11,"22":6,"23":5,"24":0,"25":0,"26":0,"27":0,"28":1,"29":5,"30":1},"b":{"0":[8,56],"1":[12,0],"2":[0,12],"3":[1,11],"4":[2,7],"5":[1,6],"6":[4,1],"7":[1,0],"8":[0,5],"9":[0,5],"10":[3,1],"11":[1,0],"12":[0,5],"13":[3,1],"14":[3,1],"15":[1,1],"16":[1,0],"17":[0,6],"18":[1,5],"19":[2,3],"20":[5,4],"21":[0,3],"22":[0,3],"23":[2,0],"24":[2,2],"25":[0,0],"26":[1,0],"27":[32,1],"28":[33,32],"29":[1,0],"30":[1,0],"31":[0,11],"32":[3,8],"33":[34,187],"34":[221,19],"35":[0,19],"36":[221,19,19],"37":[3,0],"38":[221,34],"39":[221,202,168],"40":[221,2],"41":[0,11],"42":[34,187],"43":[106,115],"44":[5,101],"45":[6,100],"46":[106,6],"47":[106,5],"48":[106,36,30],"49":[5,101],"50":[106,5],"51":[106,106,101,96],"52":[5,101],"53":[5,0],"54":[221,0],"55":[3,218]},"_coverageSchema":"1a1c01bbd47fc00a2c39e90264f33305004495a9","hash":"1e65412f787825a0619e7448406baf27546c5c52"}
}
