{"C:\\Users\\Dan Huy\\Documents\\FPTU\\SWP\\fullstack-BatterySwapProject\\fe\\src\\pages\\driver\\Reservation.jsx": {"path":"C:\\Users\\Dan Huy\\Documents\\FPTU\\SWP\\fullstack-BatterySwapProject\\fe\\src\\pages\\driver\\Reservation.jsx","statementMap":{"0":{"start":{"line":15,"column":20},"end":{"line":535,"column":1}},"1":{"start":{"line":16,"column":23},"end":{"line":16,"column":48}},"2":{"start":{"line":17,"column":19},"end":{"line":17,"column":32}},"3":{"start":{"line":18,"column":20},"end":{"line":18,"column":30}},"4":{"start":{"line":21,"column":28},"end":{"line":21,"column":53}},"5":{"start":{"line":24,"column":22},"end":{"line":24,"column":51}},"6":{"start":{"line":25,"column":46},"end":{"line":25,"column":61}},"7":{"start":{"line":27,"column":2},"end":{"line":29,"column":22}},"8":{"start":{"line":28,"column":4},"end":{"line":28,"column":44}},"9":{"start":{"line":28,"column":23},"end":{"line":28,"column":44}},"10":{"start":{"line":32,"column":16},"end":{"line":35,"column":3}},"11":{"start":{"line":33,"column":10},"end":{"line":33,"column":72}},"12":{"start":{"line":33,"column":48},"end":{"line":33,"column":71}},"13":{"start":{"line":38,"column":34},"end":{"line":38,"column":48}},"14":{"start":{"line":40,"column":2},"end":{"line":44,"column":24}},"15":{"start":{"line":41,"column":4},"end":{"line":43,"column":5}},"16":{"start":{"line":42,"column":6},"end":{"line":42,"column":51}},"17":{"start":{"line":46,"column":42},"end":{"line":46,"column":56}},"18":{"start":{"line":48,"column":2},"end":{"line":59,"column":8}},"19":{"start":{"line":49,"column":30},"end":{"line":57,"column":5}},"20":{"start":{"line":50,"column":6},"end":{"line":56,"column":7}},"21":{"start":{"line":51,"column":20},"end":{"line":51,"column":47}},"22":{"start":{"line":52,"column":8},"end":{"line":52,"column":48}},"23":{"start":{"line":53,"column":8},"end":{"line":53,"column":45}},"24":{"start":{"line":55,"column":8},"end":{"line":55,"column":62}},"25":{"start":{"line":58,"column":4},"end":{"line":58,"column":24}},"26":{"start":{"line":63,"column":22},"end":{"line":72,"column":3}},"27":{"start":{"line":64,"column":4},"end":{"line":71,"column":8}},"28":{"start":{"line":64,"column":21},"end":{"line":71,"column":5}},"29":{"start":{"line":75,"column":20},"end":{"line":79,"column":3}},"30":{"start":{"line":82,"column":25},"end":{"line":85,"column":3}},"31":{"start":{"line":83,"column":10},"end":{"line":83,"column":60}},"32":{"start":{"line":83,"column":33},"end":{"line":83,"column":56}},"33":{"start":{"line":88,"column":25},"end":{"line":101,"column":3}},"34":{"start":{"line":89,"column":17},"end":{"line":89,"column":38}},"35":{"start":{"line":90,"column":4},"end":{"line":90,"column":27}},"36":{"start":{"line":90,"column":15},"end":{"line":90,"column":27}},"37":{"start":{"line":91,"column":16},"end":{"line":91,"column":26}},"38":{"start":{"line":93,"column":6},"end":{"line":95,"column":38}},"39":{"start":{"line":96,"column":4},"end":{"line":96,"column":31}},"40":{"start":{"line":96,"column":18},"end":{"line":96,"column":31}},"41":{"start":{"line":97,"column":19},"end":{"line":97,"column":46}},"42":{"start":{"line":98,"column":17},"end":{"line":98,"column":31}},"43":{"start":{"line":99,"column":4},"end":{"line":99,"column":30}},"44":{"start":{"line":100,"column":4},"end":{"line":100,"column":23}},"45":{"start":{"line":104,"column":25},"end":{"line":104,"column":63}},"46":{"start":{"line":105,"column":24},"end":{"line":105,"column":79}},"47":{"start":{"line":105,"column":43},"end":{"line":105,"column":78}},"48":{"start":{"line":106,"column":24},"end":{"line":109,"column":4}},"49":{"start":{"line":107,"column":14},"end":{"line":107,"column":41}},"50":{"start":{"line":108,"column":4},"end":{"line":108,"column":34}},"51":{"start":{"line":111,"column":22},"end":{"line":111,"column":87}},"52":{"start":{"line":112,"column":20},"end":{"line":117,"column":3}},"53":{"start":{"line":118,"column":26},"end":{"line":122,"column":5}},"54":{"start":{"line":118,"column":53},"end":{"line":122,"column":3}},"55":{"start":{"line":125,"column":32},"end":{"line":125,"column":115}},"56":{"start":{"line":128,"column":36},"end":{"line":198,"column":3}},"57":{"start":{"line":129,"column":4},"end":{"line":129,"column":49}},"58":{"start":{"line":129,"column":42},"end":{"line":129,"column":49}},"59":{"start":{"line":131,"column":4},"end":{"line":131,"column":28}},"60":{"start":{"line":132,"column":4},"end":{"line":197,"column":5}},"61":{"start":{"line":134,"column":26},"end":{"line":149,"column":7}},"62":{"start":{"line":136,"column":28},"end":{"line":136,"column":54}},"63":{"start":{"line":137,"column":27},"end":{"line":137,"column":40}},"64":{"start":{"line":139,"column":10},"end":{"line":147,"column":12}},"65":{"start":{"line":151,"column":6},"end":{"line":151,"column":71}},"66":{"start":{"line":154,"column":25},"end":{"line":154,"column":68}},"67":{"start":{"line":155,"column":6},"end":{"line":155,"column":51}},"68":{"start":{"line":158,"column":6},"end":{"line":160,"column":7}},"69":{"start":{"line":159,"column":8},"end":{"line":159,"column":71}},"70":{"start":{"line":164,"column":25},"end":{"line":164,"column":80}},"71":{"start":{"line":164,"column":67},"end":{"line":164,"column":79}},"72":{"start":{"line":167,"column":25},"end":{"line":167,"column":67}},"73":{"start":{"line":168,"column":6},"end":{"line":168,"column":51}},"74":{"start":{"line":170,"column":6},"end":{"line":172,"column":7}},"75":{"start":{"line":171,"column":8},"end":{"line":171,"column":49}},"76":{"start":{"line":175,"column":6},"end":{"line":175,"column":61}},"77":{"start":{"line":177,"column":6},"end":{"line":181,"column":9}},"78":{"start":{"line":184,"column":6},"end":{"line":186,"column":15}},"79":{"start":{"line":185,"column":8},"end":{"line":185,"column":44}},"80":{"start":{"line":189,"column":6},"end":{"line":189,"column":58}},"81":{"start":{"line":190,"column":6},"end":{"line":194,"column":9}},"82":{"start":{"line":196,"column":6},"end":{"line":196,"column":31}},"83":{"start":{"line":200,"column":2},"end":{"line":534,"column":4}},"84":{"start":{"line":240,"column":27},"end":{"line":240,"column":50}},"85":{"start":{"line":241,"column":28},"end":{"line":241,"column":50}},"86":{"start":{"line":242,"column":29},"end":{"line":242,"column":46}},"87":{"start":{"line":243,"column":27},"end":{"line":243,"column":55}},"88":{"start":{"line":244,"column":33},"end":{"line":244,"column":48}},"89":{"start":{"line":246,"column":16},"end":{"line":297,"column":18}},"90":{"start":{"line":250,"column":37},"end":{"line":250,"column":52}},"91":{"start":{"line":318,"column":42},"end":{"line":318,"column":83}},"92":{"start":{"line":322,"column":34},"end":{"line":322,"column":48}},"93":{"start":{"line":322,"column":50},"end":{"line":322,"column":73}},"94":{"start":{"line":323,"column":38},"end":{"line":323,"column":48}},"95":{"start":{"line":323,"column":50},"end":{"line":323,"column":77}},"96":{"start":{"line":324,"column":40},"end":{"line":324,"column":55}},"97":{"start":{"line":324,"column":57},"end":{"line":324,"column":94}},"98":{"start":{"line":325,"column":24},"end":{"line":325,"column":56}},"99":{"start":{"line":329,"column":36},"end":{"line":329,"column":50}},"100":{"start":{"line":329,"column":52},"end":{"line":329,"column":75}},"101":{"start":{"line":330,"column":40},"end":{"line":330,"column":50}},"102":{"start":{"line":330,"column":52},"end":{"line":330,"column":79}},"103":{"start":{"line":331,"column":42},"end":{"line":331,"column":57}},"104":{"start":{"line":331,"column":59},"end":{"line":331,"column":96}},"105":{"start":{"line":332,"column":26},"end":{"line":332,"column":60}},"106":{"start":{"line":360,"column":39},"end":{"line":360,"column":69}},"107":{"start":{"line":361,"column":37},"end":{"line":361,"column":76}},"108":{"start":{"line":362,"column":22},"end":{"line":376,"column":24}},"109":{"start":{"line":366,"column":41},"end":{"line":366,"column":85}},"110":{"start":{"line":398,"column":29},"end":{"line":398,"column":52}},"111":{"start":{"line":399,"column":30},"end":{"line":399,"column":52}},"112":{"start":{"line":400,"column":31},"end":{"line":400,"column":48}},"113":{"start":{"line":401,"column":29},"end":{"line":401,"column":57}},"114":{"start":{"line":402,"column":31},"end":{"line":402,"column":43}},"115":{"start":{"line":403,"column":31},"end":{"line":403,"column":43}},"116":{"start":{"line":405,"column":18},"end":{"line":445,"column":20}},"117":{"start":{"line":420,"column":43},"end":{"line":420,"column":58}}},"fnMap":{"0":{"name":"(anonymous_0)","decl":{"start":{"line":15,"column":20},"end":{"line":15,"column":21}},"loc":{"start":{"line":15,"column":26},"end":{"line":535,"column":1}},"line":15},"1":{"name":"(anonymous_1)","decl":{"start":{"line":27,"column":12},"end":{"line":27,"column":13}},"loc":{"start":{"line":27,"column":18},"end":{"line":29,"column":3}},"line":27},"2":{"name":"(anonymous_2)","decl":{"start":{"line":33,"column":4},"end":{"line":33,"column":5}},"loc":{"start":{"line":33,"column":10},"end":{"line":33,"column":72}},"line":33},"3":{"name":"(anonymous_3)","decl":{"start":{"line":33,"column":41},"end":{"line":33,"column":42}},"loc":{"start":{"line":33,"column":48},"end":{"line":33,"column":71}},"line":33},"4":{"name":"(anonymous_4)","decl":{"start":{"line":40,"column":12},"end":{"line":40,"column":13}},"loc":{"start":{"line":40,"column":18},"end":{"line":44,"column":3}},"line":40},"5":{"name":"(anonymous_5)","decl":{"start":{"line":48,"column":12},"end":{"line":48,"column":13}},"loc":{"start":{"line":48,"column":18},"end":{"line":59,"column":3}},"line":48},"6":{"name":"(anonymous_6)","decl":{"start":{"line":49,"column":30},"end":{"line":49,"column":31}},"loc":{"start":{"line":49,"column":42},"end":{"line":57,"column":5}},"line":49},"7":{"name":"(anonymous_7)","decl":{"start":{"line":63,"column":22},"end":{"line":63,"column":23}},"loc":{"start":{"line":63,"column":53},"end":{"line":72,"column":3}},"line":63},"8":{"name":"(anonymous_8)","decl":{"start":{"line":64,"column":10},"end":{"line":64,"column":11}},"loc":{"start":{"line":64,"column":21},"end":{"line":71,"column":5}},"line":64},"9":{"name":"(anonymous_9)","decl":{"start":{"line":83,"column":4},"end":{"line":83,"column":5}},"loc":{"start":{"line":83,"column":10},"end":{"line":83,"column":60}},"line":83},"10":{"name":"(anonymous_10)","decl":{"start":{"line":83,"column":23},"end":{"line":83,"column":24}},"loc":{"start":{"line":83,"column":33},"end":{"line":83,"column":56}},"line":83},"11":{"name":"(anonymous_11)","decl":{"start":{"line":88,"column":25},"end":{"line":88,"column":26}},"loc":{"start":{"line":88,"column":46},"end":{"line":101,"column":3}},"line":88},"12":{"name":"(anonymous_12)","decl":{"start":{"line":105,"column":36},"end":{"line":105,"column":37}},"loc":{"start":{"line":105,"column":43},"end":{"line":105,"column":78}},"line":105},"13":{"name":"(anonymous_13)","decl":{"start":{"line":106,"column":36},"end":{"line":106,"column":37}},"loc":{"start":{"line":106,"column":43},"end":{"line":109,"column":3}},"line":106},"14":{"name":"(anonymous_14)","decl":{"start":{"line":118,"column":40},"end":{"line":118,"column":41}},"loc":{"start":{"line":118,"column":53},"end":{"line":122,"column":3}},"line":118},"15":{"name":"(anonymous_15)","decl":{"start":{"line":128,"column":36},"end":{"line":128,"column":37}},"loc":{"start":{"line":128,"column":48},"end":{"line":198,"column":3}},"line":128},"16":{"name":"(anonymous_16)","decl":{"start":{"line":135,"column":28},"end":{"line":135,"column":29}},"loc":{"start":{"line":135,"column":45},"end":{"line":148,"column":9}},"line":135},"17":{"name":"(anonymous_17)","decl":{"start":{"line":164,"column":61},"end":{"line":164,"column":62}},"loc":{"start":{"line":164,"column":67},"end":{"line":164,"column":79}},"line":164},"18":{"name":"(anonymous_18)","decl":{"start":{"line":184,"column":17},"end":{"line":184,"column":18}},"loc":{"start":{"line":184,"column":23},"end":{"line":186,"column":7}},"line":184},"19":{"name":"(anonymous_19)","decl":{"start":{"line":239,"column":25},"end":{"line":239,"column":26}},"loc":{"start":{"line":239,"column":35},"end":{"line":298,"column":15}},"line":239},"20":{"name":"(anonymous_20)","decl":{"start":{"line":250,"column":31},"end":{"line":250,"column":32}},"loc":{"start":{"line":250,"column":37},"end":{"line":250,"column":52}},"line":250},"21":{"name":"(anonymous_21)","decl":{"start":{"line":318,"column":32},"end":{"line":318,"column":33}},"loc":{"start":{"line":318,"column":42},"end":{"line":318,"column":83}},"line":318},"22":{"name":"(anonymous_22)","decl":{"start":{"line":321,"column":32},"end":{"line":321,"column":33}},"loc":{"start":{"line":321,"column":42},"end":{"line":326,"column":23}},"line":321},"23":{"name":"(anonymous_23)","decl":{"start":{"line":328,"column":35},"end":{"line":328,"column":36}},"loc":{"start":{"line":328,"column":45},"end":{"line":333,"column":25}},"line":328},"24":{"name":"(anonymous_24)","decl":{"start":{"line":359,"column":35},"end":{"line":359,"column":36}},"loc":{"start":{"line":359,"column":45},"end":{"line":377,"column":21}},"line":359},"25":{"name":"(anonymous_25)","decl":{"start":{"line":366,"column":35},"end":{"line":366,"column":36}},"loc":{"start":{"line":366,"column":41},"end":{"line":366,"column":85}},"line":366},"26":{"name":"(anonymous_26)","decl":{"start":{"line":397,"column":27},"end":{"line":397,"column":28}},"loc":{"start":{"line":397,"column":37},"end":{"line":446,"column":17}},"line":397},"27":{"name":"(anonymous_27)","decl":{"start":{"line":420,"column":37},"end":{"line":420,"column":38}},"loc":{"start":{"line":420,"column":43},"end":{"line":420,"column":58}},"line":420}},"branchMap":{"0":{"loc":{"start":{"line":21,"column":28},"end":{"line":21,"column":53}},"type":"binary-expr","locations":[{"start":{"line":21,"column":28},"end":{"line":21,"column":47}},{"start":{"line":21,"column":51},"end":{"line":21,"column":53}}],"line":21},"1":{"loc":{"start":{"line":24,"column":31},"end":{"line":24,"column":50}},"type":"binary-expr","locations":[{"start":{"line":24,"column":31},"end":{"line":24,"column":44}},{"start":{"line":24,"column":48},"end":{"line":24,"column":50}}],"line":24},"2":{"loc":{"start":{"line":28,"column":4},"end":{"line":28,"column":44}},"type":"if","locations":[{"start":{"line":28,"column":4},"end":{"line":28,"column":44}},{"start":{},"end":{}}],"line":28},"3":{"loc":{"start":{"line":33,"column":24},"end":{"line":33,"column":32}},"type":"binary-expr","locations":[{"start":{"line":33,"column":24},"end":{"line":33,"column":26}},{"start":{"line":33,"column":30},"end":{"line":33,"column":32}}],"line":33},"4":{"loc":{"start":{"line":33,"column":55},"end":{"line":33,"column":66}},"type":"binary-expr","locations":[{"start":{"line":33,"column":55},"end":{"line":33,"column":61}},{"start":{"line":33,"column":65},"end":{"line":33,"column":66}}],"line":33},"5":{"loc":{"start":{"line":41,"column":4},"end":{"line":43,"column":5}},"type":"if","locations":[{"start":{"line":41,"column":4},"end":{"line":43,"column":5}},{"start":{},"end":{}}],"line":41},"6":{"loc":{"start":{"line":41,"column":8},"end":{"line":41,"column":37}},"type":"binary-expr","locations":[{"start":{"line":41,"column":8},"end":{"line":41,"column":17}},{"start":{"line":41,"column":21},"end":{"line":41,"column":37}}],"line":41},"7":{"loc":{"start":{"line":53,"column":24},"end":{"line":53,"column":43}},"type":"binary-expr","locations":[{"start":{"line":53,"column":24},"end":{"line":53,"column":34}},{"start":{"line":53,"column":38},"end":{"line":53,"column":43}}],"line":53},"8":{"loc":{"start":{"line":68,"column":14},"end":{"line":68,"column":43}},"type":"binary-expr","locations":[{"start":{"line":68,"column":14},"end":{"line":68,"column":18}},{"start":{"line":68,"column":22},"end":{"line":68,"column":43}}],"line":68},"9":{"loc":{"start":{"line":69,"column":14},"end":{"line":69,"column":43}},"type":"binary-expr","locations":[{"start":{"line":69,"column":14},"end":{"line":69,"column":18}},{"start":{"line":69,"column":22},"end":{"line":69,"column":43}}],"line":69},"10":{"loc":{"start":{"line":83,"column":44},"end":{"line":83,"column":55}},"type":"binary-expr","locations":[{"start":{"line":83,"column":44},"end":{"line":83,"column":50}},{"start":{"line":83,"column":54},"end":{"line":83,"column":55}}],"line":83},"11":{"loc":{"start":{"line":90,"column":4},"end":{"line":90,"column":27}},"type":"if","locations":[{"start":{"line":90,"column":4},"end":{"line":90,"column":27}},{"start":{},"end":{}}],"line":90},"12":{"loc":{"start":{"line":93,"column":6},"end":{"line":95,"column":38}},"type":"binary-expr","locations":[{"start":{"line":93,"column":6},"end":{"line":93,"column":46}},{"start":{"line":94,"column":6},"end":{"line":94,"column":40}},{"start":{"line":95,"column":6},"end":{"line":95,"column":38}}],"line":93},"13":{"loc":{"start":{"line":96,"column":4},"end":{"line":96,"column":31}},"type":"if","locations":[{"start":{"line":96,"column":4},"end":{"line":96,"column":31}},{"start":{},"end":{}}],"line":96},"14":{"loc":{"start":{"line":104,"column":25},"end":{"line":104,"column":63}},"type":"binary-expr","locations":[{"start":{"line":104,"column":25},"end":{"line":104,"column":41}},{"start":{"line":104,"column":45},"end":{"line":104,"column":63}}],"line":104},"15":{"loc":{"start":{"line":108,"column":11},"end":{"line":108,"column":33}},"type":"binary-expr","locations":[{"start":{"line":108,"column":11},"end":{"line":108,"column":20}},{"start":{"line":108,"column":24},"end":{"line":108,"column":33}}],"line":108},"16":{"loc":{"start":{"line":111,"column":22},"end":{"line":111,"column":87}},"type":"cond-expr","locations":[{"start":{"line":111,"column":40},"end":{"line":111,"column":41}},{"start":{"line":111,"column":44},"end":{"line":111,"column":87}}],"line":111},"17":{"loc":{"start":{"line":111,"column":44},"end":{"line":111,"column":87}},"type":"cond-expr","locations":[{"start":{"line":111,"column":61},"end":{"line":111,"column":62}},{"start":{"line":111,"column":65},"end":{"line":111,"column":87}}],"line":111},"18":{"loc":{"start":{"line":111,"column":65},"end":{"line":111,"column":87}},"type":"cond-expr","locations":[{"start":{"line":111,"column":82},"end":{"line":111,"column":83}},{"start":{"line":111,"column":86},"end":{"line":111,"column":87}}],"line":111},"19":{"loc":{"start":{"line":120,"column":12},"end":{"line":120,"column":83}},"type":"cond-expr","locations":[{"start":{"line":120,"column":32},"end":{"line":120,"column":40}},{"start":{"line":120,"column":43},"end":{"line":120,"column":83}}],"line":120},"20":{"loc":{"start":{"line":120,"column":43},"end":{"line":120,"column":83}},"type":"cond-expr","locations":[{"start":{"line":120,"column":65},"end":{"line":120,"column":74}},{"start":{"line":120,"column":77},"end":{"line":120,"column":83}}],"line":120},"21":{"loc":{"start":{"line":121,"column":10},"end":{"line":121,"column":60}},"type":"cond-expr","locations":[{"start":{"line":121,"column":32},"end":{"line":121,"column":51}},{"start":{"line":121,"column":54},"end":{"line":121,"column":60}}],"line":121},"22":{"loc":{"start":{"line":125,"column":32},"end":{"line":125,"column":115}},"type":"binary-expr","locations":[{"start":{"line":125,"column":32},"end":{"line":125,"column":62}},{"start":{"line":125,"column":66},"end":{"line":125,"column":115}}],"line":125},"23":{"loc":{"start":{"line":129,"column":4},"end":{"line":129,"column":49}},"type":"if","locations":[{"start":{"line":129,"column":4},"end":{"line":129,"column":49}},{"start":{},"end":{}}],"line":129},"24":{"loc":{"start":{"line":129,"column":8},"end":{"line":129,"column":40}},"type":"binary-expr","locations":[{"start":{"line":129,"column":8},"end":{"line":129,"column":22}},{"start":{"line":129,"column":26},"end":{"line":129,"column":40}}],"line":129},"25":{"loc":{"start":{"line":145,"column":33},"end":{"line":145,"column":46}},"type":"binary-expr","locations":[{"start":{"line":145,"column":33},"end":{"line":145,"column":41}},{"start":{"line":145,"column":45},"end":{"line":145,"column":46}}],"line":145},"26":{"loc":{"start":{"line":158,"column":6},"end":{"line":160,"column":7}},"type":"if","locations":[{"start":{"line":158,"column":6},"end":{"line":160,"column":7}},{"start":{},"end":{}}],"line":158},"27":{"loc":{"start":{"line":158,"column":10},"end":{"line":158,"column":49}},"type":"binary-expr","locations":[{"start":{"line":158,"column":10},"end":{"line":158,"column":29}},{"start":{"line":158,"column":33},"end":{"line":158,"column":49}}],"line":158},"28":{"loc":{"start":{"line":159,"column":24},"end":{"line":159,"column":69}},"type":"binary-expr","locations":[{"start":{"line":159,"column":24},"end":{"line":159,"column":42}},{"start":{"line":159,"column":46},"end":{"line":159,"column":69}}],"line":159},"29":{"loc":{"start":{"line":170,"column":6},"end":{"line":172,"column":7}},"type":"if","locations":[{"start":{"line":170,"column":6},"end":{"line":172,"column":7}},{"start":{},"end":{}}],"line":170},"30":{"loc":{"start":{"line":192,"column":21},"end":{"line":192,"column":67}},"type":"binary-expr","locations":[{"start":{"line":192,"column":21},"end":{"line":192,"column":35}},{"start":{"line":192,"column":39},"end":{"line":192,"column":67}}],"line":192},"31":{"loc":{"start":{"line":233,"column":15},"end":{"line":237,"column":15}},"type":"binary-expr","locations":[{"start":{"line":233,"column":15},"end":{"line":233,"column":33}},{"start":{"line":234,"column":16},"end":{"line":236,"column":30}}],"line":233},"32":{"loc":{"start":{"line":240,"column":27},"end":{"line":240,"column":50}},"type":"binary-expr","locations":[{"start":{"line":240,"column":27},"end":{"line":240,"column":44}},{"start":{"line":240,"column":48},"end":{"line":240,"column":50}}],"line":240},"33":{"loc":{"start":{"line":241,"column":35},"end":{"line":241,"column":49}},"type":"binary-expr","locations":[{"start":{"line":241,"column":35},"end":{"line":241,"column":44}},{"start":{"line":241,"column":48},"end":{"line":241,"column":49}}],"line":241},"34":{"loc":{"start":{"line":251,"column":81},"end":{"line":251,"column":163}},"type":"cond-expr","locations":[{"start":{"line":251,"column":92},"end":{"line":251,"column":139}},{"start":{"line":251,"column":142},"end":{"line":251,"column":163}}],"line":251},"35":{"loc":{"start":{"line":255,"column":78},"end":{"line":255,"column":100}},"type":"binary-expr","locations":[{"start":{"line":255,"column":78},"end":{"line":255,"column":93}},{"start":{"line":255,"column":97},"end":{"line":255,"column":100}}],"line":255},"36":{"loc":{"start":{"line":258,"column":53},"end":{"line":258,"column":71}},"type":"binary-expr","locations":[{"start":{"line":258,"column":53},"end":{"line":258,"column":64}},{"start":{"line":258,"column":68},"end":{"line":258,"column":71}}],"line":258},"37":{"loc":{"start":{"line":260,"column":25},"end":{"line":273,"column":25}},"type":"binary-expr","locations":[{"start":{"line":260,"column":25},"end":{"line":260,"column":42}},{"start":{"line":261,"column":26},"end":{"line":272,"column":32}}],"line":260},"38":{"loc":{"start":{"line":264,"column":44},"end":{"line":264,"column":79}},"type":"binary-expr","locations":[{"start":{"line":264,"column":44},"end":{"line":264,"column":72}},{"start":{"line":264,"column":76},"end":{"line":264,"column":79}}],"line":264},"39":{"loc":{"start":{"line":265,"column":31},"end":{"line":267,"column":31}},"type":"binary-expr","locations":[{"start":{"line":265,"column":31},"end":{"line":265,"column":59}},{"start":{"line":266,"column":32},"end":{"line":266,"column":88}}],"line":265},"40":{"loc":{"start":{"line":268,"column":31},"end":{"line":270,"column":31}},"type":"binary-expr","locations":[{"start":{"line":268,"column":31},"end":{"line":268,"column":83}},{"start":{"line":269,"column":32},"end":{"line":269,"column":91}}],"line":268},"41":{"loc":{"start":{"line":269,"column":44},"end":{"line":269,"column":78}},"type":"binary-expr","locations":[{"start":{"line":269,"column":44},"end":{"line":269,"column":73}},{"start":{"line":269,"column":77},"end":{"line":269,"column":78}}],"line":269},"42":{"loc":{"start":{"line":282,"column":39},"end":{"line":282,"column":50}},"type":"binary-expr","locations":[{"start":{"line":282,"column":39},"end":{"line":282,"column":43}},{"start":{"line":282,"column":47},"end":{"line":282,"column":50}}],"line":282},"43":{"loc":{"start":{"line":302,"column":13},"end":{"line":343,"column":13}},"type":"binary-expr","locations":[{"start":{"line":302,"column":13},"end":{"line":302,"column":21}},{"start":{"line":303,"column":14},"end":{"line":342,"column":21}}],"line":302},"44":{"loc":{"start":{"line":325,"column":31},"end":{"line":325,"column":55}},"type":"binary-expr","locations":[{"start":{"line":325,"column":31},"end":{"line":325,"column":40}},{"start":{"line":325,"column":44},"end":{"line":325,"column":55}}],"line":325},"45":{"loc":{"start":{"line":332,"column":33},"end":{"line":332,"column":59}},"type":"binary-expr","locations":[{"start":{"line":332,"column":33},"end":{"line":332,"column":43}},{"start":{"line":332,"column":47},"end":{"line":332,"column":59}}],"line":332},"46":{"loc":{"start":{"line":346,"column":13},"end":{"line":381,"column":13}},"type":"binary-expr","locations":[{"start":{"line":346,"column":13},"end":{"line":346,"column":21}},{"start":{"line":347,"column":14},"end":{"line":380,"column":21}}],"line":346},"47":{"loc":{"start":{"line":361,"column":37},"end":{"line":361,"column":76}},"type":"binary-expr","locations":[{"start":{"line":361,"column":37},"end":{"line":361,"column":63}},{"start":{"line":361,"column":67},"end":{"line":361,"column":76}}],"line":361},"48":{"loc":{"start":{"line":366,"column":41},"end":{"line":366,"column":85}},"type":"binary-expr","locations":[{"start":{"line":366,"column":41},"end":{"line":366,"column":50}},{"start":{"line":366,"column":54},"end":{"line":366,"column":85}}],"line":366},"49":{"loc":{"start":{"line":368,"column":28},"end":{"line":370,"column":123}},"type":"cond-expr","locations":[{"start":{"line":369,"column":32},"end":{"line":369,"column":117}},{"start":{"line":370,"column":32},"end":{"line":370,"column":123}}],"line":368},"50":{"loc":{"start":{"line":371,"column":28},"end":{"line":371,"column":106}},"type":"cond-expr","locations":[{"start":{"line":371,"column":39},"end":{"line":371,"column":86}},{"start":{"line":371,"column":89},"end":{"line":371,"column":106}}],"line":371},"51":{"loc":{"start":{"line":398,"column":29},"end":{"line":398,"column":52}},"type":"binary-expr","locations":[{"start":{"line":398,"column":29},"end":{"line":398,"column":46}},{"start":{"line":398,"column":50},"end":{"line":398,"column":52}}],"line":398},"52":{"loc":{"start":{"line":399,"column":37},"end":{"line":399,"column":51}},"type":"binary-expr","locations":[{"start":{"line":399,"column":37},"end":{"line":399,"column":46}},{"start":{"line":399,"column":50},"end":{"line":399,"column":51}}],"line":399},"53":{"loc":{"start":{"line":408,"column":78},"end":{"line":408,"column":120}},"type":"cond-expr","locations":[{"start":{"line":408,"column":93},"end":{"line":408,"column":105}},{"start":{"line":408,"column":108},"end":{"line":408,"column":120}}],"line":408},"54":{"loc":{"start":{"line":408,"column":78},"end":{"line":408,"column":90}},"type":"binary-expr","locations":[{"start":{"line":408,"column":78},"end":{"line":408,"column":82}},{"start":{"line":408,"column":86},"end":{"line":408,"column":90}}],"line":408},"55":{"loc":{"start":{"line":414,"column":72},"end":{"line":414,"column":94}},"type":"binary-expr","locations":[{"start":{"line":414,"column":72},"end":{"line":414,"column":87}},{"start":{"line":414,"column":91},"end":{"line":414,"column":94}}],"line":414},"56":{"loc":{"start":{"line":415,"column":66},"end":{"line":415,"column":84}},"type":"binary-expr","locations":[{"start":{"line":415,"column":66},"end":{"line":415,"column":77}},{"start":{"line":415,"column":81},"end":{"line":415,"column":84}}],"line":415},"57":{"loc":{"start":{"line":436,"column":35},"end":{"line":436,"column":103}},"type":"cond-expr","locations":[{"start":{"line":436,"column":42},"end":{"line":436,"column":84}},{"start":{"line":436,"column":87},"end":{"line":436,"column":103}}],"line":436},"58":{"loc":{"start":{"line":440,"column":35},"end":{"line":440,"column":58}},"type":"binary-expr","locations":[{"start":{"line":440,"column":35},"end":{"line":440,"column":39}},{"start":{"line":440,"column":43},"end":{"line":440,"column":58}}],"line":440},"59":{"loc":{"start":{"line":450,"column":19},"end":{"line":471,"column":19}},"type":"binary-expr","locations":[{"start":{"line":450,"column":19},"end":{"line":450,"column":41}},{"start":{"line":451,"column":20},"end":{"line":470,"column":23}}],"line":450},"60":{"loc":{"start":{"line":455,"column":27},"end":{"line":455,"column":103}},"type":"cond-expr","locations":[{"start":{"line":455,"column":42},"end":{"line":455,"column":87}},{"start":{"line":455,"column":90},"end":{"line":455,"column":103}}],"line":455},"61":{"loc":{"start":{"line":465,"column":27},"end":{"line":467,"column":43}},"type":"cond-expr","locations":[{"start":{"line":466,"column":30},"end":{"line":466,"column":94}},{"start":{"line":467,"column":30},"end":{"line":467,"column":43}}],"line":465},"62":{"loc":{"start":{"line":473,"column":19},"end":{"line":491,"column":19}},"type":"binary-expr","locations":[{"start":{"line":473,"column":19},"end":{"line":473,"column":40}},{"start":{"line":474,"column":20},"end":{"line":490,"column":26}}],"line":473},"63":{"loc":{"start":{"line":496,"column":19},"end":{"line":526,"column":19}},"type":"cond-expr","locations":[{"start":{"line":497,"column":20},"end":{"line":511,"column":23}},{"start":{"line":513,"column":20},"end":{"line":525,"column":23}}],"line":496},"64":{"loc":{"start":{"line":501,"column":44},"end":{"line":501,"column":98}},"type":"cond-expr","locations":[{"start":{"line":501,"column":61},"end":{"line":501,"column":93}},{"start":{"line":501,"column":96},"end":{"line":501,"column":98}}],"line":501},"65":{"loc":{"start":{"line":516,"column":34},"end":{"line":516,"column":66}},"type":"binary-expr","locations":[{"start":{"line":516,"column":34},"end":{"line":516,"column":48}},{"start":{"line":516,"column":52},"end":{"line":516,"column":66}}],"line":516},"66":{"loc":{"start":{"line":520,"column":25},"end":{"line":520,"column":90}},"type":"cond-expr","locations":[{"start":{"line":520,"column":42},"end":{"line":520,"column":57}},{"start":{"line":520,"column":60},"end":{"line":520,"column":90}}],"line":520}},"s":{"0":1,"1":123,"2":122,"3":122,"4":122,"5":122,"6":122,"7":122,"8":51,"9":44,"10":122,"11":51,"12":49,"13":122,"14":122,"15":95,"16":42,"17":122,"18":122,"19":51,"20":51,"21":51,"22":50,"23":50,"24":1,"25":51,"26":122,"27":0,"28":0,"29":122,"30":122,"31":51,"32":48,"33":122,"34":1260,"35":1260,"36":1080,"37":180,"38":180,"39":180,"40":180,"41":0,"42":0,"43":0,"44":0,"45":122,"46":122,"47":112,"48":122,"49":112,"50":112,"51":122,"52":122,"53":122,"54":488,"55":122,"56":122,"57":2,"58":0,"59":2,"60":2,"61":2,"62":2,"63":2,"64":2,"65":2,"66":2,"67":2,"68":2,"69":0,"70":1,"71":2,"72":1,"73":1,"74":1,"75":0,"76":1,"77":1,"78":1,"79":0,"80":1,"81":1,"82":2,"83":122,"84":130,"85":130,"86":130,"87":130,"88":130,"89":130,"90":2,"91":0,"92":4320,"93":4320,"94":4320,"95":4320,"96":4320,"97":4320,"98":4320,"99":4320,"100":4320,"101":4320,"102":4320,"103":4320,"104":4320,"105":4320,"106":1260,"107":1260,"108":1260,"109":0,"110":130,"111":130,"112":130,"113":130,"114":130,"115":130,"116":130,"117":1},"f":{"0":123,"1":51,"2":51,"3":49,"4":95,"5":51,"6":51,"7":0,"8":0,"9":51,"10":48,"11":1260,"12":112,"13":112,"14":488,"15":2,"16":2,"17":2,"18":0,"19":130,"20":2,"21":0,"22":4320,"23":4320,"24":1260,"25":0,"26":130,"27":1},"b":{"0":[122,8],"1":[122,8],"2":[44,7],"3":[51,0],"4":[49,1],"5":[42,53],"6":[95,51],"7":[50,2],"8":[0,0],"9":[0,0],"10":[48,0],"11":[1080,180],"12":[180,180,180],"13":[180,0],"14":[122,112],"15":[112,14],"16":[10,112],"17":[98,14],"18":[3,11],"19":[137,351],"20":[122,229],"21":[122,366],"22":[122,19],"23":[0,2],"24":[2,2],"25":[2,0],"26":[0,1],"27":[2,1],"28":[0,0],"29":[0,1],"30":[1,0],"31":[122,10],"32":[130,0],"33":[130,0],"34":[70,60],"35":[130,0],"36":[130,0],"37":[130,130],"38":[130,0],"39":[130,130],"40":[130,130],"41":[130,0],"42":[130,0],"43":[122,70],"44":[4320,3414],"45":[4320,3414],"46":[122,70],"47":[1260,8],"48":[0,0],"49":[8,1252],"50":[1080,180],"51":[130,0],"52":[130,0],"53":[14,116],"54":[130,116],"55":[130,0],"56":[130,0],"57":[14,116],"58":[130,119],"59":[122,105],"60":[21,84],"61":[21,84],"62":[122,17],"63":[105,17],"64":[95,10],"65":[17,11],"66":[3,14]},"_coverageSchema":"1a1c01bbd47fc00a2c39e90264f33305004495a9","hash":"44f8c00f8f1fcfff126867b904b3717cd2d91f34"}
}
