TN:
SF:src\pages\driver\Wallet.jsx
FN:22,(anonymous_0)
FN:45,(anonymous_1)
FN:53,(anonymous_2)
FN:77,(anonymous_3)
FN:157,(anonymous_4)
FN:165,(anonymous_5)
FN:188,(anonymous_6)
FNF:7
FNH:7
FNDA:75,(anonymous_0)
FNDA:144,(anonymous_1)
FNDA:12,(anonymous_2)
FNDA:1,(anonymous_3)
FNDA:675,(anonymous_4)
FNDA:6,(anonymous_5)
FNDA:20,(anonymous_6)
DA:22,1
DA:23,75
DA:24,75
DA:26,75
DA:27,75
DA:28,75
DA:31,75
DA:45,75
DA:46,144
DA:53,75
DA:54,12
DA:57,12
DA:58,0
DA:59,0
DA:62,12
DA:63,3
DA:64,3
DA:67,9
DA:69,9
DA:70,9
DA:71,7
DA:73,7
DA:74,4
DA:77,4
DA:78,1
DA:81,3
DA:82,3
DA:85,2
DA:86,2
DA:87,2
DA:91,75
DA:158,675
DA:166,6
DA:167,6
DA:189,20
DA:190,20
DA:191,20
LF:37
LH:35
BRDA:57,0,0,0
BRDA:57,0,1,12
BRDA:57,1,0,12
BRDA:57,1,1,12
BRDA:62,2,0,3
BRDA:62,2,1,9
BRDA:73,3,0,4
BRDA:73,3,1,3
BRDA:73,4,0,7
BRDA:73,4,1,5
BRDA:81,5,0,3
BRDA:81,5,1,2
BRDA:86,6,0,2
BRDA:86,6,1,1
BRDA:128,7,0,75
BRDA:128,7,1,0
BRDA:160,8,0,6
BRDA:160,8,1,669
BRDA:161,9,0,6
BRDA:161,9,1,669
BRDA:200,10,0,75
BRDA:200,10,1,39
BRDA:203,11,0,39
BRDA:203,11,1,1
BRDA:227,12,0,75
BRDA:227,12,1,39
BRDA:227,12,2,38
BRDA:230,13,0,9
BRDA:230,13,1,66
BRDA:238,14,0,30
BRDA:238,14,1,36
BRF:31
BRH:29
end_of_record
