TN:
SF:src\App.jsx
FN:43,(anonymous_0)
FNF:1
FNH:0
FNDA:0,(anonymous_0)
DA:42,0
DA:43,0
LF:2
LH:0
BRF:0
BRH:0
end_of_record
TN:
SF:src\components\AccountSettings.jsx
FN:14,(anonymous_0)
FN:27,(anonymous_1)
FN:90,(anonymous_2)
FN:110,(anonymous_3)
FN:208,(anonymous_4)
FN:209,(anonymous_5)
FN:217,(anonymous_6)
FN:218,(anonymous_7)
FN:225,(anonymous_8)
FN:229,(anonymous_9)
FN:260,(anonymous_10)
FN:264,(anonymous_11)
FNF:12
FNH:0
FNDA:0,(anonymous_0)
FNDA:0,(anonymous_1)
FNDA:0,(anonymous_2)
FNDA:0,(anonymous_3)
FNDA:0,(anonymous_4)
FNDA:0,(anonymous_5)
FNDA:0,(anonymous_6)
FNDA:0,(anonymous_7)
FNDA:0,(anonymous_8)
FNDA:0,(anonymous_9)
FNDA:0,(anonymous_10)
FNDA:0,(anonymous_11)
DA:14,0
DA:15,0
DA:16,0
DA:17,0
DA:18,0
DA:19,0
DA:20,0
DA:21,0
DA:22,0
DA:23,0
DA:24,0
DA:25,0
DA:27,0
DA:28,0
DA:29,0
DA:34,0
DA:36,0
DA:37,0
DA:42,0
DA:44,0
DA:45,0
DA:50,0
DA:53,0
DA:54,0
DA:55,0
DA:56,0
DA:58,0
DA:64,0
DA:65,0
DA:66,0
DA:67,0
DA:68,0
DA:69,0
DA:71,0
DA:73,0
DA:80,0
DA:81,0
DA:90,0
DA:91,0
DA:92,0
DA:97,0
DA:100,0
DA:101,0
DA:102,0
DA:104,0
DA:105,0
DA:110,0
DA:114,0
DA:115,0
DA:117,0
DA:124,0
DA:125,0
DA:134,0
DA:208,0
DA:209,0
DA:217,0
DA:218,0
DA:225,0
DA:229,0
DA:260,0
DA:264,0
LF:61
LH:0
BRDA:28,0,0,0
BRDA:28,0,1,0
BRDA:28,1,0,0
BRDA:28,1,1,0
BRDA:36,2,0,0
BRDA:36,2,1,0
BRDA:44,3,0,0
BRDA:44,3,1,0
BRDA:56,4,0,0
BRDA:56,4,1,0
BRDA:68,5,0,0
BRDA:68,5,1,0
BRDA:75,6,0,0
BRDA:75,6,1,0
BRDA:91,7,0,0
BRDA:91,7,1,0
BRDA:91,8,0,0
BRDA:91,8,1,0
BRDA:104,9,0,0
BRDA:104,9,1,0
BRDA:119,10,0,0
BRDA:119,10,1,0
BRDA:166,11,0,0
BRDA:166,11,1,0
BRDA:168,12,0,0
BRDA:168,12,1,0
BRDA:168,12,2,0
BRDA:208,13,0,0
BRDA:208,13,1,0
BRDA:210,14,0,0
BRDA:210,14,1,0
BRDA:217,15,0,0
BRDA:217,15,1,0
BRDA:219,16,0,0
BRDA:219,16,1,0
BRDA:260,17,0,0
BRDA:260,17,1,0
BRF:37
BRH:0
end_of_record
TN:
SF:src\components\AdminLayout.jsx
FN:5,AdminLayout
FNF:1
FNH:0
FNDA:0,AdminLayout
DA:6,0
LF:1
LH:0
BRF:0
BRH:0
end_of_record
TN:
SF:src\components\AdminSidebar.jsx
FN:28,AdminSidebar
FN:33,(anonymous_1)
FN:64,(anonymous_2)
FN:69,(anonymous_3)
FN:89,(anonymous_4)
FNF:5
FNH:0
FNDA:0,AdminSidebar
FNDA:0,(anonymous_1)
FNDA:0,(anonymous_2)
FNDA:0,(anonymous_3)
FNDA:0,(anonymous_4)
DA:21,0
DA:29,0
DA:30,0
DA:31,0
DA:33,0
DA:34,0
DA:35,0
DA:38,0
DA:65,0
DA:69,0
DA:89,0
LF:11
LH:0
BRDA:51,0,0,0
BRDA:51,0,1,0
BRDA:58,1,0,0
BRDA:58,1,1,0
BRDA:71,2,0,0
BRDA:71,2,1,0
BRDA:75,3,0,0
BRDA:75,3,1,0
BRDA:94,4,0,0
BRDA:94,4,1,0
BRDA:105,5,0,0
BRDA:105,5,1,0
BRF:12
BRH:0
end_of_record
TN:
SF:src\components\AuthProvider.jsx
FN:5,(anonymous_0)
FN:9,(anonymous_1)
FN:13,(anonymous_2)
FNF:3
FNH:0
FNDA:0,(anonymous_0)
FNDA:0,(anonymous_1)
FNDA:0,(anonymous_2)
DA:5,0
DA:6,0
DA:7,0
DA:9,0
DA:10,0
DA:13,0
DA:14,0
DA:15,0
DA:18,0
DA:20,0
DA:21,0
DA:22,0
DA:23,0
DA:25,0
DA:26,0
DA:27,0
DA:28,0
DA:29,0
DA:30,0
DA:33,0
DA:34,0
DA:38,0
DA:43,0
DA:45,0
DA:47,0
DA:52,0
DA:53,0
DA:60,0
LF:28
LH:0
BRDA:20,0,0,0
BRDA:20,0,1,0
BRDA:23,1,0,0
BRDA:23,1,1,0
BRDA:25,2,0,0
BRDA:25,2,1,0
BRDA:29,3,0,0
BRDA:29,3,1,0
BRDA:29,4,0,0
BRDA:29,4,1,0
BRDA:52,5,0,0
BRDA:52,5,1,0
BRF:12
BRH:0
end_of_record
TN:
SF:src\components\BookingSummary.jsx
FN:6,BookingSummary
FN:23,(anonymous_1)
FN:36,(anonymous_2)
FNF:3
FNH:0
FNDA:0,BookingSummary
FNDA:0,(anonymous_1)
FNDA:0,(anonymous_2)
DA:7,0
DA:9,0
DA:24,0
DA:36,0
LF:4
LH:0
BRDA:7,0,0,0
BRDA:7,0,1,0
BRDA:19,1,0,0
BRDA:19,1,1,0
BRDA:27,2,0,0
BRDA:27,2,1,0
BRDA:46,3,0,0
BRDA:46,3,1,0
BRDA:46,4,0,0
BRDA:46,4,1,0
BRF:10
BRH:0
end_of_record
TN:
SF:src\components\DriverLayout.jsx
FN:5,DriverLayout
FNF:1
FNH:0
FNDA:0,DriverLayout
DA:6,0
LF:1
LH:0
BRF:0
BRH:0
end_of_record
TN:
SF:src\components\DriverSidebar.jsx
FN:34,DriverSidebar
FN:39,(anonymous_1)
FN:75,(anonymous_2)
FN:80,(anonymous_3)
FN:104,(anonymous_4)
FNF:5
FNH:0
FNDA:0,DriverSidebar
FNDA:0,(anonymous_1)
FNDA:0,(anonymous_2)
FNDA:0,(anonymous_3)
FNDA:0,(anonymous_4)
DA:25,0
DA:35,0
DA:36,0
DA:37,0
DA:39,0
DA:40,0
DA:41,0
DA:44,0
DA:76,0
DA:81,0
DA:104,0
LF:11
LH:0
BRDA:48,0,0,0
BRDA:48,0,1,0
BRDA:60,1,0,0
BRDA:60,1,1,0
BRDA:68,2,0,0
BRDA:68,2,1,0
BRDA:83,3,0,0
BRDA:83,3,1,0
BRDA:90,4,0,0
BRDA:90,4,1,0
BRDA:109,5,0,0
BRDA:109,5,1,0
BRDA:120,6,0,0
BRDA:120,6,1,0
BRF:14
BRH:0
end_of_record
TN:
SF:src\components\MouseSparkles.jsx
FN:3,(anonymous_0)
FN:8,(anonymous_1)
FNF:2
FNH:0
FNDA:0,(anonymous_0)
FNDA:0,(anonymous_1)
DA:3,0
DA:4,0
DA:6,0
DA:9,0
LF:4
LH:0
BRF:0
BRH:0
end_of_record
TN:
SF:src\components\ProvinceDistrictWardSelect.jsx
FN:7,ProvinceDistrictWardSelect
FN:17,(anonymous_1)
FN:24,(anonymous_2)
FN:25,(anonymous_3)
FN:28,(anonymous_4)
FN:29,(anonymous_5)
FN:34,(anonymous_6)
FN:36,(anonymous_7)
FN:39,(anonymous_8)
FN:40,(anonymous_9)
FN:45,(anonymous_10)
FN:47,(anonymous_11)
FN:50,(anonymous_12)
FN:51,(anonymous_13)
FN:61,(anonymous_14)
FN:62,(anonymous_15)
FN:72,(anonymous_16)
FN:77,(anonymous_17)
FN:78,(anonymous_18)
FN:86,(anonymous_19)
FN:90,(anonymous_20)
FN:91,(anonymous_21)
FN:98,(anonymous_22)
FNF:23
FNH:0
FNDA:0,ProvinceDistrictWardSelect
FNDA:0,(anonymous_1)
FNDA:0,(anonymous_2)
FNDA:0,(anonymous_3)
FNDA:0,(anonymous_4)
FNDA:0,(anonymous_5)
FNDA:0,(anonymous_6)
FNDA:0,(anonymous_7)
FNDA:0,(anonymous_8)
FNDA:0,(anonymous_9)
FNDA:0,(anonymous_10)
FNDA:0,(anonymous_11)
FNDA:0,(anonymous_12)
FNDA:0,(anonymous_13)
FNDA:0,(anonymous_14)
FNDA:0,(anonymous_15)
FNDA:0,(anonymous_16)
FNDA:0,(anonymous_17)
FNDA:0,(anonymous_18)
FNDA:0,(anonymous_19)
FNDA:0,(anonymous_20)
FNDA:0,(anonymous_21)
FNDA:0,(anonymous_22)
DA:5,0
DA:8,0
DA:9,0
DA:10,0
DA:11,0
DA:13,0
DA:14,0
DA:15,0
DA:17,0
DA:18,0
DA:19,0
DA:20,0
DA:21,0
DA:24,0
DA:25,0
DA:26,0
DA:27,0
DA:28,0
DA:29,0
DA:30,0
DA:34,0
DA:35,0
DA:36,0
DA:37,0
DA:38,0
DA:39,0
DA:40,0
DA:41,0
DA:45,0
DA:46,0
DA:47,0
DA:48,0
DA:49,0
DA:50,0
DA:51,0
DA:52,0
DA:56,0
DA:62,0
DA:63,0
DA:72,0
DA:78,0
DA:79,0
DA:86,0
DA:91,0
DA:92,0
DA:98,0
LF:46
LH:0
BRDA:7,0,0,0
BRDA:35,1,0,0
BRDA:35,1,1,0
BRDA:40,2,0,0
BRDA:40,2,1,0
BRDA:46,3,0,0
BRDA:46,3,1,0
BRDA:51,4,0,0
BRDA:51,4,1,0
BRF:9
BRH:0
end_of_record
TN:
SF:src\components\StaffLayout.jsx
FN:6,StaffLayout
FNF:1
FNH:0
FNDA:0,StaffLayout
DA:7,0
LF:1
LH:0
BRF:0
BRH:0
end_of_record
TN:
SF:src\components\StaffSidebar.jsx
FN:35,StaffSidebar
FN:40,(anonymous_1)
FN:73,(anonymous_2)
FN:78,(anonymous_3)
FN:102,(anonymous_4)
FNF:5
FNH:0
FNDA:0,StaffSidebar
FNDA:0,(anonymous_1)
FNDA:0,(anonymous_2)
FNDA:0,(anonymous_3)
FNDA:0,(anonymous_4)
DA:26,0
DA:36,0
DA:37,0
DA:38,0
DA:40,0
DA:42,0
DA:74,0
DA:79,0
DA:102,0
LF:9
LH:0
BRDA:58,0,0,0
BRDA:58,0,1,0
BRDA:66,1,0,0
BRDA:66,1,1,0
BRDA:81,2,0,0
BRDA:81,2,1,0
BRDA:88,3,0,0
BRDA:88,3,1,0
BRDA:107,4,0,0
BRDA:107,4,1,0
BRDA:118,5,0,0
BRDA:118,5,1,0
BRF:12
BRH:0
end_of_record
TN:
SF:src\components\ui\accordion.jsx
FN:6,(anonymous_0)
FN:8,(anonymous_1)
FN:15,(anonymous_2)
FNF:3
FNH:0
FNDA:0,(anonymous_0)
FNDA:0,(anonymous_1)
FNDA:0,(anonymous_2)
DA:5,0
DA:6,0
DA:7,0
DA:8,0
DA:14,0
DA:15,0
DA:18,0
LF:7
LH:0
BRF:0
BRH:0
end_of_record
TN:
SF:src\components\ui\alert-dialog.jsx
FN:8,(anonymous_0)
FN:10,(anonymous_1)
FN:15,(anonymous_2)
FN:17,(anonymous_3)
FN:19,(anonymous_4)
FN:21,(anonymous_5)
FN:23,(anonymous_6)
FN:25,(anonymous_7)
FNF:8
FNH:0
FNDA:0,(anonymous_0)
FNDA:0,(anonymous_1)
FNDA:0,(anonymous_2)
FNDA:0,(anonymous_3)
FNDA:0,(anonymous_4)
FNDA:0,(anonymous_5)
FNDA:0,(anonymous_6)
FNDA:0,(anonymous_7)
DA:5,0
DA:6,0
DA:7,0
DA:8,0
DA:9,0
DA:10,0
DA:14,0
DA:15,0
DA:16,0
DA:17,0
DA:18,0
DA:19,0
DA:20,0
DA:21,0
DA:22,0
DA:23,0
DA:24,0
DA:25,0
DA:26,0
LF:19
LH:0
BRF:0
BRH:0
end_of_record
TN:
SF:src\components\ui\alert.jsx
FN:15,(anonymous_0)
FN:17,(anonymous_1)
FN:19,(anonymous_2)
FNF:3
FNH:0
FNDA:0,(anonymous_0)
FNDA:0,(anonymous_1)
FNDA:0,(anonymous_2)
DA:4,0
DA:15,0
DA:16,0
DA:17,0
DA:18,0
DA:19,0
DA:20,0
LF:7
LH:0
BRF:0
BRH:0
end_of_record
TN:
SF:src\components\ui\aspect-ratio.jsx
FNF:0
FNH:0
DA:2,0
LF:1
LH:0
BRF:0
BRH:0
end_of_record
TN:
SF:src\components\ui\avatar.jsx
FN:4,(anonymous_0)
FN:6,(anonymous_1)
FN:8,(anonymous_2)
FNF:3
FNH:0
FNDA:0,(anonymous_0)
FNDA:0,(anonymous_1)
FNDA:0,(anonymous_2)
DA:4,0
DA:5,0
DA:6,0
DA:7,0
DA:8,0
DA:9,0
LF:6
LH:0
BRF:0
BRH:0
end_of_record
TN:
SF:src\components\ui\badge.jsx
FN:17,Badge
FNF:1
FNH:1
FNDA:103,Badge
DA:4,1
DA:18,103
LF:2
LH:2
BRF:0
BRH:0
end_of_record
TN:
SF:src\components\ui\breadcrumb.jsx
FN:5,(anonymous_0)
FN:7,(anonymous_1)
FN:9,(anonymous_2)
FN:11,(anonymous_3)
FN:16,(anonymous_4)
FN:18,(anonymous_5)
FN:22,(anonymous_6)
FNF:7
FNH:0
FNDA:0,(anonymous_0)
FNDA:0,(anonymous_1)
FNDA:0,(anonymous_2)
FNDA:0,(anonymous_3)
FNDA:0,(anonymous_4)
FNDA:0,(anonymous_5)
FNDA:0,(anonymous_6)
DA:5,0
DA:6,0
DA:7,0
DA:8,0
DA:9,0
DA:10,0
DA:11,0
DA:12,0
DA:13,0
DA:15,0
DA:16,0
DA:17,0
DA:18,0
DA:21,0
DA:22,0
DA:26,0
LF:16
LH:0
BRDA:12,0,0,0
BRDA:12,0,1,0
BRDA:19,1,0,0
BRDA:19,1,1,0
BRF:4
BRH:0
end_of_record
TN:
SF:src\components\ui\button.jsx
FN:27,(anonymous_0)
FNF:1
FNH:1
FNDA:926,(anonymous_0)
DA:5,1
DA:27,1
DA:28,926
DA:29,926
DA:31,1
LF:5
LH:5
BRDA:27,0,0,926
BRDA:28,1,0,0
BRDA:28,1,1,926
BRF:3
BRH:2
end_of_record
TN:
SF:src\components\ui\calendar.jsx
FN:6,Calendar
FN:31,(anonymous_1)
FN:32,(anonymous_2)
FNF:3
FNH:0
FNDA:0,Calendar
FNDA:0,(anonymous_1)
FNDA:0,(anonymous_2)
DA:7,0
DA:31,0
DA:32,0
DA:35,0
LF:4
LH:0
BRDA:6,0,0,0
BRF:1
BRH:0
end_of_record
TN:
SF:src\components\ui\card.jsx
FN:3,(anonymous_0)
FN:5,(anonymous_1)
FN:7,(anonymous_2)
FN:9,(anonymous_3)
FN:11,(anonymous_4)
FN:13,(anonymous_5)
FNF:6
FNH:5
FNDA:651,(anonymous_0)
FNDA:537,(anonymous_1)
FNDA:537,(anonymous_2)
FNDA:320,(anonymous_3)
FNDA:651,(anonymous_4)
FNDA:0,(anonymous_5)
DA:3,651
DA:4,1
DA:5,537
DA:6,1
DA:7,537
DA:8,1
DA:9,320
DA:10,1
DA:11,651
DA:12,1
DA:13,1
DA:14,1
LF:12
LH:12
BRF:0
BRH:0
end_of_record
TN:
SF:src\components\ui\carousel.jsx
FN:7,useCarousel
FN:14,(anonymous_1)
FN:21,(anonymous_2)
FN:28,(anonymous_3)
FN:31,(anonymous_4)
FN:34,(anonymous_5)
FN:44,(anonymous_6)
FN:50,(anonymous_7)
FN:57,(anonymous_8)
FN:77,(anonymous_9)
FN:84,(anonymous_10)
FN:89,(anonymous_11)
FN:99,(anonymous_12)
FNF:13
FNH:0
FNDA:0,useCarousel
FNDA:0,(anonymous_1)
FNDA:0,(anonymous_2)
FNDA:0,(anonymous_3)
FNDA:0,(anonymous_4)
FNDA:0,(anonymous_5)
FNDA:0,(anonymous_6)
FNDA:0,(anonymous_7)
FNDA:0,(anonymous_8)
FNDA:0,(anonymous_9)
FNDA:0,(anonymous_10)
FNDA:0,(anonymous_11)
FNDA:0,(anonymous_12)
DA:6,0
DA:8,0
DA:9,0
DA:10,0
DA:12,0
DA:14,0
DA:15,0
DA:19,0
DA:20,0
DA:21,0
DA:22,0
DA:23,0
DA:25,0
DA:26,0
DA:28,0
DA:29,0
DA:31,0
DA:32,0
DA:34,0
DA:35,0
DA:36,0
DA:37,0
DA:39,0
DA:40,0
DA:41,0
DA:44,0
DA:45,0
DA:46,0
DA:48,0
DA:50,0
DA:51,0
DA:52,0
DA:54,0
DA:55,0
DA:56,0
DA:57,0
DA:58,0
DA:61,0
DA:76,0
DA:77,0
DA:78,0
DA:79,0
DA:83,0
DA:84,0
DA:85,0
DA:86,0
DA:88,0
DA:89,0
DA:90,0
DA:91,0
DA:98,0
DA:99,0
DA:100,0
DA:101,0
DA:108,0
LF:55
LH:0
BRDA:9,0,0,0
BRDA:9,0,1,0
BRDA:14,1,0,0
BRDA:17,2,0,0
BRDA:17,2,1,0
BRDA:22,3,0,0
BRDA:22,3,1,0
BRDA:35,4,0,0
BRDA:35,4,1,0
BRDA:39,5,0,0
BRDA:39,5,1,0
BRDA:45,6,0,0
BRDA:45,6,1,0
BRDA:45,7,0,0
BRDA:45,7,1,0
BRDA:51,8,0,0
BRDA:51,8,1,0
BRDA:65,9,0,0
BRDA:65,9,1,0
BRDA:65,10,0,0
BRDA:65,10,1,0
BRDA:80,11,0,0
BRDA:80,11,1,0
BRDA:86,12,0,0
BRDA:86,12,1,0
BRDA:89,13,0,0
BRDA:89,14,0,0
BRDA:91,15,0,0
BRDA:91,15,1,0
BRDA:99,16,0,0
BRDA:99,17,0,0
BRDA:101,18,0,0
BRDA:101,18,1,0
BRF:33
BRH:0
end_of_record
TN:
SF:src\components\ui\chart.jsx
FN:7,useChart
FN:14,(anonymous_1)
FN:25,(anonymous_2)
FN:26,(anonymous_3)
FN:32,(anonymous_4)
FN:35,(anonymous_5)
FN:46,(anonymous_6)
FN:48,(anonymous_7)
FN:73,(anonymous_8)
FN:105,(anonymous_9)
FN:111,(anonymous_10)
FN:125,getPayloadConfigFromPayload
FNF:12
FNH:0
FNDA:0,useChart
FNDA:0,(anonymous_1)
FNDA:0,(anonymous_2)
FNDA:0,(anonymous_3)
FNDA:0,(anonymous_4)
FNDA:0,(anonymous_5)
FNDA:0,(anonymous_6)
FNDA:0,(anonymous_7)
FNDA:0,(anonymous_8)
FNDA:0,(anonymous_9)
FNDA:0,(anonymous_10)
FNDA:0,getPayloadConfigFromPayload
DA:5,0
DA:6,0
DA:8,0
DA:9,0
DA:10,0
DA:12,0
DA:14,0
DA:15,0
DA:16,0
DA:17,0
DA:24,0
DA:25,0
DA:26,0
DA:27,0
DA:28,0
DA:30,0
DA:32,0
DA:36,0
DA:37,0
DA:45,0
DA:46,0
DA:47,0
DA:48,0
DA:49,0
DA:50,0
DA:52,0
DA:53,0
DA:54,0
DA:55,0
DA:58,0
DA:59,0
DA:61,0
DA:62,0
DA:64,0
DA:66,0
DA:67,0
DA:69,0
DA:70,0
DA:74,0
DA:75,0
DA:76,0
DA:77,0
DA:103,0
DA:104,0
DA:105,0
DA:106,0
DA:107,0
DA:108,0
DA:110,0
DA:112,0
DA:113,0
DA:114,0
DA:123,0
DA:126,0
DA:127,0
DA:129,0
DA:132,0
DA:133,0
DA:134,0
DA:136,0
DA:139,0
DA:141,0
LF:62
LH:0
BRDA:9,0,0,0
BRDA:9,0,1,0
BRDA:16,1,0,0
BRDA:16,1,1,0
BRDA:26,2,0,0
BRDA:26,2,1,0
BRDA:27,3,0,0
BRDA:27,3,1,0
BRDA:36,4,0,0
BRDA:36,4,1,0
BRDA:37,5,0,0
BRDA:37,5,1,0
BRDA:46,6,0,0
BRDA:46,7,0,0
BRDA:46,8,0,0
BRDA:49,9,0,0
BRDA:49,9,1,0
BRDA:49,10,0,0
BRDA:49,10,1,0
BRDA:53,11,0,0
BRDA:53,11,1,0
BRDA:53,11,2,0
BRDA:53,11,3,0
BRDA:55,12,0,0
BRDA:55,12,1,0
BRDA:55,13,0,0
BRDA:55,13,1,0
BRDA:56,14,0,0
BRDA:56,14,1,0
BRDA:58,15,0,0
BRDA:58,15,1,0
BRDA:61,16,0,0
BRDA:61,16,1,0
BRDA:66,17,0,0
BRDA:66,17,1,0
BRDA:66,18,0,0
BRDA:66,18,1,0
BRDA:69,19,0,0
BRDA:69,19,1,0
BRDA:71,20,0,0
BRDA:71,20,1,0
BRDA:74,21,0,0
BRDA:74,21,1,0
BRDA:74,21,2,0
BRDA:74,21,3,0
BRDA:76,22,0,0
BRDA:76,22,1,0
BRDA:76,22,2,0
BRDA:77,23,0,0
BRDA:77,23,1,0
BRDA:78,24,0,0
BRDA:78,24,1,0
BRDA:78,25,0,0
BRDA:78,25,1,0
BRDA:78,25,2,0
BRDA:79,26,0,0
BRDA:79,26,1,0
BRDA:79,27,0,0
BRDA:79,27,1,0
BRDA:83,28,0,0
BRDA:83,28,1,0
BRDA:88,29,0,0
BRDA:88,29,1,0
BRDA:90,30,0,0
BRDA:90,30,1,0
BRDA:91,31,0,0
BRDA:91,31,1,0
BRDA:93,32,0,0
BRDA:93,32,1,0
BRDA:105,33,0,0
BRDA:105,34,0,0
BRDA:107,35,0,0
BRDA:107,35,1,0
BRDA:110,36,0,0
BRDA:110,36,1,0
BRDA:112,37,0,0
BRDA:112,37,1,0
BRDA:112,37,2,0
BRDA:115,38,0,0
BRDA:115,38,1,0
BRDA:115,39,0,0
BRDA:115,39,1,0
BRDA:126,40,0,0
BRDA:126,40,1,0
BRDA:126,41,0,0
BRDA:126,41,1,0
BRDA:129,42,0,0
BRDA:129,42,1,0
BRDA:129,43,0,0
BRDA:129,43,1,0
BRDA:129,43,2,0
BRDA:133,44,0,0
BRDA:133,44,1,0
BRDA:133,45,0,0
BRDA:133,45,1,0
BRDA:136,46,0,0
BRDA:136,46,1,0
BRDA:136,47,0,0
BRDA:136,47,1,0
BRDA:136,47,2,0
BRDA:141,48,0,0
BRDA:141,48,1,0
BRF:102
BRH:0
end_of_record
TN:
SF:src\components\ui\checkbox.jsx
FN:5,(anonymous_0)
FNF:1
FNH:0
FNDA:0,(anonymous_0)
DA:5,0
DA:10,0
LF:2
LH:0
BRF:0
BRH:0
end_of_record
TN:
SF:src\components\ui\collapsible.jsx
FNF:0
FNH:0
DA:2,0
DA:3,0
DA:4,0
LF:3
LH:0
BRF:0
BRH:0
end_of_record
TN:
SF:src\components\ui\command.jsx
FN:6,(anonymous_0)
FN:8,(anonymous_1)
FN:17,(anonymous_2)
FN:22,(anonymous_3)
FN:24,(anonymous_4)
FN:26,(anonymous_5)
FN:28,(anonymous_6)
FN:30,(anonymous_7)
FN:32,(anonymous_8)
FNF:9
FNH:0
FNDA:0,(anonymous_0)
FNDA:0,(anonymous_1)
FNDA:0,(anonymous_2)
FNDA:0,(anonymous_3)
FNDA:0,(anonymous_4)
FNDA:0,(anonymous_5)
FNDA:0,(anonymous_6)
FNDA:0,(anonymous_7)
FNDA:0,(anonymous_8)
DA:6,0
DA:7,0
DA:8,0
DA:9,0
DA:17,0
DA:21,0
DA:22,0
DA:23,0
DA:24,0
DA:25,0
DA:26,0
DA:27,0
DA:28,0
DA:29,0
DA:30,0
DA:31,0
DA:32,0
DA:33,0
DA:35,0
LF:19
LH:0
BRF:0
BRH:0
end_of_record
TN:
SF:src\components\ui\context-menu.jsx
FN:11,(anonymous_0)
FN:16,(anonymous_1)
FN:18,(anonymous_2)
FN:22,(anonymous_3)
FN:24,(anonymous_4)
FN:33,(anonymous_5)
FN:42,(anonymous_6)
FN:44,(anonymous_7)
FN:46,(anonymous_8)
FNF:9
FNH:0
FNDA:0,(anonymous_0)
FNDA:0,(anonymous_1)
FNDA:0,(anonymous_2)
FNDA:0,(anonymous_3)
FNDA:0,(anonymous_4)
FNDA:0,(anonymous_5)
FNDA:0,(anonymous_6)
FNDA:0,(anonymous_7)
FNDA:0,(anonymous_8)
DA:5,0
DA:6,0
DA:7,0
DA:8,0
DA:9,0
DA:10,0
DA:11,0
DA:15,0
DA:16,0
DA:17,0
DA:18,0
DA:21,0
DA:22,0
DA:23,0
DA:24,0
DA:32,0
DA:33,0
DA:41,0
DA:42,0
DA:43,0
DA:44,0
DA:45,0
DA:46,0
DA:47,0
DA:49,0
LF:25
LH:0
BRDA:11,0,0,0
BRDA:11,0,1,0
BRDA:22,1,0,0
BRDA:22,1,1,0
BRDA:42,2,0,0
BRDA:42,2,1,0
BRF:6
BRH:0
end_of_record
TN:
SF:src\components\ui\dialog.jsx
FN:9,(anonymous_0)
FN:11,(anonymous_1)
FN:22,(anonymous_2)
FN:24,(anonymous_3)
FN:26,(anonymous_4)
FN:28,(anonymous_5)
FNF:6
FNH:5
FNDA:47,(anonymous_0)
FNDA:434,(anonymous_1)
FNDA:33,(anonymous_2)
FNDA:0,(anonymous_3)
FNDA:33,(anonymous_4)
FNDA:33,(anonymous_5)
DA:5,1
DA:6,1
DA:7,1
DA:8,1
DA:9,47
DA:10,1
DA:11,434
DA:21,1
DA:22,33
DA:23,1
DA:24,1
DA:25,1
DA:26,33
DA:27,1
DA:28,33
DA:29,1
LF:16
LH:16
BRF:0
BRH:0
end_of_record
TN:
SF:src\components\ui\drawer.jsx
FN:4,(anonymous_0)
FN:9,(anonymous_1)
FN:11,(anonymous_2)
FN:19,(anonymous_3)
FN:21,(anonymous_4)
FN:23,(anonymous_5)
FN:25,(anonymous_6)
FNF:7
FNH:0
FNDA:0,(anonymous_0)
FNDA:0,(anonymous_1)
FNDA:0,(anonymous_2)
FNDA:0,(anonymous_3)
FNDA:0,(anonymous_4)
FNDA:0,(anonymous_5)
FNDA:0,(anonymous_6)
DA:4,0
DA:5,0
DA:6,0
DA:7,0
DA:8,0
DA:9,0
DA:10,0
DA:11,0
DA:18,0
DA:19,0
DA:20,0
DA:21,0
DA:22,0
DA:23,0
DA:24,0
DA:25,0
DA:26,0
LF:17
LH:0
BRDA:4,0,0,0
BRF:1
BRH:0
end_of_record
TN:
SF:src\components\ui\dropdown-menu.jsx
FN:11,(anonymous_0)
FN:16,(anonymous_1)
FN:18,(anonymous_2)
FN:22,(anonymous_3)
FN:24,(anonymous_4)
FN:33,(anonymous_5)
FN:42,(anonymous_6)
FN:44,(anonymous_7)
FN:46,(anonymous_8)
FNF:9
FNH:0
FNDA:0,(anonymous_0)
FNDA:0,(anonymous_1)
FNDA:0,(anonymous_2)
FNDA:0,(anonymous_3)
FNDA:0,(anonymous_4)
FNDA:0,(anonymous_5)
FNDA:0,(anonymous_6)
FNDA:0,(anonymous_7)
FNDA:0,(anonymous_8)
DA:5,0
DA:6,0
DA:7,0
DA:8,0
DA:9,0
DA:10,0
DA:11,0
DA:15,0
DA:16,0
DA:17,0
DA:18,0
DA:21,0
DA:22,0
DA:23,0
DA:24,0
DA:32,0
DA:33,0
DA:41,0
DA:42,0
DA:43,0
DA:44,0
DA:45,0
DA:46,0
DA:47,0
DA:49,0
LF:25
LH:0
BRDA:11,0,0,0
BRDA:11,0,1,0
BRDA:18,1,0,0
BRDA:22,2,0,0
BRDA:22,2,1,0
BRDA:42,3,0,0
BRDA:42,3,1,0
BRF:7
BRH:0
end_of_record
TN:
SF:src\components\ui\form.jsx
FN:8,(anonymous_0)
FN:13,(anonymous_1)
FN:32,(anonymous_2)
FN:39,(anonymous_3)
FN:44,(anonymous_4)
FN:49,(anonymous_5)
FN:54,(anonymous_6)
FNF:7
FNH:0
FNDA:0,(anonymous_0)
FNDA:0,(anonymous_1)
FNDA:0,(anonymous_2)
FNDA:0,(anonymous_3)
FNDA:0,(anonymous_4)
FNDA:0,(anonymous_5)
FNDA:0,(anonymous_6)
DA:6,0
DA:7,0
DA:8,0
DA:9,0
DA:13,0
DA:14,0
DA:15,0
DA:16,0
DA:17,0
DA:18,0
DA:19,0
DA:21,0
DA:22,0
DA:31,0
DA:32,0
DA:33,0
DA:34,0
DA:38,0
DA:39,0
DA:40,0
DA:41,0
DA:43,0
DA:44,0
DA:45,0
DA:46,0
DA:48,0
DA:49,0
DA:50,0
DA:51,0
DA:53,0
DA:54,0
DA:55,0
DA:56,0
DA:57,0
DA:58,0
DA:60,0
DA:64,0
LF:37
LH:0
BRDA:18,0,0,0
BRDA:18,0,1,0
BRDA:41,1,0,0
BRDA:41,1,1,0
BRDA:46,2,0,0
BRDA:46,2,1,0
BRDA:56,3,0,0
BRDA:56,3,1,0
BRDA:57,4,0,0
BRDA:57,4,1,0
BRF:10
BRH:0
end_of_record
TN:
SF:src\components\ui\hover-card.jsx
FN:6,(anonymous_0)
FNF:1
FNH:0
FNDA:0,(anonymous_0)
DA:4,0
DA:5,0
DA:6,0
DA:7,0
LF:4
LH:0
BRDA:6,0,0,0
BRDA:6,1,0,0
BRF:2
BRH:0
end_of_record
TN:
SF:src\components\ui\input-otp.jsx
FN:5,(anonymous_0)
FN:7,(anonymous_1)
FN:9,(anonymous_2)
FN:20,(anonymous_3)
FNF:4
FNH:0
FNDA:0,(anonymous_0)
FNDA:0,(anonymous_1)
FNDA:0,(anonymous_2)
FNDA:0,(anonymous_3)
DA:5,0
DA:6,0
DA:7,0
DA:8,0
DA:9,0
DA:10,0
DA:11,0
DA:12,0
DA:19,0
DA:20,0
DA:23,0
LF:11
LH:0
BRDA:12,0,0,0
BRDA:12,0,1,0
BRDA:14,1,0,0
BRDA:14,1,1,0
BRF:4
BRH:0
end_of_record
TN:
SF:src\components\ui\input.jsx
FN:3,(anonymous_0)
FNF:1
FNH:1
FNDA:161,(anonymous_0)
DA:3,1
DA:4,161
DA:6,1
LF:3
LH:3
BRF:0
BRH:0
end_of_record
TN:
SF:src\components\ui\label.jsx
FN:6,(anonymous_0)
FNF:1
FNH:1
FNDA:219,(anonymous_0)
DA:5,1
DA:6,219
DA:7,1
LF:3
LH:3
BRF:0
BRH:0
end_of_record
TN:
SF:src\components\ui\menubar.jsx
FN:10,(anonymous_0)
FN:12,(anonymous_1)
FN:14,(anonymous_2)
FN:19,(anonymous_3)
FN:21,(anonymous_4)
FN:25,(anonymous_5)
FN:27,(anonymous_6)
FN:36,(anonymous_7)
FN:45,(anonymous_8)
FN:47,(anonymous_9)
FN:49,(anonymous_10)
FNF:11
FNH:0
FNDA:0,(anonymous_0)
FNDA:0,(anonymous_1)
FNDA:0,(anonymous_2)
FNDA:0,(anonymous_3)
FNDA:0,(anonymous_4)
FNDA:0,(anonymous_5)
FNDA:0,(anonymous_6)
FNDA:0,(anonymous_7)
FNDA:0,(anonymous_8)
FNDA:0,(anonymous_9)
FNDA:0,(anonymous_10)
DA:5,0
DA:6,0
DA:7,0
DA:8,0
DA:9,0
DA:10,0
DA:11,0
DA:12,0
DA:13,0
DA:14,0
DA:18,0
DA:19,0
DA:20,0
DA:21,0
DA:24,0
DA:25,0
DA:26,0
DA:27,0
DA:35,0
DA:36,0
DA:44,0
DA:45,0
DA:46,0
DA:47,0
DA:48,0
DA:49,0
DA:50,0
DA:52,0
LF:28
LH:0
BRDA:14,0,0,0
BRDA:14,0,1,0
BRDA:21,1,0,0
BRDA:21,2,0,0
BRDA:21,3,0,0
BRDA:25,4,0,0
BRDA:25,4,1,0
BRDA:45,5,0,0
BRDA:45,5,1,0
BRF:9
BRH:0
end_of_record
TN:
SF:src\components\ui\navigation-menu.jsx
FN:6,(anonymous_0)
FN:11,(anonymous_1)
FN:15,(anonymous_2)
FN:20,(anonymous_3)
FN:23,(anonymous_4)
FN:27,(anonymous_5)
FNF:6
FNH:0
FNDA:0,(anonymous_0)
FNDA:0,(anonymous_1)
FNDA:0,(anonymous_2)
FNDA:0,(anonymous_3)
FNDA:0,(anonymous_4)
FNDA:0,(anonymous_5)
DA:6,0
DA:10,0
DA:11,0
DA:12,0
DA:13,0
DA:14,0
DA:15,0
DA:19,0
DA:20,0
DA:21,0
DA:22,0
DA:23,0
DA:26,0
DA:27,0
DA:30,0
LF:15
LH:0
BRF:0
BRH:0
end_of_record
TN:
SF:src\components\ui\pagination.jsx
FN:5,(anonymous_0)
FN:7,(anonymous_1)
FN:9,(anonymous_2)
FN:11,(anonymous_3)
FN:16,(anonymous_4)
FN:21,(anonymous_5)
FN:26,(anonymous_6)
FNF:7
FNH:0
FNDA:0,(anonymous_0)
FNDA:0,(anonymous_1)
FNDA:0,(anonymous_2)
FNDA:0,(anonymous_3)
FNDA:0,(anonymous_4)
FNDA:0,(anonymous_5)
FNDA:0,(anonymous_6)
DA:5,0
DA:6,0
DA:7,0
DA:8,0
DA:9,0
DA:10,0
DA:11,0
DA:15,0
DA:16,0
DA:20,0
DA:21,0
DA:25,0
DA:26,0
DA:30,0
LF:14
LH:0
BRDA:11,0,0,0
BRDA:11,1,0,0
BRDA:11,1,1,0
BRDA:12,2,0,0
BRDA:12,2,1,0
BRF:5
BRH:0
end_of_record
TN:
SF:src\components\ui\popover.jsx
FN:6,(anonymous_0)
FNF:1
FNH:0
FNDA:0,(anonymous_0)
DA:4,0
DA:5,0
DA:6,0
DA:9,0
LF:4
LH:0
BRDA:6,0,0,0
BRDA:6,1,0,0
BRF:2
BRH:0
end_of_record
TN:
SF:src\components\ui\progress.jsx
FN:4,(anonymous_0)
FNF:1
FNH:0
FNDA:0,(anonymous_0)
DA:4,0
DA:7,0
LF:2
LH:0
BRDA:5,0,0,0
BRDA:5,0,1,0
BRF:2
BRH:0
end_of_record
TN:
SF:src\components\ui\radio-group.jsx
FN:5,(anonymous_0)
FN:9,(anonymous_1)
FNF:2
FNH:0
FNDA:0,(anonymous_0)
FNDA:0,(anonymous_1)
DA:5,0
DA:6,0
DA:8,0
DA:9,0
DA:10,0
DA:16,0
LF:6
LH:0
BRF:0
BRH:0
end_of_record
TN:
SF:src\components\ui\resizable.jsx
FN:4,(anonymous_0)
FN:6,(anonymous_1)
FNF:2
FNH:0
FNDA:0,(anonymous_0)
FNDA:0,(anonymous_1)
DA:4,0
DA:5,0
DA:6,0
LF:3
LH:0
BRDA:7,0,0,0
BRDA:7,0,1,0
BRF:2
BRH:0
end_of_record
TN:
SF:src\components\ui\scroll-area.jsx
FN:4,(anonymous_0)
FN:10,(anonymous_1)
FNF:2
FNH:0
FNDA:0,(anonymous_0)
FNDA:0,(anonymous_1)
DA:4,0
DA:9,0
DA:10,0
DA:13,0
LF:4
LH:0
BRDA:10,0,0,0
BRDA:10,1,0,0
BRDA:10,1,1,0
BRDA:10,2,0,0
BRDA:10,2,1,0
BRF:5
BRH:0
end_of_record
TN:
SF:src\components\ui\select.jsx
FN:8,(anonymous_0)
FN:15,(anonymous_1)
FN:19,(anonymous_2)
FN:23,(anonymous_3)
FN:35,(anonymous_4)
FN:37,(anonymous_5)
FN:47,(anonymous_6)
FNF:7
FNH:0
FNDA:0,(anonymous_0)
FNDA:0,(anonymous_1)
FNDA:0,(anonymous_2)
FNDA:0,(anonymous_3)
FNDA:0,(anonymous_4)
FNDA:0,(anonymous_5)
FNDA:0,(anonymous_6)
DA:5,0
DA:6,0
DA:7,0
DA:8,0
DA:14,0
DA:15,0
DA:18,0
DA:19,0
DA:22,0
DA:23,0
DA:34,0
DA:35,0
DA:36,0
DA:37,0
DA:46,0
DA:47,0
DA:48,0
LF:17
LH:0
BRDA:23,0,0,0
BRDA:24,1,0,0
BRDA:24,1,1,0
BRDA:27,2,0,0
BRDA:27,2,1,0
BRF:5
BRH:0
end_of_record
TN:
SF:src\components\ui\separator.jsx
FN:4,(anonymous_0)
FNF:1
FNH:0
FNDA:0,(anonymous_0)
DA:4,0
DA:5,0
LF:2
LH:0
BRDA:4,0,0,0
BRDA:4,1,0,0
BRDA:4,2,0,0
BRDA:4,2,1,0
BRF:4
BRH:0
end_of_record
TN:
SF:src\components\ui\sheet.jsx
FN:10,(anonymous_0)
FN:25,(anonymous_1)
FN:36,(anonymous_2)
FN:38,(anonymous_3)
FN:40,(anonymous_4)
FN:42,(anonymous_5)
FNF:6
FNH:0
FNDA:0,(anonymous_0)
FNDA:0,(anonymous_1)
FNDA:0,(anonymous_2)
FNDA:0,(anonymous_3)
FNDA:0,(anonymous_4)
FNDA:0,(anonymous_5)
DA:6,0
DA:7,0
DA:8,0
DA:9,0
DA:10,0
DA:11,0
DA:12,0
DA:25,0
DA:35,0
DA:36,0
DA:37,0
DA:38,0
DA:39,0
DA:40,0
DA:41,0
DA:42,0
DA:43,0
LF:17
LH:0
BRDA:25,0,0,0
BRF:1
BRH:0
end_of_record
TN:
SF:src\components\ui\sidebar.jsx
FN:20,useSidebar
FN:27,(anonymous_1)
FN:34,(anonymous_2)
FN:46,(anonymous_3)
FN:47,(anonymous_4)
FN:47,(anonymous_5)
FN:50,(anonymous_6)
FN:51,(anonymous_7)
FN:58,(anonymous_8)
FN:63,(anonymous_9)
FN:85,(anonymous_10)
FN:120,(anonymous_11)
FN:122,(anonymous_12)
FN:131,(anonymous_13)
FN:136,(anonymous_14)
FN:140,(anonymous_15)
FN:144,(anonymous_16)
FN:148,(anonymous_17)
FN:152,(anonymous_18)
FN:156,(anonymous_19)
FN:160,(anonymous_20)
FN:164,(anonymous_21)
FN:169,(anonymous_22)
FN:176,(anonymous_23)
FN:178,(anonymous_24)
FN:180,(anonymous_25)
FN:199,(anonymous_26)
FN:217,(anonymous_27)
FN:225,(anonymous_28)
FN:227,(anonymous_29)
FN:229,(anonymous_30)
FN:240,(anonymous_31)
FN:242,(anonymous_32)
FN:244,(anonymous_33)
FNF:34
FNH:0
FNDA:0,useSidebar
FNDA:0,(anonymous_1)
FNDA:0,(anonymous_2)
FNDA:0,(anonymous_3)
FNDA:0,(anonymous_4)
FNDA:0,(anonymous_5)
FNDA:0,(anonymous_6)
FNDA:0,(anonymous_7)
FNDA:0,(anonymous_8)
FNDA:0,(anonymous_9)
FNDA:0,(anonymous_10)
FNDA:0,(anonymous_11)
FNDA:0,(anonymous_12)
FNDA:0,(anonymous_13)
FNDA:0,(anonymous_14)
FNDA:0,(anonymous_15)
FNDA:0,(anonymous_16)
FNDA:0,(anonymous_17)
FNDA:0,(anonymous_18)
FNDA:0,(anonymous_19)
FNDA:0,(anonymous_20)
FNDA:0,(anonymous_21)
FNDA:0,(anonymous_22)
FNDA:0,(anonymous_23)
FNDA:0,(anonymous_24)
FNDA:0,(anonymous_25)
FNDA:0,(anonymous_26)
FNDA:0,(anonymous_27)
FNDA:0,(anonymous_28)
FNDA:0,(anonymous_29)
FNDA:0,(anonymous_30)
FNDA:0,(anonymous_31)
FNDA:0,(anonymous_32)
FNDA:0,(anonymous_33)
DA:13,0
DA:14,0
DA:15,0
DA:16,0
DA:17,0
DA:18,0
DA:19,0
DA:21,0
DA:22,0
DA:23,0
DA:25,0
DA:27,0
DA:28,0
DA:29,0
DA:32,0
DA:33,0
DA:34,0
DA:35,0
DA:36,0
DA:37,0
DA:40,0
DA:43,0
DA:46,0
DA:47,0
DA:50,0
DA:51,0
DA:52,0
DA:53,0
DA:54,0
DA:57,0
DA:58,0
DA:62,0
DA:63,0
DA:72,0
DA:84,0
DA:85,0
DA:86,0
DA:87,0
DA:88,0
DA:92,0
DA:93,0
DA:101,0
DA:119,0
DA:120,0
DA:121,0
DA:122,0
DA:123,0
DA:124,0
DA:130,0
DA:131,0
DA:132,0
DA:133,0
DA:135,0
DA:136,0
DA:137,0
DA:139,0
DA:140,0
DA:141,0
DA:143,0
DA:144,0
DA:145,0
DA:147,0
DA:148,0
DA:149,0
DA:151,0
DA:152,0
DA:153,0
DA:155,0
DA:156,0
DA:157,0
DA:159,0
DA:160,0
DA:161,0
DA:163,0
DA:164,0
DA:165,0
DA:166,0
DA:168,0
DA:169,0
DA:170,0
DA:171,0
DA:175,0
DA:176,0
DA:177,0
DA:178,0
DA:179,0
DA:180,0
DA:181,0
DA:182,0
DA:199,0
DA:200,0
DA:201,0
DA:202,0
DA:203,0
DA:204,0
DA:206,0
DA:207,0
DA:211,0
DA:216,0
DA:217,0
DA:218,0
DA:219,0
DA:224,0
DA:225,0
DA:226,0
DA:227,0
DA:229,0
DA:230,0
DA:232,0
DA:239,0
DA:240,0
DA:241,0
DA:242,0
DA:243,0
DA:244,0
DA:245,0
DA:246,0
DA:248,0
LF:118
LH:0
BRDA:22,0,0,0
BRDA:22,0,1,0
BRDA:27,1,0,0
BRDA:33,2,0,0
BRDA:33,2,1,0
BRDA:35,3,0,0
BRDA:35,3,1,0
BRDA:36,4,0,0
BRDA:36,4,1,0
BRDA:47,5,0,0
BRDA:47,5,1,0
BRDA:52,6,0,0
BRDA:52,6,1,0
BRDA:52,7,0,0
BRDA:52,7,1,0
BRDA:52,7,2,0
BRDA:62,8,0,0
BRDA:62,8,1,0
BRDA:85,9,0,0
BRDA:85,10,0,0
BRDA:85,11,0,0
BRDA:87,12,0,0
BRDA:87,12,1,0
BRDA:92,13,0,0
BRDA:92,13,1,0
BRDA:101,14,0,0
BRDA:101,14,1,0
BRDA:103,15,0,0
BRDA:103,15,1,0
BRDA:103,16,0,0
BRDA:103,16,1,0
BRDA:106,17,0,0
BRDA:106,17,1,0
BRDA:110,18,0,0
BRDA:110,18,1,0
BRDA:110,19,0,0
BRDA:110,19,1,0
BRDA:164,20,0,0
BRDA:165,21,0,0
BRDA:165,21,1,0
BRDA:169,22,0,0
BRDA:170,23,0,0
BRDA:170,23,1,0
BRDA:199,24,0,0
BRDA:199,25,0,0
BRDA:199,26,0,0
BRDA:199,27,0,0
BRDA:200,28,0,0
BRDA:200,28,1,0
BRDA:203,29,0,0
BRDA:203,29,1,0
BRDA:206,30,0,0
BRDA:206,30,1,0
BRDA:213,31,0,0
BRDA:213,31,1,0
BRDA:217,32,0,0
BRDA:217,33,0,0
BRDA:218,34,0,0
BRDA:218,34,1,0
BRDA:221,35,0,0
BRDA:221,35,1,0
BRDA:227,36,0,0
BRDA:233,37,0,0
BRDA:233,37,1,0
BRDA:244,38,0,0
BRDA:244,39,0,0
BRDA:245,40,0,0
BRDA:245,40,1,0
BRDA:246,41,0,0
BRDA:246,41,1,0
BRDA:246,42,0,0
BRDA:246,42,1,0
BRF:72
BRH:0
end_of_record
TN:
SF:src\components\ui\skeleton.jsx
FN:2,Skeleton
FNF:1
FNH:0
FNDA:0,Skeleton
DA:3,0
LF:1
LH:0
BRF:0
BRH:0
end_of_record
TN:
SF:src\components\ui\slider.jsx
FN:4,(anonymous_0)
FNF:1
FNH:0
FNDA:0,(anonymous_0)
DA:4,0
DA:10,0
LF:2
LH:0
BRF:0
BRH:0
end_of_record
TN:
SF:src\components\ui\sonner.jsx
FN:3,(anonymous_0)
FNF:1
FNH:0
FNDA:0,(anonymous_0)
DA:3,0
DA:4,0
DA:5,0
LF:3
LH:0
BRDA:4,0,0,0
BRF:1
BRH:0
end_of_record
TN:
SF:src\components\ui\switch.jsx
FN:4,(anonymous_0)
FNF:1
FNH:1
FNDA:29,(anonymous_0)
DA:4,29
DA:7,1
LF:2
LH:2
BRF:0
BRH:0
end_of_record
TN:
SF:src\components\ui\table.jsx
FN:3,(anonymous_0)
FN:7,(anonymous_1)
FN:9,(anonymous_2)
FN:11,(anonymous_3)
FN:13,(anonymous_4)
FN:15,(anonymous_5)
FN:17,(anonymous_6)
FN:19,(anonymous_7)
FNF:8
FNH:0
FNDA:0,(anonymous_0)
FNDA:0,(anonymous_1)
FNDA:0,(anonymous_2)
FNDA:0,(anonymous_3)
FNDA:0,(anonymous_4)
FNDA:0,(anonymous_5)
FNDA:0,(anonymous_6)
FNDA:0,(anonymous_7)
DA:3,0
DA:6,0
DA:7,0
DA:8,0
DA:9,0
DA:10,0
DA:11,0
DA:12,0
DA:13,0
DA:14,0
DA:15,0
DA:16,0
DA:17,0
DA:18,0
DA:19,0
DA:20,0
LF:16
LH:0
BRF:0
BRH:0
end_of_record
TN:
SF:src\components\ui\tabs.jsx
FN:5,(anonymous_0)
FN:7,(anonymous_1)
FN:9,(anonymous_2)
FNF:3
FNH:0
FNDA:0,(anonymous_0)
FNDA:0,(anonymous_1)
FNDA:0,(anonymous_2)
DA:4,0
DA:5,0
DA:6,0
DA:7,0
DA:8,0
DA:9,0
DA:10,0
LF:7
LH:0
BRF:0
BRH:0
end_of_record
TN:
SF:src\components\ui\textarea.jsx
FN:3,(anonymous_0)
FNF:1
FNH:1
FNDA:29,(anonymous_0)
DA:3,1
DA:4,29
DA:6,1
LF:3
LH:3
BRF:0
BRH:0
end_of_record
TN:
SF:src\components\ui\toast.jsx
FN:7,(anonymous_0)
FN:20,(anonymous_1)
FN:24,(anonymous_2)
FN:26,(anonymous_3)
FN:30,(anonymous_4)
FN:32,(anonymous_5)
FNF:6
FNH:0
FNDA:0,(anonymous_0)
FNDA:0,(anonymous_1)
FNDA:0,(anonymous_2)
FNDA:0,(anonymous_3)
FNDA:0,(anonymous_4)
FNDA:0,(anonymous_5)
DA:6,0
DA:7,0
DA:8,0
DA:9,0
DA:20,0
DA:21,0
DA:23,0
DA:24,0
DA:25,0
DA:26,0
DA:29,0
DA:30,0
DA:31,0
DA:32,0
DA:33,0
LF:15
LH:0
BRF:0
BRH:0
end_of_record
TN:
SF:src\components\ui\toaster.jsx
FN:3,Toaster
FN:6,(anonymous_1)
FNF:2
FNH:0
FNDA:0,Toaster
FNDA:0,(anonymous_1)
DA:4,0
DA:5,0
DA:7,0
LF:3
LH:0
BRDA:9,0,0,0
BRDA:9,0,1,0
BRDA:10,1,0,0
BRDA:10,1,1,0
BRF:4
BRH:0
end_of_record
TN:
SF:src\components\ui\toggle-group.jsx
FN:9,(anonymous_0)
FN:13,(anonymous_1)
FNF:2
FNH:0
FNDA:0,(anonymous_0)
FNDA:0,(anonymous_1)
DA:5,0
DA:9,0
DA:12,0
DA:13,0
DA:14,0
DA:15,0
DA:22,0
LF:7
LH:0
BRDA:16,0,0,0
BRDA:16,0,1,0
BRDA:17,1,0,0
BRDA:17,1,1,0
BRF:4
BRH:0
end_of_record
TN:
SF:src\components\ui\toggle.jsx
FN:22,(anonymous_0)
FNF:1
FNH:0
FNDA:0,(anonymous_0)
DA:5,0
DA:22,0
DA:23,0
LF:3
LH:0
BRF:0
BRH:0
end_of_record
TN:
SF:src\components\ui\tooltip.jsx
FN:7,(anonymous_0)
FNF:1
FNH:0
FNDA:0,(anonymous_0)
DA:4,0
DA:5,0
DA:6,0
DA:7,0
DA:8,0
LF:5
LH:0
BRDA:7,0,0,0
BRF:1
BRH:0
end_of_record
TN:
SF:src\contexts\system.context.jsx
FN:5,(anonymous_0)
FNF:1
FNH:0
FNDA:0,(anonymous_0)
DA:3,1
DA:5,1
DA:6,0
DA:7,0
DA:8,0
DA:9,0
DA:10,0
DA:11,0
LF:8
LH:2
BRF:0
BRH:0
end_of_record
TN:
SF:src\hooks\use-mobile.jsx
FN:3,useIsMobile
FN:5,(anonymous_1)
FN:7,(anonymous_2)
FN:12,(anonymous_3)
FNF:4
FNH:0
FNDA:0,useIsMobile
FNDA:0,(anonymous_1)
FNDA:0,(anonymous_2)
FNDA:0,(anonymous_3)
DA:2,0
DA:4,0
DA:5,0
DA:6,0
DA:7,0
DA:8,0
DA:10,0
DA:11,0
DA:12,0
DA:14,0
LF:10
LH:0
BRF:0
BRH:0
end_of_record
TN:
SF:src\hooks\useMouseSparkles.jsx
FN:3,(anonymous_0)
FN:8,(anonymous_1)
FN:31,(anonymous_2)
FN:38,(anonymous_3)
FN:41,(anonymous_4)
FN:46,(anonymous_5)
FN:49,(anonymous_6)
FN:52,(anonymous_7)
FN:53,(anonymous_8)
FN:55,(anonymous_9)
FN:61,(anonymous_10)
FN:65,(anonymous_11)
FNF:12
FNH:0
FNDA:0,(anonymous_0)
FNDA:0,(anonymous_1)
FNDA:0,(anonymous_2)
FNDA:0,(anonymous_3)
FNDA:0,(anonymous_4)
FNDA:0,(anonymous_5)
FNDA:0,(anonymous_6)
FNDA:0,(anonymous_7)
FNDA:0,(anonymous_8)
FNDA:0,(anonymous_9)
FNDA:0,(anonymous_10)
FNDA:0,(anonymous_11)
DA:3,0
DA:4,0
DA:5,0
DA:6,0
DA:8,0
DA:9,0
DA:11,0
DA:13,0
DA:15,0
DA:17,0
DA:19,0
DA:20,0
DA:31,0
DA:32,0
DA:34,0
DA:38,0
DA:39,0
DA:41,0
DA:42,0
DA:45,0
DA:46,0
DA:49,0
DA:50,0
DA:52,0
DA:53,0
DA:54,0
DA:55,0
DA:61,0
DA:65,0
DA:68,0
LF:30
LH:0
BRDA:3,0,0,0
BRDA:11,1,0,0
BRDA:11,1,1,0
BRDA:17,2,0,0
BRDA:17,2,1,0
BRDA:39,3,0,0
BRDA:39,3,1,0
BRDA:50,4,0,0
BRDA:50,4,1,0
BRF:9
BRH:0
end_of_record
TN:
SF:src\pages\AdminPrivateRouter.jsx
FN:6,(anonymous_0)
FNF:1
FNH:0
FNDA:0,(anonymous_0)
DA:6,0
DA:7,0
DA:8,0
DA:9,0
DA:15,0
DA:24,0
LF:6
LH:0
BRDA:8,0,0,0
BRDA:8,0,1,0
BRDA:8,1,0,0
BRDA:8,1,1,0
BRF:4
BRH:0
end_of_record
TN:
SF:src\pages\DriverPrivateRouter.jsx
FN:6,(anonymous_0)
FNF:1
FNH:0
FNDA:0,(anonymous_0)
DA:6,0
DA:7,0
DA:8,0
DA:9,0
DA:15,0
DA:24,0
LF:6
LH:0
BRDA:8,0,0,0
BRDA:8,0,1,0
BRDA:8,1,0,0
BRDA:8,1,1,0
BRF:4
BRH:0
end_of_record
TN:
SF:src\pages\GoongMap.jsx
FN:10,drawCircle
FN:25,SimpleGoongMap
FN:49,(anonymous_2)
FN:55,(anonymous_3)
FN:57,(anonymous_4)
FN:64,(anonymous_5)
FN:66,(anonymous_6)
FN:80,(anonymous_7)
FN:86,(anonymous_8)
FN:123,(anonymous_9)
FN:128,(anonymous_10)
FN:134,(anonymous_11)
FN:176,(anonymous_12)
FN:194,(anonymous_13)
FN:196,(anonymous_14)
FN:197,(anonymous_15)
FN:200,(anonymous_16)
FN:206,(anonymous_17)
FN:208,(anonymous_18)
FN:218,(anonymous_19)
FN:222,(anonymous_20)
FN:238,(anonymous_21)
FN:263,(anonymous_22)
FN:264,(anonymous_23)
FN:268,(anonymous_24)
FN:277,(anonymous_25)
FN:282,(anonymous_26)
FN:286,(anonymous_27)
FN:289,(anonymous_28)
FN:298,(anonymous_29)
FN:307,(anonymous_30)
FN:320,(anonymous_31)
FN:321,(anonymous_32)
FN:332,(anonymous_33)
FN:335,(anonymous_34)
FN:382,(anonymous_35)
FN:420,(anonymous_36)
FN:421,(anonymous_37)
FN:433,(anonymous_38)
FN:436,(anonymous_39)
FNF:40
FNH:0
FNDA:0,drawCircle
FNDA:0,SimpleGoongMap
FNDA:0,(anonymous_2)
FNDA:0,(anonymous_3)
FNDA:0,(anonymous_4)
FNDA:0,(anonymous_5)
FNDA:0,(anonymous_6)
FNDA:0,(anonymous_7)
FNDA:0,(anonymous_8)
FNDA:0,(anonymous_9)
FNDA:0,(anonymous_10)
FNDA:0,(anonymous_11)
FNDA:0,(anonymous_12)
FNDA:0,(anonymous_13)
FNDA:0,(anonymous_14)
FNDA:0,(anonymous_15)
FNDA:0,(anonymous_16)
FNDA:0,(anonymous_17)
FNDA:0,(anonymous_18)
FNDA:0,(anonymous_19)
FNDA:0,(anonymous_20)
FNDA:0,(anonymous_21)
FNDA:0,(anonymous_22)
FNDA:0,(anonymous_23)
FNDA:0,(anonymous_24)
FNDA:0,(anonymous_25)
FNDA:0,(anonymous_26)
FNDA:0,(anonymous_27)
FNDA:0,(anonymous_28)
FNDA:0,(anonymous_29)
FNDA:0,(anonymous_30)
FNDA:0,(anonymous_31)
FNDA:0,(anonymous_32)
FNDA:0,(anonymous_33)
FNDA:0,(anonymous_34)
FNDA:0,(anonymous_35)
FNDA:0,(anonymous_36)
FNDA:0,(anonymous_37)
FNDA:0,(anonymous_38)
FNDA:0,(anonymous_39)
DA:5,0
DA:6,0
DA:7,0
DA:11,0
DA:12,0
DA:13,0
DA:14,0
DA:15,0
DA:16,0
DA:17,0
DA:18,0
DA:19,0
DA:21,0
DA:22,0
DA:33,0
DA:34,0
DA:35,0
DA:36,0
DA:38,0
DA:39,0
DA:40,0
DA:41,0
DA:42,0
DA:43,0
DA:44,0
DA:45,0
DA:46,0
DA:49,0
DA:50,0
DA:51,0
DA:54,0
DA:56,0
DA:57,0
DA:63,0
DA:64,0
DA:66,0
DA:80,0
DA:81,0
DA:82,0
DA:85,0
DA:86,0
DA:87,0
DA:90,0
DA:101,0
DA:102,0
DA:105,0
DA:106,0
DA:107,0
DA:110,0
DA:111,0
DA:113,0
DA:114,0
DA:123,0
DA:124,0
DA:125,0
DA:128,0
DA:129,0
DA:131,0
DA:134,0
DA:136,0
DA:137,0
DA:140,0
DA:141,0
DA:152,0
DA:153,0
DA:154,0
DA:167,0
DA:168,0
DA:171,0
DA:176,0
DA:177,0
DA:178,0
DA:189,0
DA:194,0
DA:195,0
DA:196,0
DA:198,0
DA:201,0
DA:202,0
DA:206,0
DA:207,0
DA:208,0
DA:209,0
DA:210,0
DA:211,0
DA:212,0
DA:213,0
DA:214,0
DA:215,0
DA:218,0
DA:222,0
DA:223,0
DA:225,0
DA:232,0
DA:234,0
DA:237,0
DA:238,0
DA:239,0
DA:242,0
DA:243,0
DA:247,0
DA:248,0
DA:257,0
DA:262,0
DA:263,0
DA:265,0
DA:266,0
DA:269,0
DA:274,0
DA:277,0
DA:278,0
DA:279,0
DA:280,0
DA:281,0
DA:282,0
DA:286,0
DA:287,0
DA:289,0
DA:290,0
DA:291,0
DA:292,0
DA:293,0
DA:294,0
DA:298,0
DA:299,0
DA:300,0
DA:301,0
DA:302,0
DA:303,0
DA:307,0
DA:308,0
DA:309,0
DA:310,0
DA:311,0
DA:312,0
DA:314,0
DA:315,0
DA:320,0
DA:321,0
DA:322,0
DA:323,0
DA:324,0
DA:325,0
DA:326,0
DA:327,0
DA:329,0
DA:332,0
DA:335,0
DA:336,0
DA:337,0
DA:338,0
DA:339,0
DA:340,0
DA:341,0
DA:342,0
DA:343,0
DA:346,0
DA:348,0
DA:349,0
DA:353,0
DA:354,0
DA:364,0
DA:368,0
DA:369,0
DA:371,0
DA:372,0
DA:373,0
DA:375,0
DA:376,0
DA:377,0
DA:382,0
DA:383,0
DA:384,0
DA:388,0
DA:420,0
DA:421,0
DA:434,0
DA:436,0
LF:178
LH:0
BRDA:26,0,0,0
BRDA:27,1,0,0
BRDA:31,2,0,0
BRDA:50,3,0,0
BRDA:50,3,1,0
BRDA:50,3,2,0
BRDA:51,4,0,0
BRDA:51,4,1,0
BRDA:57,5,0,0
BRDA:57,5,1,0
BRDA:70,6,0,0
BRDA:70,6,1,0
BRDA:71,7,0,0
BRDA:71,7,1,0
BRDA:72,8,0,0
BRDA:72,8,1,0
BRDA:80,9,0,0
BRDA:82,10,0,0
BRDA:82,10,1,0
BRDA:85,11,0,0
BRDA:85,11,1,0
BRDA:106,12,0,0
BRDA:106,12,1,0
BRDA:106,13,0,0
BRDA:106,13,1,0
BRDA:110,14,0,0
BRDA:110,14,1,0
BRDA:111,15,0,0
BRDA:111,15,1,0
BRDA:125,16,0,0
BRDA:125,16,1,0
BRDA:131,17,0,0
BRDA:131,17,1,0
BRDA:153,18,0,0
BRDA:153,18,1,0
BRDA:182,19,0,0
BRDA:182,19,1,0
BRDA:183,20,0,0
BRDA:183,20,1,0
BRDA:207,21,0,0
BRDA:207,21,1,0
BRDA:212,22,0,0
BRDA:212,22,1,0
BRDA:215,23,0,0
BRDA:215,23,1,0
BRDA:223,24,0,0
BRDA:223,24,1,0
BRDA:223,25,0,0
BRDA:223,25,1,0
BRDA:223,25,2,0
BRDA:237,26,0,0
BRDA:237,26,1,0
BRDA:242,27,0,0
BRDA:242,27,1,0
BRDA:265,28,0,0
BRDA:265,28,1,0
BRDA:278,29,0,0
BRDA:278,29,1,0
BRDA:291,30,0,0
BRDA:291,30,1,0
BRDA:292,31,0,0
BRDA:292,31,1,0
BRDA:299,32,0,0
BRDA:299,32,1,0
BRDA:300,33,0,0
BRDA:300,33,1,0
BRDA:303,34,0,0
BRDA:303,34,1,0
BRDA:309,35,0,0
BRDA:309,35,1,0
BRDA:311,36,0,0
BRDA:311,36,1,0
BRDA:311,37,0,0
BRDA:311,37,1,0
BRDA:314,38,0,0
BRDA:314,38,1,0
BRDA:322,39,0,0
BRDA:322,39,1,0
BRDA:327,40,0,0
BRDA:327,40,1,0
BRDA:340,41,0,0
BRDA:340,41,1,0
BRDA:341,42,0,0
BRDA:341,42,1,0
BRDA:343,43,0,0
BRDA:343,43,1,0
BRDA:343,43,2,0
BRDA:346,44,0,0
BRDA:346,44,1,0
BRDA:348,45,0,0
BRDA:348,45,1,0
BRDA:383,46,0,0
BRDA:383,46,1,0
BRDA:383,47,0,0
BRDA:383,47,1,0
BRDA:395,48,0,0
BRDA:395,48,1,0
BRDA:395,48,2,0
BRDA:431,49,0,0
BRDA:431,49,1,0
BRDA:431,49,2,0
BRF:101
BRH:0
end_of_record
TN:
SF:src\pages\Index.jsx
FN:5,(anonymous_0)
FNF:1
FNH:0
FNDA:0,(anonymous_0)
DA:5,0
DA:6,0
LF:2
LH:0
BRF:0
BRH:0
end_of_record
TN:
SF:src\pages\Landing.jsx
FN:12,(anonymous_0)
FN:37,(anonymous_1)
FN:299,(anonymous_2)
FNF:3
FNH:0
FNDA:0,(anonymous_0)
FNDA:0,(anonymous_1)
FNDA:0,(anonymous_2)
DA:12,0
DA:13,0
DA:16,0
DA:17,0
DA:19,0
DA:38,0
DA:300,0
LF:7
LH:0
BRF:0
BRH:0
end_of_record
TN:
SF:src\pages\Login.jsx
FN:20,(anonymous_0)
FN:33,(anonymous_1)
FN:38,(anonymous_2)
FN:39,(anonymous_3)
FN:46,(anonymous_4)
FN:52,(anonymous_5)
FN:57,(anonymous_6)
FN:114,(anonymous_7)
FN:155,(anonymous_8)
FN:191,(anonymous_9)
FN:201,(anonymous_10)
FN:246,(anonymous_11)
FN:252,(anonymous_12)
FN:253,(anonymous_13)
FN:268,(anonymous_14)
FN:307,(anonymous_15)
FNF:16
FNH:0
FNDA:0,(anonymous_0)
FNDA:0,(anonymous_1)
FNDA:0,(anonymous_2)
FNDA:0,(anonymous_3)
FNDA:0,(anonymous_4)
FNDA:0,(anonymous_5)
FNDA:0,(anonymous_6)
FNDA:0,(anonymous_7)
FNDA:0,(anonymous_8)
FNDA:0,(anonymous_9)
FNDA:0,(anonymous_10)
FNDA:0,(anonymous_11)
FNDA:0,(anonymous_12)
FNDA:0,(anonymous_13)
FNDA:0,(anonymous_14)
FNDA:0,(anonymous_15)
DA:20,0
DA:21,0
DA:22,0
DA:23,0
DA:27,0
DA:28,0
DA:29,0
DA:30,0
DA:31,0
DA:33,0
DA:34,0
DA:35,0
DA:38,0
DA:39,0
DA:46,0
DA:47,0
DA:52,0
DA:53,0
DA:57,0
DA:58,0
DA:59,0
DA:60,0
DA:61,0
DA:66,0
DA:68,0
DA:69,0
DA:74,0
DA:77,0
DA:78,0
DA:79,0
DA:81,0
DA:83,0
DA:84,0
DA:89,0
DA:92,0
DA:98,0
DA:99,0
DA:101,0
DA:102,0
DA:104,0
DA:110,0
DA:114,0
DA:115,0
DA:116,0
DA:118,0
DA:119,0
DA:122,0
DA:124,0
DA:125,0
DA:130,0
DA:133,0
DA:139,0
DA:140,0
DA:142,0
DA:143,0
DA:145,0
DA:151,0
DA:155,0
DA:156,0
DA:157,0
DA:158,0
DA:163,0
DA:166,0
DA:167,0
DA:169,0
DA:170,0
DA:175,0
DA:178,0
DA:179,0
DA:181,0
DA:192,0
DA:202,0
DA:213,0
DA:221,0
DA:246,0
DA:252,0
DA:253,0
DA:269,0
DA:307,0
LF:79
LH:0
BRDA:35,0,0,0
BRDA:35,0,1,0
BRDA:47,1,0,0
BRDA:47,1,1,0
BRDA:47,1,2,0
BRDA:47,1,3,0
BRDA:53,2,0,0
BRDA:53,2,1,0
BRDA:53,2,2,0
BRDA:59,3,0,0
BRDA:59,3,1,0
BRDA:60,4,0,0
BRDA:60,4,1,0
BRDA:60,5,0,0
BRDA:60,5,1,0
BRDA:68,6,0,0
BRDA:68,6,1,0
BRDA:83,7,0,0
BRDA:83,7,1,0
BRDA:94,8,0,0
BRDA:94,8,1,0
BRDA:94,8,2,0
BRDA:101,9,0,0
BRDA:101,9,1,0
BRDA:124,10,0,0
BRDA:124,10,1,0
BRDA:135,11,0,0
BRDA:135,11,1,0
BRDA:142,12,0,0
BRDA:142,12,1,0
BRDA:147,13,0,0
BRDA:147,13,1,0
BRDA:157,14,0,0
BRDA:157,14,1,0
BRDA:169,15,0,0
BRDA:169,15,1,0
BRDA:215,16,0,0
BRDA:215,16,1,0
BRDA:252,17,0,0
BRDA:252,17,1,0
BRDA:254,18,0,0
BRDA:254,18,1,0
BRDA:263,19,0,0
BRDA:263,19,1,0
BRF:44
BRH:0
end_of_record
TN:
SF:src\pages\NotFound.jsx
FN:5,(anonymous_0)
FNF:1
FNH:0
FNDA:0,(anonymous_0)
DA:5,0
DA:6,0
LF:2
LH:0
BRF:0
BRH:0
end_of_record
TN:
SF:src\pages\ResetPassword.jsx
FN:13,(anonymous_0)
FN:26,(anonymous_1)
FN:33,(anonymous_2)
FN:39,(anonymous_3)
FN:40,(anonymous_4)
FN:46,(anonymous_5)
FN:52,(anonymous_6)
FN:58,(anonymous_7)
FN:113,(anonymous_8)
FN:182,(anonymous_9)
FN:191,(anonymous_10)
FN:207,(anonymous_11)
FN:216,(anonymous_12)
FN:236,(anonymous_13)
FNF:14
FNH:0
FNDA:0,(anonymous_0)
FNDA:0,(anonymous_1)
FNDA:0,(anonymous_2)
FNDA:0,(anonymous_3)
FNDA:0,(anonymous_4)
FNDA:0,(anonymous_5)
FNDA:0,(anonymous_6)
FNDA:0,(anonymous_7)
FNDA:0,(anonymous_8)
FNDA:0,(anonymous_9)
FNDA:0,(anonymous_10)
FNDA:0,(anonymous_11)
FNDA:0,(anonymous_12)
FNDA:0,(anonymous_13)
DA:13,0
DA:14,0
DA:15,0
DA:16,0
DA:17,0
DA:21,0
DA:22,0
DA:23,0
DA:24,0
DA:26,0
DA:27,0
DA:28,0
DA:33,0
DA:34,0
DA:39,0
DA:40,0
DA:46,0
DA:47,0
DA:52,0
DA:53,0
DA:58,0
DA:59,0
DA:60,0
DA:63,0
DA:64,0
DA:69,0
DA:72,0
DA:73,0
DA:78,0
DA:81,0
DA:82,0
DA:87,0
DA:90,0
DA:91,0
DA:92,0
DA:94,0
DA:97,0
DA:98,0
DA:103,0
DA:106,0
DA:113,0
DA:114,0
DA:118,0
DA:119,0
DA:125,0
DA:130,0
DA:131,0
DA:152,0
DA:182,0
DA:191,0
DA:207,0
DA:216,0
DA:236,0
LF:53
LH:0
BRDA:27,0,0,0
BRDA:27,0,1,0
BRDA:47,1,0,0
BRDA:47,1,1,0
BRDA:47,1,2,0
BRDA:47,1,3,0
BRDA:53,2,0,0
BRDA:53,2,1,0
BRDA:53,2,2,0
BRDA:53,2,3,0
BRDA:53,2,4,0
BRDA:60,3,0,0
BRDA:60,3,1,0
BRDA:63,4,0,0
BRDA:63,4,1,0
BRDA:63,5,0,0
BRDA:63,5,1,0
BRDA:72,6,0,0
BRDA:72,6,1,0
BRDA:81,7,0,0
BRDA:81,7,1,0
BRDA:97,8,0,0
BRDA:97,8,1,0
BRDA:121,9,0,0
BRDA:121,9,1,0
BRDA:121,9,2,0
BRDA:130,10,0,0
BRDA:130,10,1,0
BRDA:179,11,0,0
BRDA:179,11,1,0
BRDA:193,12,0,0
BRDA:193,12,1,0
BRDA:204,13,0,0
BRDA:204,13,1,0
BRDA:218,14,0,0
BRDA:218,14,1,0
BRDA:228,15,0,0
BRDA:228,15,1,0
BRF:38
BRH:0
end_of_record
TN:
SF:src\pages\SignUp.jsx
FN:17,(anonymous_0)
FN:32,(anonymous_1)
FN:40,(anonymous_2)
FN:41,(anonymous_3)
FN:46,(anonymous_4)
FN:146,(anonymous_5)
FN:156,(anonymous_6)
FN:213,(anonymous_7)
FN:221,(anonymous_8)
FN:229,(anonymous_9)
FN:237,(anonymous_10)
FN:245,(anonymous_11)
FN:246,(anonymous_12)
FN:254,(anonymous_13)
FN:255,(anonymous_14)
FN:262,(anonymous_15)
FNF:16
FNH:0
FNDA:0,(anonymous_0)
FNDA:0,(anonymous_1)
FNDA:0,(anonymous_2)
FNDA:0,(anonymous_3)
FNDA:0,(anonymous_4)
FNDA:0,(anonymous_5)
FNDA:0,(anonymous_6)
FNDA:0,(anonymous_7)
FNDA:0,(anonymous_8)
FNDA:0,(anonymous_9)
FNDA:0,(anonymous_10)
FNDA:0,(anonymous_11)
FNDA:0,(anonymous_12)
FNDA:0,(anonymous_13)
FNDA:0,(anonymous_14)
FNDA:0,(anonymous_15)
DA:17,0
DA:18,0
DA:19,0
DA:20,0
DA:21,0
DA:32,0
DA:33,0
DA:34,0
DA:38,0
DA:39,0
DA:40,0
DA:41,0
DA:46,0
DA:47,0
DA:49,0
DA:51,0
DA:56,0
DA:59,0
DA:60,0
DA:61,0
DA:66,0
DA:69,0
DA:70,0
DA:71,0
DA:76,0
DA:79,0
DA:80,0
DA:85,0
DA:87,0
DA:88,0
DA:93,0
DA:95,0
DA:96,0
DA:101,0
DA:103,0
DA:104,0
DA:109,0
DA:112,0
DA:113,0
DA:114,0
DA:122,0
DA:124,0
DA:130,0
DA:135,0
DA:136,0
DA:147,0
DA:157,0
DA:167,0
DA:169,0
DA:176,0
DA:177,0
DA:183,0
DA:188,0
DA:213,0
DA:221,0
DA:229,0
DA:237,0
DA:245,0
DA:246,0
DA:254,0
DA:255,0
DA:262,0
LF:62
LH:0
BRDA:34,0,0,0
BRDA:34,0,1,0
BRDA:49,1,0,0
BRDA:49,1,1,0
BRDA:49,2,0,0
BRDA:49,2,1,0
BRDA:49,2,2,0
BRDA:49,2,3,0
BRDA:49,2,4,0
BRDA:49,2,5,0
BRDA:49,2,6,0
BRDA:60,3,0,0
BRDA:60,3,1,0
BRDA:70,4,0,0
BRDA:70,4,1,0
BRDA:79,5,0,0
BRDA:79,5,1,0
BRDA:87,6,0,0
BRDA:87,6,1,0
BRDA:95,7,0,0
BRDA:95,7,1,0
BRDA:103,8,0,0
BRDA:103,8,1,0
BRDA:124,9,0,0
BRDA:124,9,1,0
BRDA:124,9,2,0
BRDA:124,9,3,0
BRDA:130,10,0,0
BRDA:130,10,1,0
BRDA:130,10,2,0
BRDA:130,10,3,0
BRDA:130,10,4,0
BRDA:135,11,0,0
BRDA:135,11,1,0
BRDA:245,12,0,0
BRDA:245,12,1,0
BRDA:247,13,0,0
BRDA:247,13,1,0
BRDA:254,14,0,0
BRDA:254,14,1,0
BRDA:256,15,0,0
BRDA:256,15,1,0
BRDA:280,16,0,0
BRDA:280,16,1,0
BRF:44
BRH:0
end_of_record
TN:
SF:src\pages\StaffPrivateRouter.jsx
FN:6,(anonymous_0)
FNF:1
FNH:0
FNDA:0,(anonymous_0)
DA:6,0
DA:7,0
DA:8,0
DA:9,0
DA:15,0
DA:24,0
LF:6
LH:0
BRDA:8,0,0,0
BRDA:8,0,1,0
BRDA:8,1,0,0
BRDA:8,1,1,0
BRF:4
BRH:0
end_of_record
TN:
SF:src\pages\VerifyEmail.jsx
FN:9,(anonymous_0)
FN:19,(anonymous_1)
FN:32,(anonymous_2)
FN:46,(anonymous_3)
FN:71,(anonymous_4)
FN:75,(anonymous_5)
FN:101,(anonymous_6)
FN:111,(anonymous_7)
FNF:8
FNH:0
FNDA:0,(anonymous_0)
FNDA:0,(anonymous_1)
FNDA:0,(anonymous_2)
FNDA:0,(anonymous_3)
FNDA:0,(anonymous_4)
FNDA:0,(anonymous_5)
FNDA:0,(anonymous_6)
FNDA:0,(anonymous_7)
DA:9,0
DA:10,0
DA:11,0
DA:12,0
DA:13,0
DA:14,0
DA:15,0
DA:16,0
DA:17,0
DA:19,0
DA:20,0
DA:21,0
DA:23,0
DA:24,0
DA:32,0
DA:33,0
DA:34,0
DA:35,0
DA:36,0
DA:38,0
DA:39,0
DA:40,0
DA:46,0
DA:47,0
DA:50,0
DA:51,0
DA:52,0
DA:59,0
DA:60,0
DA:61,0
DA:62,0
DA:63,0
DA:69,0
DA:71,0
DA:72,0
DA:75,0
DA:76,0
DA:77,0
DA:82,0
DA:85,0
DA:86,0
DA:87,0
DA:88,0
DA:90,0
DA:91,0
DA:102,0
DA:112,0
DA:123,0
DA:130,0
DA:131,0
DA:137,0
DA:141,0
LF:52
LH:0
BRDA:20,0,0,0
BRDA:20,0,1,0
BRDA:38,1,0,0
BRDA:38,1,1,0
BRDA:42,2,0,0
BRDA:42,2,1,0
BRDA:51,3,0,0
BRDA:51,3,1,0
BRDA:54,4,0,0
BRDA:54,4,1,0
BRDA:61,5,0,0
BRDA:61,5,1,0
BRDA:76,6,0,0
BRDA:76,6,1,0
BRDA:90,7,0,0
BRDA:90,7,1,0
BRDA:125,8,0,0
BRDA:125,8,1,0
BRDA:133,9,0,0
BRDA:133,9,1,0
BRDA:146,10,0,0
BRDA:146,10,1,0
BRDA:148,11,0,0
BRDA:148,11,1,0
BRDA:150,12,0,0
BRDA:150,12,1,0
BRDA:157,13,0,0
BRDA:157,13,1,0
BRDA:158,14,0,0
BRDA:158,14,1,0
BRDA:159,15,0,0
BRDA:159,15,1,0
BRDA:163,16,0,0
BRDA:163,16,1,0
BRDA:164,17,0,0
BRDA:164,17,1,0
BRDA:165,18,0,0
BRDA:165,18,1,0
BRDA:174,19,0,0
BRDA:174,19,1,0
BRDA:176,20,0,0
BRDA:176,20,1,0
BRDA:179,21,0,0
BRDA:179,21,1,0
BRDA:179,21,2,0
BRDA:179,21,3,0
BRDA:184,22,0,0
BRDA:184,22,1,0
BRDA:186,23,0,0
BRDA:186,23,1,0
BRF:50
BRH:0
end_of_record
TN:
SF:src\pages\admin\BatteryDispatch.jsx
FN:13,(anonymous_0)
FN:75,(anonymous_1)
FN:96,(anonymous_2)
FN:107,(anonymous_3)
FN:107,(anonymous_4)
FN:117,(anonymous_5)
FN:144,(anonymous_6)
FN:281,(anonymous_7)
FN:294,(anonymous_8)
FN:307,(anonymous_9)
FN:315,(anonymous_10)
FN:319,(anonymous_11)
FN:332,(anonymous_12)
FN:351,(anonymous_13)
FNF:14
FNH:0
FNDA:0,(anonymous_0)
FNDA:0,(anonymous_1)
FNDA:0,(anonymous_2)
FNDA:0,(anonymous_3)
FNDA:0,(anonymous_4)
FNDA:0,(anonymous_5)
FNDA:0,(anonymous_6)
FNDA:0,(anonymous_7)
FNDA:0,(anonymous_8)
FNDA:0,(anonymous_9)
FNDA:0,(anonymous_10)
FNDA:0,(anonymous_11)
FNDA:0,(anonymous_12)
FNDA:0,(anonymous_13)
DA:13,0
DA:14,0
DA:15,0
DA:16,0
DA:17,0
DA:18,0
DA:19,0
DA:20,0
DA:21,0
DA:22,0
DA:29,0
DA:75,0
DA:76,0
DA:78,0
DA:80,0
DA:82,0
DA:84,0
DA:86,0
DA:89,0
DA:96,0
DA:97,0
DA:98,0
DA:103,0
DA:105,0
DA:107,0
DA:110,0
DA:111,0
DA:112,0
DA:113,0
DA:114,0
DA:115,0
DA:117,0
DA:120,0
DA:144,0
DA:281,0
DA:294,0
DA:307,0
DA:315,0
DA:319,0
DA:332,0
DA:351,0
LF:41
LH:0
BRDA:76,0,0,0
BRDA:76,0,1,0
BRDA:76,0,2,0
BRDA:76,0,3,0
BRDA:76,0,4,0
BRDA:97,1,0,0
BRDA:97,1,1,0
BRDA:97,2,0,0
BRDA:97,2,1,0
BRDA:97,2,2,0
BRDA:97,2,3,0
BRDA:117,3,0,0
BRDA:117,3,1,0
BRDA:117,3,2,0
BRDA:384,4,0,0
BRDA:384,4,1,0
BRDA:389,5,0,0
BRDA:389,5,1,0
BRDA:397,6,0,0
BRDA:397,6,1,0
BRF:20
BRH:0
end_of_record
TN:
SF:src\pages\admin\Dashboard.jsx
FN:8,(anonymous_0)
FNF:1
FNH:0
FNDA:0,(anonymous_0)
DA:8,0
DA:9,0
DA:10,0
LF:3
LH:0
BRF:0
BRH:0
end_of_record
TN:
SF:src\pages\admin\Reports.jsx
FN:13,(anonymous_0)
FN:50,(anonymous_1)
FN:169,(anonymous_2)
FN:180,(anonymous_3)
FN:328,(anonymous_4)
FN:381,(anonymous_5)
FN:465,(anonymous_6)
FNF:7
FNH:0
FNDA:0,(anonymous_0)
FNDA:0,(anonymous_1)
FNDA:0,(anonymous_2)
FNDA:0,(anonymous_3)
FNDA:0,(anonymous_4)
FNDA:0,(anonymous_5)
FNDA:0,(anonymous_6)
DA:13,0
DA:14,0
DA:15,0
DA:16,0
DA:20,0
DA:21,0
DA:22,0
DA:50,0
DA:51,0
DA:102,0
DA:104,0
DA:112,0
DA:169,0
DA:180,0
DA:328,0
DA:381,0
DA:465,0
LF:17
LH:0
BRDA:400,0,0,0
BRDA:400,0,1,0
BRDA:481,1,0,0
BRDA:481,1,1,0
BRDA:481,2,0,0
BRDA:481,2,1,0
BRF:6
BRH:0
end_of_record
TN:
SF:src\pages\admin\StaffManagement.jsx
FN:30,(anonymous_0)
FN:42,(anonymous_1)
FN:48,(anonymous_2)
FN:74,(anonymous_3)
FN:77,(anonymous_4)
FN:95,(anonymous_5)
FN:101,(anonymous_6)
FN:105,(anonymous_7)
FN:119,(anonymous_8)
FN:160,(anonymous_9)
FN:168,(anonymous_10)
FN:184,(anonymous_11)
FN:189,(anonymous_12)
FN:190,(anonymous_13)
FN:203,(anonymous_14)
FN:208,(anonymous_15)
FN:210,(anonymous_16)
FN:227,(anonymous_17)
FN:232,(anonymous_18)
FN:246,(anonymous_19)
FN:253,(anonymous_20)
FN:255,(anonymous_21)
FN:328,(anonymous_22)
FN:333,(anonymous_23)
FN:389,(anonymous_24)
FN:441,(anonymous_25)
FN:452,(anonymous_26)
FN:463,(anonymous_27)
FN:476,(anonymous_28)
FN:481,(anonymous_29)
FN:506,(anonymous_30)
FN:532,(anonymous_31)
FN:549,(anonymous_32)
FN:557,(anonymous_33)
FN:567,(anonymous_34)
FN:603,(anonymous_35)
FN:612,(anonymous_36)
FN:617,(anonymous_37)
FN:621,(anonymous_38)
FN:624,(anonymous_39)
FN:625,(anonymous_40)
FN:660,(anonymous_41)
FN:665,(anonymous_42)
FNF:43
FNH:0
FNDA:0,(anonymous_0)
FNDA:0,(anonymous_1)
FNDA:0,(anonymous_2)
FNDA:0,(anonymous_3)
FNDA:0,(anonymous_4)
FNDA:0,(anonymous_5)
FNDA:0,(anonymous_6)
FNDA:0,(anonymous_7)
FNDA:0,(anonymous_8)
FNDA:0,(anonymous_9)
FNDA:0,(anonymous_10)
FNDA:0,(anonymous_11)
FNDA:0,(anonymous_12)
FNDA:0,(anonymous_13)
FNDA:0,(anonymous_14)
FNDA:0,(anonymous_15)
FNDA:0,(anonymous_16)
FNDA:0,(anonymous_17)
FNDA:0,(anonymous_18)
FNDA:0,(anonymous_19)
FNDA:0,(anonymous_20)
FNDA:0,(anonymous_21)
FNDA:0,(anonymous_22)
FNDA:0,(anonymous_23)
FNDA:0,(anonymous_24)
FNDA:0,(anonymous_25)
FNDA:0,(anonymous_26)
FNDA:0,(anonymous_27)
FNDA:0,(anonymous_28)
FNDA:0,(anonymous_29)
FNDA:0,(anonymous_30)
FNDA:0,(anonymous_31)
FNDA:0,(anonymous_32)
FNDA:0,(anonymous_33)
FNDA:0,(anonymous_34)
FNDA:0,(anonymous_35)
FNDA:0,(anonymous_36)
FNDA:0,(anonymous_37)
FNDA:0,(anonymous_38)
FNDA:0,(anonymous_39)
FNDA:0,(anonymous_40)
FNDA:0,(anonymous_41)
FNDA:0,(anonymous_42)
DA:30,0
DA:31,0
DA:34,0
DA:42,0
DA:43,0
DA:48,0
DA:49,0
DA:51,0
DA:52,0
DA:53,0
DA:55,0
DA:57,0
DA:64,0
DA:67,0
DA:68,0
DA:71,0
DA:74,0
DA:75,0
DA:76,0
DA:77,0
DA:88,0
DA:90,0
DA:91,0
DA:95,0
DA:96,0
DA:100,0
DA:101,0
DA:102,0
DA:105,0
DA:106,0
DA:107,0
DA:108,0
DA:110,0
DA:113,0
DA:115,0
DA:119,0
DA:120,0
DA:121,0
DA:122,0
DA:125,0
DA:126,0
DA:127,0
DA:128,0
DA:129,0
DA:130,0
DA:132,0
DA:135,0
DA:136,0
DA:137,0
DA:143,0
DA:144,0
DA:145,0
DA:147,0
DA:148,0
DA:149,0
DA:150,0
DA:152,0
DA:153,0
DA:155,0
DA:160,0
DA:161,0
DA:162,0
DA:163,0
DA:164,0
DA:167,0
DA:168,0
DA:169,0
DA:170,0
DA:171,0
DA:172,0
DA:173,0
DA:175,0
DA:176,0
DA:177,0
DA:178,0
DA:179,0
DA:181,0
DA:182,0
DA:184,0
DA:189,0
DA:190,0
DA:191,0
DA:192,0
DA:193,0
DA:194,0
DA:195,0
DA:197,0
DA:198,0
DA:200,0
DA:201,0
DA:203,0
DA:208,0
DA:209,0
DA:210,0
DA:212,0
DA:213,0
DA:214,0
DA:215,0
DA:217,0
DA:218,0
DA:220,0
DA:221,0
DA:223,0
DA:224,0
DA:225,0
DA:227,0
DA:232,0
DA:233,0
DA:234,0
DA:243,0
DA:246,0
DA:247,0
DA:248,0
DA:249,0
DA:253,0
DA:254,0
DA:255,0
DA:256,0
DA:257,0
DA:260,0
DA:329,0
DA:330,0
DA:331,0
DA:333,0
DA:335,0
DA:338,0
DA:341,0
DA:390,0
DA:441,0
DA:452,0
DA:463,0
DA:476,0
DA:481,0
DA:507,0
DA:508,0
DA:510,0
DA:533,0
DA:549,0
DA:557,0
DA:567,0
DA:603,0
DA:612,0
DA:617,0
DA:623,0
DA:624,0
DA:625,0
DA:626,0
DA:631,0
DA:632,0
DA:633,0
DA:634,0
DA:660,0
DA:665,0
LF:153
LH:0
BRDA:43,0,0,0
BRDA:43,0,1,0
BRDA:43,0,2,0
BRDA:43,0,3,0
BRDA:49,1,0,0
BRDA:49,1,1,0
BRDA:49,1,2,0
BRDA:77,2,0,0
BRDA:77,2,1,0
BRDA:78,3,0,0
BRDA:78,3,1,0
BRDA:78,3,2,0
BRDA:79,4,0,0
BRDA:79,4,1,0
BRDA:79,4,2,0
BRDA:80,5,0,0
BRDA:80,5,1,0
BRDA:81,6,0,0
BRDA:81,6,1,0
BRDA:83,7,0,0
BRDA:83,7,1,0
BRDA:83,8,0,0
BRDA:83,8,1,0
BRDA:83,8,2,0
BRDA:86,9,0,0
BRDA:86,9,1,0
BRDA:110,10,0,0
BRDA:110,10,1,0
BRDA:110,11,0,0
BRDA:110,11,1,0
BRDA:110,11,2,0
BRDA:113,12,0,0
BRDA:113,12,1,0
BRDA:113,13,0,0
BRDA:113,13,1,0
BRDA:120,14,0,0
BRDA:120,14,1,0
BRDA:120,15,0,0
BRDA:120,15,1,0
BRDA:120,15,2,0
BRDA:126,16,0,0
BRDA:126,16,1,0
BRDA:128,17,0,0
BRDA:128,17,1,0
BRDA:143,18,0,0
BRDA:143,18,1,0
BRDA:162,19,0,0
BRDA:162,19,1,0
BRDA:163,20,0,0
BRDA:163,20,1,0
BRDA:163,21,0,0
BRDA:163,21,1,0
BRDA:171,22,0,0
BRDA:171,22,1,0
BRDA:193,23,0,0
BRDA:193,23,1,0
BRDA:214,24,0,0
BRDA:214,24,1,0
BRDA:220,25,0,0
BRDA:220,25,1,0
BRDA:235,26,0,0
BRDA:235,26,1,0
BRDA:236,27,0,0
BRDA:236,27,1,0
BRDA:239,28,0,0
BRDA:239,28,1,0
BRDA:239,29,0,0
BRDA:239,29,1,0
BRDA:254,30,0,0
BRDA:254,30,1,0
BRDA:254,31,0,0
BRDA:254,31,1,0
BRDA:256,32,0,0
BRDA:256,32,1,0
BRDA:256,32,2,0
BRDA:329,33,0,0
BRDA:329,33,1,0
BRDA:335,34,0,0
BRDA:335,34,1,0
BRDA:335,35,0,0
BRDA:335,35,1,0
BRDA:335,35,2,0
BRDA:344,36,0,0
BRDA:344,36,1,0
BRDA:346,37,0,0
BRDA:346,37,1,0
BRDA:357,38,0,0
BRDA:357,38,1,0
BRDA:357,39,0,0
BRDA:357,39,1,0
BRDA:368,40,0,0
BRDA:368,40,1,0
BRDA:370,41,0,0
BRDA:370,41,1,0
BRDA:380,42,0,0
BRDA:380,42,1,0
BRDA:382,43,0,0
BRDA:382,43,1,0
BRDA:395,44,0,0
BRDA:395,44,1,0
BRDA:485,45,0,0
BRDA:485,45,1,0
BRDA:516,46,0,0
BRDA:516,46,1,0
BRDA:530,47,0,0
BRDA:530,47,1,0
BRDA:553,48,0,0
BRDA:553,48,1,0
BRDA:560,49,0,0
BRDA:560,49,1,0
BRDA:570,50,0,0
BRDA:570,50,1,0
BRDA:623,51,0,0
BRDA:623,51,1,0
BRDA:623,52,0,0
BRDA:623,52,1,0
BRDA:623,52,2,0
BRDA:626,53,0,0
BRDA:626,53,1,0
BRF:119
BRH:0
end_of_record
TN:
SF:src\pages\driver\BookingHistory.jsx
FN:24,(anonymous_0)
FN:42,(anonymous_1)
FN:48,(anonymous_2)
FN:69,(anonymous_3)
FN:95,(anonymous_4)
FN:100,(anonymous_5)
FN:122,(anonymous_6)
FN:155,(anonymous_7)
FN:168,(anonymous_8)
FN:176,(anonymous_9)
FN:185,(anonymous_10)
FN:231,(anonymous_11)
FN:245,(anonymous_12)
FN:259,(anonymous_13)
FN:294,(anonymous_14)
FN:324,(anonymous_15)
FN:332,(anonymous_16)
FN:369,(anonymous_17)
FN:393,(anonymous_18)
FN:405,(anonymous_19)
FN:438,(anonymous_20)
FN:447,(anonymous_21)
FN:481,(anonymous_22)
FN:501,(anonymous_23)
FN:553,(anonymous_24)
FN:619,(anonymous_25)
FN:640,(anonymous_26)
FNF:27
FNH:0
FNDA:0,(anonymous_0)
FNDA:0,(anonymous_1)
FNDA:0,(anonymous_2)
FNDA:0,(anonymous_3)
FNDA:0,(anonymous_4)
FNDA:0,(anonymous_5)
FNDA:0,(anonymous_6)
FNDA:0,(anonymous_7)
FNDA:0,(anonymous_8)
FNDA:0,(anonymous_9)
FNDA:0,(anonymous_10)
FNDA:0,(anonymous_11)
FNDA:0,(anonymous_12)
FNDA:0,(anonymous_13)
FNDA:0,(anonymous_14)
FNDA:0,(anonymous_15)
FNDA:0,(anonymous_16)
FNDA:0,(anonymous_17)
FNDA:0,(anonymous_18)
FNDA:0,(anonymous_19)
FNDA:0,(anonymous_20)
FNDA:0,(anonymous_21)
FNDA:0,(anonymous_22)
FNDA:0,(anonymous_23)
FNDA:0,(anonymous_24)
FNDA:0,(anonymous_25)
FNDA:0,(anonymous_26)
DA:23,0
DA:24,0
DA:25,0
DA:26,0
DA:27,0
DA:28,0
DA:29,0
DA:30,0
DA:31,0
DA:32,0
DA:33,0
DA:34,0
DA:35,0
DA:36,0
DA:37,0
DA:38,0
DA:39,0
DA:40,0
DA:41,0
DA:42,0
DA:43,0
DA:44,0
DA:45,0
DA:46,0
DA:47,0
DA:48,0
DA:49,0
DA:51,0
DA:52,0
DA:60,0
DA:66,0
DA:69,0
DA:70,0
DA:71,0
DA:72,0
DA:73,0
DA:74,0
DA:75,0
DA:76,0
DA:77,0
DA:85,0
DA:91,0
DA:95,0
DA:96,0
DA:100,0
DA:102,0
DA:106,0
DA:109,0
DA:110,0
DA:111,0
DA:112,0
DA:113,0
DA:114,0
DA:117,0
DA:120,0
DA:122,0
DA:123,0
DA:124,0
DA:126,0
DA:127,0
DA:128,0
DA:129,0
DA:133,0
DA:134,0
DA:135,0
DA:136,0
DA:137,0
DA:144,0
DA:151,0
DA:155,0
DA:156,0
DA:158,0
DA:160,0
DA:162,0
DA:164,0
DA:168,0
DA:169,0
DA:170,0
DA:171,0
DA:172,0
DA:173,0
DA:176,0
DA:177,0
DA:178,0
DA:179,0
DA:180,0
DA:181,0
DA:182,0
DA:185,0
DA:187,0
DA:188,0
DA:189,0
DA:190,0
DA:192,0
DA:200,0
DA:231,0
DA:245,0
DA:259,0
DA:294,0
DA:324,0
DA:333,0
DA:334,0
DA:335,0
DA:370,0
DA:394,0
DA:395,0
DA:396,0
DA:397,0
DA:405,0
DA:438,0
DA:447,0
DA:482,0
DA:501,0
DA:554,0
DA:555,0
DA:620,0
DA:621,0
DA:640,0
LF:118
LH:0
BRDA:46,0,0,0
BRDA:46,0,1,0
BRDA:47,1,0,0
BRDA:47,1,1,0
BRDA:48,2,0,0
BRDA:48,2,1,0
BRDA:51,3,0,0
BRDA:51,3,1,0
BRDA:74,4,0,0
BRDA:74,4,1,0
BRDA:76,5,0,0
BRDA:76,5,1,0
BRDA:100,6,0,0
BRDA:100,6,1,0
BRDA:102,7,0,0
BRDA:102,7,1,0
BRDA:102,7,2,0
BRDA:106,8,0,0
BRDA:106,8,1,0
BRDA:110,9,0,0
BRDA:110,9,1,0
BRDA:111,10,0,0
BRDA:111,10,1,0
BRDA:111,11,0,0
BRDA:111,11,1,0
BRDA:113,12,0,0
BRDA:113,12,1,0
BRDA:113,13,0,0
BRDA:113,13,1,0
BRDA:114,14,0,0
BRDA:114,14,1,0
BRDA:114,15,0,0
BRDA:114,15,1,0
BRDA:117,16,0,0
BRDA:117,16,1,0
BRDA:117,16,2,0
BRDA:123,17,0,0
BRDA:123,17,1,0
BRDA:128,18,0,0
BRDA:128,18,1,0
BRDA:136,19,0,0
BRDA:136,19,1,0
BRDA:139,20,0,0
BRDA:139,20,1,0
BRDA:139,21,0,0
BRDA:139,21,1,0
BRDA:146,22,0,0
BRDA:146,22,1,0
BRDA:146,23,0,0
BRDA:146,23,1,0
BRDA:156,24,0,0
BRDA:156,24,1,0
BRDA:156,24,2,0
BRDA:156,24,3,0
BRDA:169,25,0,0
BRDA:169,25,1,0
BRDA:169,25,2,0
BRDA:169,25,3,0
BRDA:173,26,0,0
BRDA:173,26,1,0
BRDA:188,27,0,0
BRDA:188,27,1,0
BRDA:321,28,0,0
BRDA:321,28,1,0
BRDA:322,29,0,0
BRDA:322,29,1,0
BRDA:324,30,0,0
BRDA:324,30,1,0
BRDA:357,31,0,0
BRDA:357,31,1,0
BRDA:357,32,0,0
BRDA:357,32,1,0
BRDA:390,33,0,0
BRDA:390,33,1,0
BRDA:395,34,0,0
BRDA:395,34,1,0
BRDA:456,35,0,0
BRDA:456,35,1,0
BRDA:459,36,0,0
BRDA:459,36,1,0
BRDA:476,37,0,0
BRDA:476,37,1,0
BRDA:476,37,2,0
BRDA:495,38,0,0
BRDA:495,38,1,0
BRDA:504,39,0,0
BRDA:504,39,1,0
BRDA:528,40,0,0
BRDA:528,40,1,0
BRDA:533,41,0,0
BRDA:533,41,1,0
BRDA:559,42,0,0
BRDA:559,42,1,0
BRDA:587,43,0,0
BRDA:587,43,1,0
BRDA:608,44,0,0
BRDA:608,44,1,0
BRDA:646,45,0,0
BRDA:646,45,1,0
BRDA:650,46,0,0
BRDA:650,46,1,0
BRDA:658,47,0,0
BRDA:658,47,1,0
BRDA:689,48,0,0
BRDA:689,48,1,0
BRDA:693,49,0,0
BRDA:693,49,1,0
BRDA:697,50,0,0
BRDA:697,50,1,0
BRDA:762,51,0,0
BRDA:762,51,1,0
BRF:111
BRH:0
end_of_record
TN:
SF:src\pages\driver\Dashboard.jsx
FN:14,(anonymous_0)
FN:21,(anonymous_1)
FN:26,(anonymous_2)
FN:39,(anonymous_3)
FN:49,(anonymous_4)
FN:63,(anonymous_5)
FN:101,(anonymous_6)
FN:126,(anonymous_7)
FN:186,(anonymous_8)
FN:206,(anonymous_9)
FN:261,(anonymous_10)
FN:288,(anonymous_11)
FN:330,(anonymous_12)
FNF:13
FNH:0
FNDA:0,(anonymous_0)
FNDA:0,(anonymous_1)
FNDA:0,(anonymous_2)
FNDA:0,(anonymous_3)
FNDA:0,(anonymous_4)
FNDA:0,(anonymous_5)
FNDA:0,(anonymous_6)
FNDA:0,(anonymous_7)
FNDA:0,(anonymous_8)
FNDA:0,(anonymous_9)
FNDA:0,(anonymous_10)
FNDA:0,(anonymous_11)
FNDA:0,(anonymous_12)
DA:14,0
DA:15,0
DA:16,0
DA:17,0
DA:18,0
DA:19,0
DA:21,0
DA:22,0
DA:23,0
DA:26,0
DA:27,0
DA:28,0
DA:29,0
DA:30,0
DA:31,0
DA:39,0
DA:40,0
DA:42,0
DA:43,0
DA:44,0
DA:46,0
DA:49,0
DA:50,0
DA:51,0
DA:54,0
DA:55,0
DA:58,0
DA:63,0
DA:64,0
DA:65,0
DA:66,0
DA:68,0
DA:69,0
DA:76,0
DA:79,0
DA:80,0
DA:84,0
DA:85,0
DA:93,0
DA:101,0
DA:127,0
DA:187,0
DA:207,0
DA:208,0
DA:211,0
DA:212,0
DA:227,0
DA:261,0
DA:288,0
DA:330,0
LF:50
LH:0
BRDA:28,0,0,0
BRDA:28,0,1,0
BRDA:30,1,0,0
BRDA:30,1,1,0
BRDA:40,2,0,0
BRDA:40,2,1,0
BRDA:54,3,0,0
BRDA:54,3,1,0
BRDA:68,4,0,0
BRDA:68,4,1,0
BRDA:79,5,0,0
BRDA:79,5,1,0
BRDA:87,6,0,0
BRDA:87,6,1,0
BRDA:99,7,0,0
BRDA:99,7,1,0
BRDA:140,8,0,0
BRDA:140,8,1,0
BRDA:152,9,0,0
BRDA:152,9,1,0
BRDA:161,10,0,0
BRDA:161,10,1,0
BRDA:162,11,0,0
BRDA:162,11,1,0
BRDA:173,12,0,0
BRDA:173,12,1,0
BRDA:180,13,0,0
BRDA:180,13,1,0
BRDA:180,13,2,0
BRDA:192,14,0,0
BRDA:192,14,1,0
BRDA:211,15,0,0
BRDA:211,15,1,0
BRDA:217,16,0,0
BRDA:217,16,1,0
BRDA:218,17,0,0
BRDA:218,17,1,0
BRF:37
BRH:0
end_of_record
TN:
SF:src\pages\driver\Invoice.jsx
FN:29,(anonymous_0)
FN:36,(anonymous_1)
FN:44,(anonymous_2)
FN:49,(anonymous_3)
FN:57,(anonymous_4)
FN:59,(anonymous_5)
FN:60,(anonymous_6)
FN:61,(anonymous_7)
FN:66,(anonymous_8)
FN:82,(anonymous_9)
FN:156,(anonymous_10)
FN:172,(anonymous_11)
FN:177,(anonymous_12)
FN:182,(anonymous_13)
FN:191,(anonymous_14)
FN:197,(anonymous_15)
FN:198,(anonymous_16)
FN:224,(anonymous_17)
FN:227,(anonymous_18)
FN:243,(anonymous_19)
FN:262,(anonymous_20)
FN:304,(anonymous_21)
FN:313,(anonymous_22)
FN:345,(anonymous_23)
FN:406,(anonymous_24)
FNF:25
FNH:0
FNDA:0,(anonymous_0)
FNDA:0,(anonymous_1)
FNDA:0,(anonymous_2)
FNDA:0,(anonymous_3)
FNDA:0,(anonymous_4)
FNDA:0,(anonymous_5)
FNDA:0,(anonymous_6)
FNDA:0,(anonymous_7)
FNDA:0,(anonymous_8)
FNDA:0,(anonymous_9)
FNDA:0,(anonymous_10)
FNDA:0,(anonymous_11)
FNDA:0,(anonymous_12)
FNDA:0,(anonymous_13)
FNDA:0,(anonymous_14)
FNDA:0,(anonymous_15)
FNDA:0,(anonymous_16)
FNDA:0,(anonymous_17)
FNDA:0,(anonymous_18)
FNDA:0,(anonymous_19)
FNDA:0,(anonymous_20)
FNDA:0,(anonymous_21)
FNDA:0,(anonymous_22)
FNDA:0,(anonymous_23)
FNDA:0,(anonymous_24)
DA:29,0
DA:30,0
DA:36,0
DA:37,0
DA:44,0
DA:45,0
DA:49,0
DA:50,0
DA:54,0
DA:57,0
DA:58,0
DA:59,0
DA:60,0
DA:61,0
DA:63,0
DA:66,0
DA:67,0
DA:82,0
DA:84,0
DA:86,0
DA:156,0
DA:157,0
DA:158,0
DA:159,0
DA:160,0
DA:162,0
DA:163,0
DA:164,0
DA:165,0
DA:166,0
DA:167,0
DA:170,0
DA:172,0
DA:173,0
DA:175,0
DA:176,0
DA:177,0
DA:182,0
DA:183,0
DA:185,0
DA:186,0
DA:187,0
DA:188,0
DA:190,0
DA:191,0
DA:193,0
DA:196,0
DA:197,0
DA:198,0
DA:200,0
DA:201,0
DA:205,0
DA:210,0
DA:213,0
DA:218,0
DA:220,0
DA:224,0
DA:226,0
DA:227,0
DA:228,0
DA:232,0
DA:233,0
DA:236,0
DA:238,0
DA:240,0
DA:242,0
DA:244,0
DA:253,0
DA:255,0
DA:262,0
DA:304,0
DA:313,0
DA:346,0
DA:347,0
DA:349,0
DA:407,0
LF:76
LH:0
BRDA:54,0,0,0
BRDA:54,0,1,0
BRDA:61,1,0,0
BRDA:61,1,1,0
BRDA:88,2,0,0
BRDA:88,2,1,0
BRDA:97,3,0,0
BRDA:97,3,1,0
BRDA:175,4,0,0
BRDA:175,4,1,0
BRDA:183,5,0,0
BRDA:183,5,1,0
BRDA:188,6,0,0
BRDA:188,6,1,0
BRDA:188,7,0,0
BRDA:188,7,1,0
BRDA:191,8,0,0
BRDA:191,8,1,0
BRDA:196,9,0,0
BRDA:196,9,1,0
BRDA:200,10,0,0
BRDA:200,10,1,0
BRDA:215,11,0,0
BRDA:215,11,1,0
BRDA:226,12,0,0
BRDA:226,12,1,0
BRDA:228,13,0,0
BRDA:228,13,1,0
BRDA:232,14,0,0
BRDA:232,14,1,0
BRDA:233,15,0,0
BRDA:233,15,1,0
BRDA:236,16,0,0
BRDA:236,16,1,0
BRDA:240,17,0,0
BRDA:240,17,1,0
BRDA:244,18,0,0
BRDA:244,18,1,0
BRDA:244,18,2,0
BRDA:244,18,3,0
BRDA:244,18,4,0
BRDA:244,18,5,0
BRDA:261,19,0,0
BRDA:261,19,1,0
BRDA:272,20,0,0
BRDA:272,20,1,0
BRDA:281,21,0,0
BRDA:281,21,1,0
BRDA:296,22,0,0
BRDA:296,22,1,0
BRDA:312,23,0,0
BRDA:312,23,1,0
BRDA:323,24,0,0
BRDA:323,24,1,0
BRDA:328,25,0,0
BRDA:328,25,1,0
BRDA:333,26,0,0
BRDA:333,26,1,0
BRDA:343,27,0,0
BRDA:343,27,1,0
BRDA:353,28,0,0
BRDA:353,28,1,0
BRDA:365,29,0,0
BRDA:365,29,1,0
BRDA:397,30,0,0
BRDA:397,30,1,0
BRDA:399,31,0,0
BRDA:399,31,1,0
BRDA:399,32,0,0
BRDA:399,32,1,0
BRF:70
BRH:0
end_of_record
TN:
SF:src\pages\driver\Payment.jsx
FN:14,(anonymous_0)
FN:25,(anonymous_1)
FN:33,(anonymous_2)
FN:42,(anonymous_3)
FN:45,(anonymous_4)
FN:67,(anonymous_5)
FN:76,(anonymous_6)
FN:89,(anonymous_7)
FN:91,(anonymous_8)
FN:103,(anonymous_9)
FN:108,(anonymous_10)
FN:122,(anonymous_11)
FN:125,(anonymous_12)
FN:137,(anonymous_13)
FN:154,(anonymous_14)
FN:166,(anonymous_15)
FN:227,(anonymous_16)
FN:248,(anonymous_17)
FN:348,(anonymous_18)
FN:372,(anonymous_19)
FN:384,(anonymous_20)
FN:389,(anonymous_21)
FNF:22
FNH:0
FNDA:0,(anonymous_0)
FNDA:0,(anonymous_1)
FNDA:0,(anonymous_2)
FNDA:0,(anonymous_3)
FNDA:0,(anonymous_4)
FNDA:0,(anonymous_5)
FNDA:0,(anonymous_6)
FNDA:0,(anonymous_7)
FNDA:0,(anonymous_8)
FNDA:0,(anonymous_9)
FNDA:0,(anonymous_10)
FNDA:0,(anonymous_11)
FNDA:0,(anonymous_12)
FNDA:0,(anonymous_13)
FNDA:0,(anonymous_14)
FNDA:0,(anonymous_15)
FNDA:0,(anonymous_16)
FNDA:0,(anonymous_17)
FNDA:0,(anonymous_18)
FNDA:0,(anonymous_19)
FNDA:0,(anonymous_20)
FNDA:0,(anonymous_21)
DA:14,0
DA:15,0
DA:16,0
DA:17,0
DA:18,0
DA:20,0
DA:21,0
DA:22,0
DA:24,0
DA:25,0
DA:26,0
DA:27,0
DA:28,0
DA:29,0
DA:31,0
DA:33,0
DA:34,0
DA:35,0
DA:37,0
DA:38,0
DA:42,0
DA:43,0
DA:45,0
DA:46,0
DA:47,0
DA:48,0
DA:51,0
DA:52,0
DA:53,0
DA:54,0
DA:55,0
DA:59,0
DA:60,0
DA:61,0
DA:67,0
DA:70,0
DA:76,0
DA:79,0
DA:81,0
DA:85,0
DA:89,0
DA:90,0
DA:91,0
DA:103,0
DA:104,0
DA:105,0
DA:108,0
DA:109,0
DA:110,0
DA:111,0
DA:113,0
DA:114,0
DA:117,0
DA:122,0
DA:125,0
DA:126,0
DA:127,0
DA:128,0
DA:130,0
DA:132,0
DA:133,0
DA:137,0
DA:138,0
DA:139,0
DA:140,0
DA:142,0
DA:143,0
DA:144,0
DA:147,0
DA:148,0
DA:153,0
DA:154,0
DA:155,0
DA:156,0
DA:159,0
DA:161,0
DA:162,0
DA:166,0
DA:167,0
DA:173,0
DA:228,0
DA:249,0
DA:349,0
DA:373,0
DA:384,0
DA:390,0
LF:86
LH:0
BRDA:18,0,0,0
BRDA:18,0,1,0
BRDA:24,1,0,0
BRDA:24,1,1,0
BRDA:27,2,0,0
BRDA:27,2,1,0
BRDA:37,3,0,0
BRDA:37,3,1,0
BRDA:51,4,0,0
BRDA:51,4,1,0
BRDA:51,5,0,0
BRDA:51,5,1,0
BRDA:59,6,0,0
BRDA:59,6,1,0
BRDA:59,7,0,0
BRDA:59,7,1,0
BRDA:63,8,0,0
BRDA:63,8,1,0
BRDA:72,9,0,0
BRDA:72,9,1,0
BRDA:103,10,0,0
BRDA:113,11,0,0
BRDA:113,11,1,0
BRDA:113,12,0,0
BRDA:113,12,1,0
BRDA:113,12,2,0
BRDA:114,13,0,0
BRDA:114,13,1,0
BRDA:114,13,2,0
BRDA:130,14,0,0
BRDA:130,14,1,0
BRDA:147,15,0,0
BRDA:147,15,1,0
BRDA:147,16,0,0
BRDA:147,16,1,0
BRDA:148,17,0,0
BRDA:148,17,1,0
BRDA:159,18,0,0
BRDA:159,18,1,0
BRDA:159,18,2,0
BRDA:167,19,0,0
BRDA:167,19,1,0
BRDA:168,20,0,0
BRDA:168,20,1,0
BRDA:169,21,0,0
BRDA:169,21,1,0
BRDA:176,22,0,0
BRDA:176,22,1,0
BRDA:176,22,2,0
BRDA:193,23,0,0
BRDA:193,23,1,0
BRDA:209,24,0,0
BRDA:209,24,1,0
BRDA:225,25,0,0
BRDA:225,25,1,0
BRDA:226,26,0,0
BRDA:226,26,1,0
BRDA:242,27,0,0
BRDA:242,27,1,0
BRDA:242,27,2,0
BRDA:273,28,0,0
BRDA:273,28,1,0
BRDA:290,29,0,0
BRDA:290,29,1,0
BRDA:423,30,0,0
BRDA:423,30,1,0
BRF:66
BRH:0
end_of_record
TN:
SF:src\pages\driver\Reservation.jsx
FN:15,(anonymous_0)
FN:27,(anonymous_1)
FN:33,(anonymous_2)
FN:33,(anonymous_3)
FN:40,(anonymous_4)
FN:48,(anonymous_5)
FN:49,(anonymous_6)
FN:63,(anonymous_7)
FN:64,(anonymous_8)
FN:83,(anonymous_9)
FN:83,(anonymous_10)
FN:88,(anonymous_11)
FN:105,(anonymous_12)
FN:106,(anonymous_13)
FN:118,(anonymous_14)
FN:128,(anonymous_15)
FN:135,(anonymous_16)
FN:164,(anonymous_17)
FN:184,(anonymous_18)
FN:239,(anonymous_19)
FN:250,(anonymous_20)
FN:318,(anonymous_21)
FN:321,(anonymous_22)
FN:328,(anonymous_23)
FN:359,(anonymous_24)
FN:366,(anonymous_25)
FN:397,(anonymous_26)
FN:420,(anonymous_27)
FNF:28
FNH:0
FNDA:0,(anonymous_0)
FNDA:0,(anonymous_1)
FNDA:0,(anonymous_2)
FNDA:0,(anonymous_3)
FNDA:0,(anonymous_4)
FNDA:0,(anonymous_5)
FNDA:0,(anonymous_6)
FNDA:0,(anonymous_7)
FNDA:0,(anonymous_8)
FNDA:0,(anonymous_9)
FNDA:0,(anonymous_10)
FNDA:0,(anonymous_11)
FNDA:0,(anonymous_12)
FNDA:0,(anonymous_13)
FNDA:0,(anonymous_14)
FNDA:0,(anonymous_15)
FNDA:0,(anonymous_16)
FNDA:0,(anonymous_17)
FNDA:0,(anonymous_18)
FNDA:0,(anonymous_19)
FNDA:0,(anonymous_20)
FNDA:0,(anonymous_21)
FNDA:0,(anonymous_22)
FNDA:0,(anonymous_23)
FNDA:0,(anonymous_24)
FNDA:0,(anonymous_25)
FNDA:0,(anonymous_26)
FNDA:0,(anonymous_27)
DA:15,0
DA:16,0
DA:17,0
DA:18,0
DA:21,0
DA:24,0
DA:25,0
DA:27,0
DA:28,0
DA:32,0
DA:33,0
DA:38,0
DA:40,0
DA:41,0
DA:42,0
DA:46,0
DA:48,0
DA:49,0
DA:50,0
DA:51,0
DA:52,0
DA:53,0
DA:55,0
DA:58,0
DA:63,0
DA:64,0
DA:75,0
DA:82,0
DA:83,0
DA:88,0
DA:89,0
DA:90,0
DA:91,0
DA:93,0
DA:96,0
DA:97,0
DA:98,0
DA:99,0
DA:100,0
DA:104,0
DA:105,0
DA:106,0
DA:107,0
DA:108,0
DA:111,0
DA:112,0
DA:118,0
DA:125,0
DA:128,0
DA:129,0
DA:131,0
DA:132,0
DA:134,0
DA:136,0
DA:137,0
DA:139,0
DA:151,0
DA:154,0
DA:155,0
DA:158,0
DA:159,0
DA:164,0
DA:167,0
DA:168,0
DA:170,0
DA:171,0
DA:175,0
DA:177,0
DA:184,0
DA:185,0
DA:189,0
DA:190,0
DA:196,0
DA:200,0
DA:240,0
DA:241,0
DA:242,0
DA:243,0
DA:244,0
DA:246,0
DA:250,0
DA:318,0
DA:322,0
DA:323,0
DA:324,0
DA:325,0
DA:329,0
DA:330,0
DA:331,0
DA:332,0
DA:360,0
DA:361,0
DA:362,0
DA:366,0
DA:398,0
DA:399,0
DA:400,0
DA:401,0
DA:402,0
DA:403,0
DA:405,0
DA:420,0
LF:102
LH:0
BRDA:21,0,0,0
BRDA:21,0,1,0
BRDA:24,1,0,0
BRDA:24,1,1,0
BRDA:28,2,0,0
BRDA:28,2,1,0
BRDA:33,3,0,0
BRDA:33,3,1,0
BRDA:33,4,0,0
BRDA:33,4,1,0
BRDA:41,5,0,0
BRDA:41,5,1,0
BRDA:41,6,0,0
BRDA:41,6,1,0
BRDA:53,7,0,0
BRDA:53,7,1,0
BRDA:68,8,0,0
BRDA:68,8,1,0
BRDA:69,9,0,0
BRDA:69,9,1,0
BRDA:83,10,0,0
BRDA:83,10,1,0
BRDA:90,11,0,0
BRDA:90,11,1,0
BRDA:93,12,0,0
BRDA:93,12,1,0
BRDA:93,12,2,0
BRDA:96,13,0,0
BRDA:96,13,1,0
BRDA:104,14,0,0
BRDA:104,14,1,0
BRDA:108,15,0,0
BRDA:108,15,1,0
BRDA:111,16,0,0
BRDA:111,16,1,0
BRDA:111,17,0,0
BRDA:111,17,1,0
BRDA:111,18,0,0
BRDA:111,18,1,0
BRDA:120,19,0,0
BRDA:120,19,1,0
BRDA:120,20,0,0
BRDA:120,20,1,0
BRDA:121,21,0,0
BRDA:121,21,1,0
BRDA:125,22,0,0
BRDA:125,22,1,0
BRDA:129,23,0,0
BRDA:129,23,1,0
BRDA:129,24,0,0
BRDA:129,24,1,0
BRDA:145,25,0,0
BRDA:145,25,1,0
BRDA:158,26,0,0
BRDA:158,26,1,0
BRDA:158,27,0,0
BRDA:158,27,1,0
BRDA:159,28,0,0
BRDA:159,28,1,0
BRDA:170,29,0,0
BRDA:170,29,1,0
BRDA:192,30,0,0
BRDA:192,30,1,0
BRDA:233,31,0,0
BRDA:233,31,1,0
BRDA:240,32,0,0
BRDA:240,32,1,0
BRDA:241,33,0,0
BRDA:241,33,1,0
BRDA:251,34,0,0
BRDA:251,34,1,0
BRDA:255,35,0,0
BRDA:255,35,1,0
BRDA:258,36,0,0
BRDA:258,36,1,0
BRDA:260,37,0,0
BRDA:260,37,1,0
BRDA:264,38,0,0
BRDA:264,38,1,0
BRDA:265,39,0,0
BRDA:265,39,1,0
BRDA:268,40,0,0
BRDA:268,40,1,0
BRDA:269,41,0,0
BRDA:269,41,1,0
BRDA:282,42,0,0
BRDA:282,42,1,0
BRDA:302,43,0,0
BRDA:302,43,1,0
BRDA:325,44,0,0
BRDA:325,44,1,0
BRDA:332,45,0,0
BRDA:332,45,1,0
BRDA:346,46,0,0
BRDA:346,46,1,0
BRDA:361,47,0,0
BRDA:361,47,1,0
BRDA:366,48,0,0
BRDA:366,48,1,0
BRDA:368,49,0,0
BRDA:368,49,1,0
BRDA:371,50,0,0
BRDA:371,50,1,0
BRDA:398,51,0,0
BRDA:398,51,1,0
BRDA:399,52,0,0
BRDA:399,52,1,0
BRDA:408,53,0,0
BRDA:408,53,1,0
BRDA:408,54,0,0
BRDA:408,54,1,0
BRDA:414,55,0,0
BRDA:414,55,1,0
BRDA:415,56,0,0
BRDA:415,56,1,0
BRDA:436,57,0,0
BRDA:436,57,1,0
BRDA:440,58,0,0
BRDA:440,58,1,0
BRDA:450,59,0,0
BRDA:450,59,1,0
BRDA:455,60,0,0
BRDA:455,60,1,0
BRDA:465,61,0,0
BRDA:465,61,1,0
BRDA:473,62,0,0
BRDA:473,62,1,0
BRDA:496,63,0,0
BRDA:496,63,1,0
BRDA:501,64,0,0
BRDA:501,64,1,0
BRDA:516,65,0,0
BRDA:516,65,1,0
BRDA:520,66,0,0
BRDA:520,66,1,0
BRF:135
BRH:0
end_of_record
TN:
SF:src\pages\driver\StationFinder.jsx
FN:19,(anonymous_0)
FN:22,(anonymous_1)
FN:25,(anonymous_2)
FN:29,(anonymous_3)
FN:29,(anonymous_4)
FN:31,(anonymous_5)
FN:40,(anonymous_6)
FN:60,(anonymous_7)
FN:71,StationFinder
FN:90,(anonymous_9)
FN:92,(anonymous_10)
FN:93,(anonymous_11)
FN:96,(anonymous_12)
FN:97,(anonymous_13)
FN:102,(anonymous_14)
FN:103,(anonymous_15)
FN:111,(anonymous_16)
FN:113,(anonymous_17)
FN:115,(anonymous_18)
FN:134,(anonymous_19)
FN:135,(anonymous_20)
FN:142,(anonymous_21)
FN:152,(anonymous_22)
FN:190,(anonymous_23)
FN:197,(anonymous_24)
FN:219,(anonymous_25)
FN:221,(anonymous_26)
FN:229,(anonymous_27)
FN:232,(anonymous_28)
FN:238,(anonymous_29)
FN:245,(anonymous_30)
FN:258,(anonymous_31)
FN:267,(anonymous_32)
FN:274,(anonymous_33)
FN:278,(anonymous_34)
FN:284,(anonymous_35)
FN:288,(anonymous_36)
FN:300,(anonymous_37)
FN:306,(anonymous_38)
FN:332,(anonymous_39)
FN:344,(anonymous_40)
FN:355,(anonymous_41)
FN:358,(anonymous_42)
FN:359,(anonymous_43)
FN:364,(anonymous_44)
FN:369,(anonymous_45)
FN:370,(anonymous_46)
FN:375,(anonymous_47)
FN:387,(anonymous_48)
FN:388,(anonymous_49)
FN:390,(anonymous_50)
FN:435,(anonymous_51)
FN:447,(anonymous_52)
FN:484,(anonymous_53)
FN:504,(anonymous_54)
FN:523,(anonymous_55)
FN:564,(anonymous_56)
FN:622,(anonymous_57)
FN:640,(anonymous_58)
FN:694,(anonymous_59)
FN:695,(anonymous_60)
FN:749,(anonymous_61)
FN:766,(anonymous_62)
FN:790,(anonymous_63)
FN:821,(anonymous_64)
FN:831,(anonymous_65)
FNF:66
FNH:0
FNDA:0,(anonymous_0)
FNDA:0,(anonymous_1)
FNDA:0,(anonymous_2)
FNDA:0,(anonymous_3)
FNDA:0,(anonymous_4)
FNDA:0,(anonymous_5)
FNDA:0,(anonymous_6)
FNDA:0,(anonymous_7)
FNDA:0,StationFinder
FNDA:0,(anonymous_9)
FNDA:0,(anonymous_10)
FNDA:0,(anonymous_11)
FNDA:0,(anonymous_12)
FNDA:0,(anonymous_13)
FNDA:0,(anonymous_14)
FNDA:0,(anonymous_15)
FNDA:0,(anonymous_16)
FNDA:0,(anonymous_17)
FNDA:0,(anonymous_18)
FNDA:0,(anonymous_19)
FNDA:0,(anonymous_20)
FNDA:0,(anonymous_21)
FNDA:0,(anonymous_22)
FNDA:0,(anonymous_23)
FNDA:0,(anonymous_24)
FNDA:0,(anonymous_25)
FNDA:0,(anonymous_26)
FNDA:0,(anonymous_27)
FNDA:0,(anonymous_28)
FNDA:0,(anonymous_29)
FNDA:0,(anonymous_30)
FNDA:0,(anonymous_31)
FNDA:0,(anonymous_32)
FNDA:0,(anonymous_33)
FNDA:0,(anonymous_34)
FNDA:0,(anonymous_35)
FNDA:0,(anonymous_36)
FNDA:0,(anonymous_37)
FNDA:0,(anonymous_38)
FNDA:0,(anonymous_39)
FNDA:0,(anonymous_40)
FNDA:0,(anonymous_41)
FNDA:0,(anonymous_42)
FNDA:0,(anonymous_43)
FNDA:0,(anonymous_44)
FNDA:0,(anonymous_45)
FNDA:0,(anonymous_46)
FNDA:0,(anonymous_47)
FNDA:0,(anonymous_48)
FNDA:0,(anonymous_49)
FNDA:0,(anonymous_50)
FNDA:0,(anonymous_51)
FNDA:0,(anonymous_52)
FNDA:0,(anonymous_53)
FNDA:0,(anonymous_54)
FNDA:0,(anonymous_55)
FNDA:0,(anonymous_56)
FNDA:0,(anonymous_57)
FNDA:0,(anonymous_58)
FNDA:0,(anonymous_59)
FNDA:0,(anonymous_60)
FNDA:0,(anonymous_61)
FNDA:0,(anonymous_62)
FNDA:0,(anonymous_63)
FNDA:0,(anonymous_64)
FNDA:0,(anonymous_65)
DA:19,0
DA:20,0
DA:22,0
DA:23,0
DA:24,0
DA:25,0
DA:26,0
DA:29,0
DA:31,0
DA:32,0
DA:33,0
DA:34,0
DA:35,0
DA:36,0
DA:37,0
DA:40,0
DA:41,0
DA:42,0
DA:43,0
DA:44,0
DA:46,0
DA:47,0
DA:48,0
DA:50,0
DA:51,0
DA:53,0
DA:54,0
DA:56,0
DA:60,0
DA:61,0
DA:62,0
DA:63,0
DA:64,0
DA:65,0
DA:66,0
DA:69,0
DA:72,0
DA:73,0
DA:74,0
DA:75,0
DA:76,0
DA:77,0
DA:78,0
DA:79,0
DA:80,0
DA:81,0
DA:82,0
DA:83,0
DA:86,0
DA:88,0
DA:90,0
DA:92,0
DA:93,0
DA:96,0
DA:97,0
DA:100,0
DA:102,0
DA:103,0
DA:104,0
DA:105,0
DA:107,0
DA:111,0
DA:112,0
DA:113,0
DA:114,0
DA:115,0
DA:116,0
DA:117,0
DA:134,0
DA:135,0
DA:136,0
DA:137,0
DA:142,0
DA:143,0
DA:144,0
DA:147,0
DA:148,0
DA:149,0
DA:152,0
DA:153,0
DA:155,0
DA:158,0
DA:160,0
DA:164,0
DA:166,0
DA:168,0
DA:169,0
DA:170,0
DA:171,0
DA:172,0
DA:174,0
DA:175,0
DA:176,0
DA:178,0
DA:179,0
DA:180,0
DA:182,0
DA:183,0
DA:184,0
DA:189,0
DA:190,0
DA:194,0
DA:197,0
DA:219,0
DA:220,0
DA:221,0
DA:222,0
DA:224,0
DA:229,0
DA:230,0
DA:231,0
DA:232,0
DA:233,0
DA:238,0
DA:239,0
DA:240,0
DA:241,0
DA:242,0
DA:244,0
DA:246,0
DA:247,0
DA:248,0
DA:249,0
DA:250,0
DA:251,0
DA:252,0
DA:253,0
DA:255,0
DA:259,0
DA:260,0
DA:261,0
DA:267,0
DA:268,0
DA:269,0
DA:274,0
DA:275,0
DA:276,0
DA:278,0
DA:279,0
DA:280,0
DA:281,0
DA:282,0
DA:283,0
DA:284,0
DA:286,0
DA:287,0
DA:288,0
DA:289,0
DA:290,0
DA:297,0
DA:298,0
DA:300,0
DA:305,0
DA:306,0
DA:307,0
DA:308,0
DA:309,0
DA:310,0
DA:311,0
DA:312,0
DA:314,0
DA:315,0
DA:316,0
DA:317,0
DA:319,0
DA:320,0
DA:321,0
DA:322,0
DA:326,0
DA:327,0
DA:328,0
DA:330,0
DA:332,0
DA:333,0
DA:334,0
DA:336,0
DA:337,0
DA:339,0
DA:344,0
DA:345,0
DA:346,0
DA:347,0
DA:348,0
DA:349,0
DA:350,0
DA:355,0
DA:356,0
DA:357,0
DA:358,0
DA:359,0
DA:364,0
DA:365,0
DA:369,0
DA:370,0
DA:371,0
DA:372,0
DA:374,0
DA:375,0
DA:376,0
DA:378,0
DA:379,0
DA:380,0
DA:381,0
DA:383,0
DA:387,0
DA:388,0
DA:390,0
DA:391,0
DA:392,0
DA:395,0
DA:435,0
DA:447,0
DA:484,0
DA:505,0
DA:506,0
DA:507,0
DA:508,0
DA:510,0
DA:511,0
DA:512,0
DA:513,0
DA:524,0
DA:525,0
DA:565,0
DA:623,0
DA:641,0
DA:694,0
DA:696,0
DA:697,0
DA:698,0
DA:699,0
DA:700,0
DA:701,0
DA:703,0
DA:750,0
DA:751,0
DA:752,0
DA:767,0
DA:768,0
DA:769,0
DA:790,0
DA:822,0
DA:823,0
DA:832,0
LF:244
LH:0
BRDA:19,0,0,0
BRDA:22,1,0,0
BRDA:29,2,0,0
BRDA:31,3,0,0
BRDA:31,4,0,0
BRDA:32,5,0,0
BRDA:32,5,1,0
BRDA:35,6,0,0
BRDA:35,6,1,0
BRDA:40,7,0,0
BRDA:40,8,0,0
BRDA:42,9,0,0
BRDA:42,9,1,0
BRDA:43,10,0,0
BRDA:43,10,1,0
BRDA:44,11,0,0
BRDA:44,11,1,0
BRDA:46,12,0,0
BRDA:46,12,1,0
BRDA:48,13,0,0
BRDA:48,13,1,0
BRDA:50,14,0,0
BRDA:50,14,1,0
BRDA:51,15,0,0
BRDA:51,15,1,0
BRDA:53,16,0,0
BRDA:53,16,1,0
BRDA:54,17,0,0
BRDA:54,17,1,0
BRDA:61,18,0,0
BRDA:61,18,1,0
BRDA:61,19,0,0
BRDA:61,19,1,0
BRDA:63,20,0,0
BRDA:63,20,1,0
BRDA:65,21,0,0
BRDA:65,21,1,0
BRDA:66,22,0,0
BRDA:66,22,1,0
BRDA:69,23,0,0
BRDA:69,23,1,0
BRDA:90,24,0,0
BRDA:90,24,1,0
BRDA:93,25,0,0
BRDA:93,25,1,0
BRDA:97,26,0,0
BRDA:97,26,1,0
BRDA:104,27,0,0
BRDA:104,27,1,0
BRDA:104,28,0,0
BRDA:104,28,1,0
BRDA:105,29,0,0
BRDA:105,29,1,0
BRDA:112,30,0,0
BRDA:112,30,1,0
BRDA:114,31,0,0
BRDA:114,31,1,0
BRDA:115,32,0,0
BRDA:115,32,1,0
BRDA:116,33,0,0
BRDA:116,33,1,0
BRDA:144,34,0,0
BRDA:144,34,1,0
BRDA:147,35,0,0
BRDA:147,35,1,0
BRDA:153,36,0,0
BRDA:153,36,1,0
BRDA:158,37,0,0
BRDA:158,37,1,0
BRDA:160,38,0,0
BRDA:160,38,1,0
BRDA:160,38,2,0
BRDA:164,39,0,0
BRDA:164,39,1,0
BRDA:169,40,0,0
BRDA:169,40,1,0
BRDA:170,41,0,0
BRDA:170,41,1,0
BRDA:174,42,0,0
BRDA:174,42,1,0
BRDA:178,43,0,0
BRDA:178,43,1,0
BRDA:182,44,0,0
BRDA:182,44,1,0
BRDA:189,45,0,0
BRDA:189,45,1,0
BRDA:220,46,0,0
BRDA:220,46,1,0
BRDA:220,47,0,0
BRDA:220,47,1,0
BRDA:230,48,0,0
BRDA:230,48,1,0
BRDA:230,49,0,0
BRDA:230,49,1,0
BRDA:239,50,0,0
BRDA:239,50,1,0
BRDA:252,51,0,0
BRDA:252,51,1,0
BRDA:275,52,0,0
BRDA:275,52,1,0
BRDA:275,53,0,0
BRDA:275,53,1,0
BRDA:275,53,2,0
BRDA:275,53,3,0
BRDA:276,54,0,0
BRDA:276,54,1,0
BRDA:282,55,0,0
BRDA:282,55,1,0
BRDA:287,56,0,0
BRDA:287,56,1,0
BRDA:289,57,0,0
BRDA:289,57,1,0
BRDA:292,58,0,0
BRDA:292,58,1,0
BRDA:293,59,0,0
BRDA:293,59,1,0
BRDA:297,60,0,0
BRDA:297,60,1,0
BRDA:298,61,0,0
BRDA:298,61,1,0
BRDA:309,62,0,0
BRDA:309,62,1,0
BRDA:314,63,0,0
BRDA:314,63,1,0
BRDA:319,64,0,0
BRDA:319,64,1,0
BRDA:326,65,0,0
BRDA:326,65,1,0
BRDA:334,66,0,0
BRDA:334,66,1,0
BRDA:336,67,0,0
BRDA:336,67,1,0
BRDA:337,68,0,0
BRDA:337,68,1,0
BRDA:344,69,0,0
BRDA:346,70,0,0
BRDA:346,70,1,0
BRDA:348,71,0,0
BRDA:348,71,1,0
BRDA:350,72,0,0
BRDA:350,72,1,0
BRDA:356,73,0,0
BRDA:356,73,1,0
BRDA:356,74,0,0
BRDA:356,74,1,0
BRDA:357,75,0,0
BRDA:357,75,1,0
BRDA:365,76,0,0
BRDA:365,76,1,0
BRDA:365,77,0,0
BRDA:365,77,1,0
BRDA:371,78,0,0
BRDA:371,78,1,0
BRDA:371,79,0,0
BRDA:371,79,1,0
BRDA:371,79,2,0
BRDA:371,79,3,0
BRDA:372,80,0,0
BRDA:372,80,1,0
BRDA:374,81,0,0
BRDA:374,81,1,0
BRDA:376,82,0,0
BRDA:376,82,1,0
BRDA:378,83,0,0
BRDA:378,83,1,0
BRDA:378,84,0,0
BRDA:378,84,1,0
BRDA:378,84,2,0
BRDA:381,85,0,0
BRDA:381,85,1,0
BRDA:426,86,0,0
BRDA:426,86,1,0
BRDA:505,87,0,0
BRDA:505,87,1,0
BRDA:520,88,0,0
BRDA:520,88,1,0
BRDA:548,89,0,0
BRDA:548,89,1,0
BRDA:552,90,0,0
BRDA:552,90,1,0
BRDA:552,91,0,0
BRDA:552,91,1,0
BRDA:558,92,0,0
BRDA:558,92,1,0
BRDA:558,93,0,0
BRDA:558,93,1,0
BRDA:561,94,0,0
BRDA:561,94,1,0
BRDA:563,95,0,0
BRDA:563,95,1,0
BRDA:563,96,0,0
BRDA:563,96,1,0
BRDA:584,97,0,0
BRDA:584,97,1,0
BRDA:584,98,0,0
BRDA:584,98,1,0
BRDA:600,99,0,0
BRDA:600,99,1,0
BRDA:641,100,0,0
BRDA:641,100,1,0
BRDA:656,101,0,0
BRDA:656,101,1,0
BRDA:660,102,0,0
BRDA:660,102,1,0
BRDA:665,103,0,0
BRDA:665,103,1,0
BRDA:687,104,0,0
BRDA:687,104,1,0
BRDA:687,105,0,0
BRDA:687,105,1,0
BRDA:692,106,0,0
BRDA:692,106,1,0
BRDA:692,107,0,0
BRDA:692,107,1,0
BRDA:694,108,0,0
BRDA:694,108,1,0
BRDA:698,109,0,0
BRDA:698,109,1,0
BRDA:701,110,0,0
BRDA:701,110,1,0
BRDA:701,111,0,0
BRDA:701,111,1,0
BRDA:701,112,0,0
BRDA:701,112,1,0
BRDA:707,113,0,0
BRDA:707,113,1,0
BRDA:716,114,0,0
BRDA:716,114,1,0
BRDA:718,115,0,0
BRDA:718,115,1,0
BRDA:725,116,0,0
BRDA:725,116,1,0
BRDA:751,117,0,0
BRDA:751,117,1,0
BRDA:759,118,0,0
BRDA:759,118,1,0
BRDA:765,119,0,0
BRDA:765,119,1,0
BRDA:768,120,0,0
BRDA:768,120,1,0
BRDA:768,121,0,0
BRDA:768,121,1,0
BRDA:820,122,0,0
BRDA:820,122,1,0
BRDA:830,123,0,0
BRDA:830,123,1,0
BRDA:830,124,0,0
BRDA:830,124,1,0
BRF:248
BRH:0
end_of_record
TN:
SF:src\pages\driver\SubscriptionCheckout.jsx
FN:15,(anonymous_0)
FN:17,SubscriptionCheckout
FN:27,(anonymous_2)
FN:42,(anonymous_3)
FN:45,(anonymous_4)
FN:51,(anonymous_5)
FN:54,(anonymous_6)
FN:74,(anonymous_7)
FN:82,(anonymous_8)
FN:97,(anonymous_9)
FN:102,(anonymous_10)
FN:116,(anonymous_11)
FN:119,(anonymous_12)
FN:160,(anonymous_13)
FN:196,(anonymous_14)
FN:244,(anonymous_15)
FN:302,(anonymous_16)
FNF:17
FNH:0
FNDA:0,(anonymous_0)
FNDA:0,SubscriptionCheckout
FNDA:0,(anonymous_2)
FNDA:0,(anonymous_3)
FNDA:0,(anonymous_4)
FNDA:0,(anonymous_5)
FNDA:0,(anonymous_6)
FNDA:0,(anonymous_7)
FNDA:0,(anonymous_8)
FNDA:0,(anonymous_9)
FNDA:0,(anonymous_10)
FNDA:0,(anonymous_11)
FNDA:0,(anonymous_12)
FNDA:0,(anonymous_13)
FNDA:0,(anonymous_14)
FNDA:0,(anonymous_15)
FNDA:0,(anonymous_16)
DA:15,0
DA:18,0
DA:19,0
DA:20,0
DA:21,0
DA:24,0
DA:25,0
DA:27,0
DA:28,0
DA:29,0
DA:30,0
DA:31,0
DA:32,0
DA:33,0
DA:34,0
DA:37,0
DA:39,0
DA:40,0
DA:42,0
DA:45,0
DA:46,0
DA:47,0
DA:48,0
DA:51,0
DA:52,0
DA:54,0
DA:55,0
DA:56,0
DA:57,0
DA:60,0
DA:61,0
DA:62,0
DA:63,0
DA:64,0
DA:67,0
DA:68,0
DA:74,0
DA:76,0
DA:82,0
DA:85,0
DA:86,0
DA:94,0
DA:97,0
DA:98,0
DA:99,0
DA:102,0
DA:103,0
DA:104,0
DA:105,0
DA:107,0
DA:108,0
DA:111,0
DA:116,0
DA:119,0
DA:120,0
DA:121,0
DA:122,0
DA:125,0
DA:126,0
DA:127,0
DA:130,0
DA:131,0
DA:136,0
DA:137,0
DA:138,0
DA:141,0
DA:142,0
DA:143,0
DA:145,0
DA:146,0
DA:148,0
DA:152,0
DA:155,0
DA:156,0
DA:160,0
DA:161,0
DA:167,0
DA:196,0
DA:245,0
DA:302,0
LF:80
LH:0
BRDA:15,0,0,0
BRDA:15,0,1,0
BRDA:24,1,0,0
BRDA:24,1,1,0
BRDA:25,2,0,0
BRDA:25,2,1,0
BRDA:33,3,0,0
BRDA:33,3,1,0
BRDA:33,4,0,0
BRDA:33,4,1,0
BRDA:33,4,2,0
BRDA:34,5,0,0
BRDA:34,5,1,0
BRDA:37,6,0,0
BRDA:37,6,1,0
BRDA:42,7,0,0
BRDA:42,7,1,0
BRDA:48,8,0,0
BRDA:48,8,1,0
BRDA:60,9,0,0
BRDA:60,9,1,0
BRDA:60,10,0,0
BRDA:60,10,1,0
BRDA:67,11,0,0
BRDA:67,11,1,0
BRDA:67,12,0,0
BRDA:67,12,1,0
BRDA:78,13,0,0
BRDA:78,13,1,0
BRDA:88,14,0,0
BRDA:88,14,1,0
BRDA:97,15,0,0
BRDA:107,16,0,0
BRDA:107,16,1,0
BRDA:107,17,0,0
BRDA:107,17,1,0
BRDA:107,17,2,0
BRDA:108,18,0,0
BRDA:108,18,1,0
BRDA:108,18,2,0
BRDA:120,19,0,0
BRDA:120,19,1,0
BRDA:125,20,0,0
BRDA:125,20,1,0
BRDA:125,21,0,0
BRDA:125,21,1,0
BRDA:136,22,0,0
BRDA:136,22,1,0
BRDA:136,23,0,0
BRDA:136,23,1,0
BRDA:145,24,0,0
BRDA:145,24,1,0
BRDA:145,25,0,0
BRDA:145,25,1,0
BRDA:146,26,0,0
BRDA:146,26,1,0
BRDA:146,26,2,0
BRDA:155,27,0,0
BRDA:155,27,1,0
BRDA:161,28,0,0
BRDA:161,28,1,0
BRDA:162,29,0,0
BRDA:162,29,1,0
BRDA:163,30,0,0
BRDA:163,30,1,0
BRDA:170,31,0,0
BRDA:170,31,1,0
BRDA:170,31,2,0
BRDA:186,32,0,0
BRDA:186,32,1,0
BRDA:261,33,0,0
BRDA:261,33,1,0
BRDA:268,34,0,0
BRDA:268,34,1,0
BRDA:273,35,0,0
BRDA:273,35,1,0
BRDA:296,36,0,0
BRDA:296,36,1,0
BRDA:300,37,0,0
BRDA:300,37,1,0
BRF:80
BRH:0
end_of_record
TN:
SF:src\pages\driver\Subscriptions.jsx
FN:11,(anonymous_0)
FN:18,(anonymous_1)
FN:19,(anonymous_2)
FN:27,(anonymous_3)
FN:56,(anonymous_4)
FN:57,(anonymous_5)
FN:170,(anonymous_6)
FN:171,(anonymous_7)
FN:202,(anonymous_8)
FN:233,(anonymous_9)
FN:242,(anonymous_10)
FN:284,(anonymous_11)
FNF:12
FNH:0
FNDA:0,(anonymous_0)
FNDA:0,(anonymous_1)
FNDA:0,(anonymous_2)
FNDA:0,(anonymous_3)
FNDA:0,(anonymous_4)
FNDA:0,(anonymous_5)
FNDA:0,(anonymous_6)
FNDA:0,(anonymous_7)
FNDA:0,(anonymous_8)
FNDA:0,(anonymous_9)
FNDA:0,(anonymous_10)
FNDA:0,(anonymous_11)
DA:11,0
DA:12,0
DA:13,0
DA:14,0
DA:15,0
DA:16,0
DA:18,0
DA:19,0
DA:20,0
DA:22,0
DA:23,0
DA:25,0
DA:27,0
DA:31,0
DA:33,0
DA:34,0
DA:35,0
DA:36,0
DA:38,0
DA:39,0
DA:40,0
DA:41,0
DA:43,0
DA:44,0
DA:45,0
DA:46,0
DA:48,0
DA:49,0
DA:50,0
DA:54,0
DA:56,0
DA:57,0
DA:59,0
DA:78,0
DA:81,0
DA:82,0
DA:83,0
DA:85,0
DA:86,0
DA:90,0
DA:92,0
DA:93,0
DA:94,0
DA:98,0
DA:101,0
DA:102,0
DA:112,0
DA:170,0
DA:171,0
DA:203,0
DA:204,0
DA:233,0
DA:244,0
DA:245,0
DA:284,0
LF:55
LH:0
BRDA:25,0,0,0
BRDA:25,0,1,0
BRDA:25,1,0,0
[...]
FNDA:0,(anonymous_1)
FNDA:0,(anonymous_2)
FNDA:0,(anonymous_3)
FNDA:0,(anonymous_4)
FNDA:0,(anonymous_5)
FNDA:0,(anonymous_6)
FNDA:0,(anonymous_7)
FNDA:0,(anonymous_8)
FNDA:0,(anonymous_9)
FNDA:0,(anonymous_10)
FNDA:0,(anonymous_11)
FNDA:0,(anonymous_12)
FNDA:0,(anonymous_13)
FNDA:0,(anonymous_14)
DA:31,0
DA:32,0
DA:34,0
DA:47,0
DA:48,0
DA:49,0
DA:50,0
DA:52,0
DA:54,0
DA:57,0
DA:58,0
DA:60,0
DA:65,0
DA:67,0
DA:68,0
DA:73,0
DA:74,0
DA:79,0
DA:80,0
DA:81,0
DA:82,0
DA:84,0
DA:86,0
DA:87,0
DA:99,0
DA:100,0
DA:101,0
DA:102,0
DA:103,0
DA:107,0
DA:110,0
DA:122,0
DA:123,0
DA:125,0
DA:126,0
DA:127,0
DA:136,0
DA:137,0
DA:144,0
DA:145,0
DA:151,0
DA:156,0
DA:157,0
DA:159,0
DA:160,0
DA:165,0
DA:168,0
DA:169,0
DA:172,0
DA:173,0
DA:174,0
DA:177,0
DA:184,0
DA:185,0
DA:187,0
DA:188,0
DA:189,0
DA:192,0
DA:193,0
DA:196,0
DA:199,0
DA:201,0
DA:213,0
DA:214,0
DA:216,0
DA:220,0
DA:221,0
DA:222,0
DA:225,0
DA:226,0
DA:227,0
DA:230,0
DA:237,0
DA:238,0
DA:239,0
DA:240,0
DA:241,0
DA:244,0
DA:245,0
DA:248,0
DA:251,0
DA:255,0
DA:292,0
DA:293,0
DA:294,0
DA:295,0
DA:296,0
DA:297,0
DA:299,0
DA:311,0
DA:312,0
DA:466,0
DA:524,0
DA:562,0
LF:94
LH:0
BRDA:57,0,0,0
BRDA:57,0,1,0
BRDA:57,1,0,0
BRDA:57,1,1,0
BRDA:68,2,0,0
BRDA:68,2,1,0
BRDA:68,2,2,0
BRDA:68,2,3,0
BRDA:74,3,0,0
BRDA:74,3,1,0
BRDA:74,3,2,0
BRDA:74,3,3,0
BRDA:74,3,4,0
BRDA:86,4,0,0
BRDA:86,4,1,0
BRDA:107,5,0,0
BRDA:107,5,1,0
BRDA:119,6,0,0
BRDA:119,6,1,0
BRDA:125,7,0,0
BRDA:125,7,1,0
BRDA:131,8,0,0
BRDA:131,8,1,0
BRDA:159,9,0,0
BRDA:159,9,1,0
BRDA:159,10,0,0
BRDA:159,10,1,0
BRDA:172,11,0,0
BRDA:172,11,1,0
BRDA:179,12,0,0
BRDA:179,12,1,0
BRDA:179,12,2,0
BRDA:187,13,0,0
BRDA:187,13,1,0
BRDA:192,14,0,0
BRDA:192,14,1,0
BRDA:192,15,0,0
BRDA:192,15,1,0
BRDA:199,16,0,0
BRDA:199,16,1,0
BRDA:216,17,0,0
BRDA:216,17,1,0
BRDA:225,18,0,0
BRDA:225,18,1,0
BRDA:232,19,0,0
BRDA:232,19,1,0
BRDA:232,19,2,0
BRDA:239,20,0,0
BRDA:239,20,1,0
BRDA:244,21,0,0
BRDA:244,21,1,0
BRDA:244,22,0,0
BRDA:244,22,1,0
BRDA:251,23,0,0
BRDA:251,23,1,0
BRDA:294,24,0,0
BRDA:294,24,1,0
BRDA:294,25,0,0
BRDA:294,25,1,0
BRDA:296,26,0,0
BRDA:296,26,1,0
BRDA:296,27,0,0
BRDA:296,27,1,0
BRDA:318,28,0,0
BRDA:318,28,1,0
BRDA:328,29,0,0
BRDA:328,29,1,0
BRDA:336,30,0,0
BRDA:336,30,1,0
BRDA:340,31,0,0
BRDA:340,31,1,0
BRDA:342,32,0,0
BRDA:342,32,1,0
BRDA:346,33,0,0
BRDA:346,33,1,0
BRDA:356,34,0,0
BRDA:356,34,1,0
BRDA:358,35,0,0
BRDA:358,35,1,0
BRDA:360,36,0,0
BRDA:360,36,1,0
BRDA:366,37,0,0
BRDA:366,37,1,0
BRDA:381,38,0,0
BRDA:381,38,1,0
BRDA:386,39,0,0
BRDA:386,39,1,0
BRDA:391,40,0,0
BRDA:391,40,1,0
BRDA:396,41,0,0
BRDA:396,41,1,0
BRDA:401,42,0,0
BRDA:401,42,1,0
BRDA:406,43,0,0
BRDA:406,43,1,0
BRDA:411,44,0,0
BRDA:411,44,1,0
BRDA:416,45,0,0
BRDA:416,45,1,0
BRDA:421,46,0,0
BRDA:421,46,1,0
BRDA:457,47,0,0
BRDA:457,47,1,0
BRDA:464,48,0,0
BRDA:464,48,1,0
BRDA:498,49,0,0
BRDA:498,49,1,0
BRDA:499,50,0,0
BRDA:499,50,1,0
BRDA:499,50,2,0
BRDA:500,51,0,0
BRDA:500,51,1,0
BRDA:501,52,0,0
BRDA:501,52,1,0
BRDA:502,53,0,0
BRDA:502,53,1,0
BRDA:503,54,0,0
BRDA:503,54,1,0
BRDA:504,55,0,0
BRDA:504,55,1,0
BRDA:505,56,0,0
BRDA:505,56,1,0
BRDA:506,57,0,0
BRDA:506,57,1,0
BRF:124
BRH:0
end_of_record
TN:
SF:src\pages\staff\BatteryInspection.jsx
FN:12,(anonymous_0)
FN:145,(anonymous_1)
FN:150,(anonymous_2)
FN:158,(anonymous_3)
FN:211,(anonymous_4)
FN:225,(anonymous_5)
FN:240,(anonymous_6)
FN:381,(anonymous_7)
FN:446,(anonymous_8)
FN:465,(anonymous_9)
FN:497,(anonymous_10)
FN:506,(anonymous_11)
FNF:12
FNH:0
FNDA:0,(anonymous_0)
FNDA:0,(anonymous_1)
FNDA:0,(anonymous_2)
FNDA:0,(anonymous_3)
FNDA:0,(anonymous_4)
FNDA:0,(anonymous_5)
FNDA:0,(anonymous_6)
FNDA:0,(anonymous_7)
FNDA:0,(anonymous_8)
FNDA:0,(anonymous_9)
FNDA:0,(anonymous_10)
FNDA:0,(anonymous_11)
DA:12,0
DA:13,0
DA:14,0
DA:15,0
DA:17,0
DA:44,0
DA:74,0
DA:141,0
DA:143,0
DA:145,0
DA:146,0
DA:147,0
DA:148,0
DA:150,0
DA:151,0
DA:155,0
DA:158,0
DA:159,0
DA:163,0
DA:166,0
DA:211,0
DA:225,0
DA:241,0
DA:272,0
DA:382,0
DA:446,0
DA:465,0
DA:497,0
DA:507,0
LF:29
LH:0
BRDA:141,0,0,0
BRDA:141,0,1,0
BRDA:183,1,0,0
BRDA:183,1,1,0
BRDA:184,2,0,0
BRDA:184,2,1,0
BRDA:254,3,0,0
BRDA:254,3,1,0
BRDA:254,3,2,0
BRDA:409,4,0,0
BRDA:409,4,1,0
BRDA:411,5,0,0
BRDA:411,5,1,0
BRDA:417,6,0,0
BRDA:417,6,1,0
BRDA:419,7,0,0
BRDA:419,7,1,0
BRDA:462,8,0,0
BRDA:462,8,1,0
BRDA:491,9,0,0
BRDA:491,9,1,0
BRDA:500,10,0,0
BRDA:500,10,1,0
BRDA:517,11,0,0
BRDA:517,11,1,0
BRDA:522,12,0,0
BRDA:522,12,1,0
BRDA:558,13,0,0
BRDA:558,13,1,0
BRF:29
BRH:0
end_of_record
TN:
SF:src\pages\staff\BatteryInventory.jsx
FN:21,mapBeStatusToUi
FN:37,mapUiStatusToBe
FN:58,getDockCapacity
FN:65,(anonymous_3)
FN:100,(anonymous_4)
FN:108,(anonymous_5)
FN:112,(anonymous_6)
FN:116,(anonymous_7)
FN:121,(anonymous_8)
FN:168,(anonymous_9)
FN:170,(anonymous_10)
FN:177,(anonymous_11)
FN:190,(anonymous_12)
FN:205,(anonymous_13)
FN:208,(anonymous_14)
FN:215,(anonymous_15)
FN:231,(anonymous_16)
FN:233,(anonymous_17)
FN:234,(anonymous_18)
FN:235,(anonymous_19)
FN:239,(anonymous_20)
FN:243,(anonymous_21)
FN:247,(anonymous_22)
FN:248,(anonymous_23)
FN:249,(anonymous_24)
FN:255,(anonymous_25)
FN:264,(anonymous_26)
FN:282,(anonymous_27)
FN:289,(anonymous_28)
FN:310,(anonymous_29)
FN:330,(anonymous_30)
FN:371,(anonymous_31)
FN:380,(anonymous_32)
FN:404,(anonymous_33)
FN:422,(anonymous_34)
FN:456,(anonymous_35)
FN:462,(anonymous_36)
FN:471,(anonymous_37)
FN:473,(anonymous_38)
FN:558,(anonymous_39)
FN:565,(anonymous_40)
FN:644,(anonymous_41)
FN:670,(anonymous_42)
FN:679,(anonymous_43)
FN:709,(anonymous_44)
FN:719,(anonymous_45)
FN:731,(anonymous_46)
FN:752,(anonymous_47)
FN:768,(anonymous_48)
FN:806,(anonymous_49)
FN:817,(anonymous_50)
FN:860,(anonymous_51)
FN:905,(anonymous_52)
FN:913,(anonymous_53)
FN:992,(anonymous_54)
FN:1004,(anonymous_55)
FN:1014,(anonymous_56)
FN:1042,(anonymous_57)
FN:1042,(anonymous_58)
FN:1058,(anonymous_59)
FN:1062,(anonymous_60)
FNF:61
FNH:0
FNDA:0,mapBeStatusToUi
FNDA:0,mapUiStatusToBe
FNDA:0,getDockCapacity
FNDA:0,(anonymous_3)
FNDA:0,(anonymous_4)
FNDA:0,(anonymous_5)
FNDA:0,(anonymous_6)
FNDA:0,(anonymous_7)
FNDA:0,(anonymous_8)
FNDA:0,(anonymous_9)
FNDA:0,(anonymous_10)
FNDA:0,(anonymous_11)
FNDA:0,(anonymous_12)
FNDA:0,(anonymous_13)
FNDA:0,(anonymous_14)
FNDA:0,(anonymous_15)
FNDA:0,(anonymous_16)
FNDA:0,(anonymous_17)
FNDA:0,(anonymous_18)
FNDA:0,(anonymous_19)
FNDA:0,(anonymous_20)
FNDA:0,(anonymous_21)
FNDA:0,(anonymous_22)
FNDA:0,(anonymous_23)
FNDA:0,(anonymous_24)
FNDA:0,(anonymous_25)
FNDA:0,(anonymous_26)
FNDA:0,(anonymous_27)
FNDA:0,(anonymous_28)
FNDA:0,(anonymous_29)
FNDA:0,(anonymous_30)
FNDA:0,(anonymous_31)
FNDA:0,(anonymous_32)
FNDA:0,(anonymous_33)
FNDA:0,(anonymous_34)
FNDA:0,(anonymous_35)
FNDA:0,(anonymous_36)
FNDA:0,(anonymous_37)
FNDA:0,(anonymous_38)
FNDA:0,(anonymous_39)
FNDA:0,(anonymous_40)
FNDA:0,(anonymous_41)
FNDA:0,(anonymous_42)
FNDA:0,(anonymous_43)
FNDA:0,(anonymous_44)
FNDA:0,(anonymous_45)
FNDA:0,(anonymous_46)
FNDA:0,(anonymous_47)
FNDA:0,(anonymous_48)
FNDA:0,(anonymous_49)
FNDA:0,(anonymous_50)
FNDA:0,(anonymous_51)
FNDA:0,(anonymous_52)
FNDA:0,(anonymous_53)
FNDA:0,(anonymous_54)
FNDA:0,(anonymous_55)
FNDA:0,(anonymous_56)
FNDA:0,(anonymous_57)
FNDA:0,(anonymous_58)
FNDA:0,(anonymous_59)
FNDA:0,(anonymous_60)
DA:22,0
DA:24,0
DA:26,0
DA:28,0
DA:31,0
DA:33,0
DA:38,0
DA:40,0
DA:42,0
DA:44,0
DA:46,0
DA:48,0
DA:50,0
DA:56,0
DA:59,0
DA:60,0
DA:65,0
DA:66,0
DA:67,0
DA:68,0
DA:69,0
DA:70,0
DA:71,0
DA:72,0
DA:73,0
DA:74,0
DA:75,0
DA:76,0
DA:77,0
DA:78,0
DA:80,0
DA:81,0
DA:83,0
DA:85,0
DA:90,0
DA:100,0
DA:102,0
DA:103,0
DA:108,0
DA:109,0
DA:110,0
DA:112,0
DA:113,0
DA:115,0
DA:116,0
DA:118,0
DA:120,0
DA:121,0
DA:122,0
DA:125,0
DA:126,0
DA:127,0
DA:136,0
DA:137,0
DA:141,0
DA:149,0
DA:151,0
DA:158,0
DA:161,0
DA:162,0
DA:168,0
DA:169,0
DA:170,0
DA:174,0
DA:175,0
DA:177,0
DA:178,0
DA:181,0
DA:182,0
DA:184,0
DA:185,0
DA:188,0
DA:190,0
DA:191,0
DA:192,0
DA:205,0
DA:207,0
DA:208,0
DA:210,0
DA:211,0
DA:215,0
DA:228,0
DA:231,0
DA:232,0
DA:233,0
DA:234,0
DA:235,0
DA:239,0
DA:240,0
DA:241,0
DA:242,0
DA:243,0
DA:244,0
DA:247,0
DA:248,0
DA:249,0
DA:255,0
DA:256,0
DA:257,0
DA:258,0
DA:260,0
DA:262,0
DA:263,0
DA:264,0
DA:265,0
DA:266,0
DA:282,0
DA:283,0
DA:289,0
DA:290,0
DA:292,0
DA:294,0
DA:296,0
DA:300,0
DA:302,0
DA:306,0
DA:310,0
DA:311,0
DA:313,0
DA:315,0
DA:317,0
DA:319,0
DA:321,0
DA:323,0
DA:330,0
DA:331,0
DA:332,0
DA:334,0
DA:335,0
DA:340,0
DA:343,0
DA:344,0
DA:346,0
DA:347,0
DA:353,0
DA:357,0
DA:358,0
DA:361,0
DA:367,0
DA:371,0
DA:372,0
DA:376,0
DA:380,0
DA:382,0
DA:383,0
DA:384,0
DA:389,0
DA:391,0
DA:392,0
DA:393,0
DA:394,0
DA:400,0
DA:404,0
DA:405,0
DA:407,0
DA:411,0
DA:417,0
DA:422,0
DA:423,0
DA:424,0
DA:429,0
DA:431,0
DA:432,0
DA:433,0
DA:434,0
DA:440,0
DA:444,0
DA:445,0
DA:448,0
DA:456,0
DA:457,0
DA:458,0
DA:459,0
DA:462,0
DA:463,0
DA:464,0
DA:471,0
DA:472,0
DA:473,0
DA:475,0
DA:479,0
DA:480,0
DA:484,0
DA:559,0
DA:560,0
DA:562,0
DA:565,0
DA:644,0
DA:670,0
DA:679,0
DA:709,0
DA:719,0
DA:731,0
DA:753,0
DA:754,0
DA:756,0
DA:768,0
DA:807,0
DA:808,0
DA:818,0
DA:819,0
DA:820,0
DA:861,0
DA:905,0
DA:913,0
DA:993,0
DA:994,0
DA:1005,0
DA:1006,0
DA:1007,0
DA:1014,0
DA:1042,0
DA:1058,0
DA:1062,0
LF:214
LH:0
BRDA:22,0,0,0
BRDA:22,0,1,0
BRDA:22,0,2,0
BRDA:22,0,3,0
BRDA:22,0,4,0
BRDA:22,0,5,0
BRDA:22,1,0,0
BRDA:22,1,1,0
BRDA:38,2,0,0
BRDA:38,2,1,0
BRDA:38,2,2,0
BRDA:38,2,3,0
BRDA:38,2,4,0
BRDA:38,2,5,0
BRDA:38,3,0,0
BRDA:38,3,1,0
BRDA:59,4,0,0
BRDA:59,4,1,0
BRDA:60,5,0,0
BRDA:60,5,1,0
BRDA:102,6,0,0
BRDA:102,6,1,0
BRDA:110,7,0,0
BRDA:110,7,1,0
BRDA:110,8,0,0
BRDA:110,8,1,0
BRDA:113,9,0,0
BRDA:113,9,1,0
BRDA:116,10,0,0
BRDA:116,10,1,0
BRDA:118,11,0,0
BRDA:118,11,1,0
BRDA:120,12,0,0
BRDA:120,12,1,0
BRDA:122,13,0,0
BRDA:122,13,1,0
BRDA:125,14,0,0
BRDA:125,14,1,0
BRDA:125,15,0,0
BRDA:125,15,1,0
BRDA:126,16,0,0
BRDA:126,16,1,0
BRDA:142,17,0,0
BRDA:142,17,1,0
BRDA:143,18,0,0
BRDA:143,18,1,0
BRDA:143,18,2,0
BRDA:144,19,0,0
BRDA:144,19,1,0
BRDA:144,19,2,0
BRDA:145,20,0,0
BRDA:145,20,1,0
BRDA:145,21,0,0
BRDA:145,21,1,0
BRDA:146,22,0,0
BRDA:146,22,1,0
BRDA:146,23,0,0
BRDA:146,23,1,0
BRDA:149,24,0,0
BRDA:149,24,1,0
BRDA:152,25,0,0
BRDA:152,25,1,0
BRDA:178,26,0,0
BRDA:178,26,1,0
BRDA:207,27,0,0
BRDA:207,27,1,0
BRDA:207,28,0,0
BRDA:207,28,1,0
BRDA:215,29,0,0
BRDA:215,29,1,0
BRDA:220,30,0,0
BRDA:220,30,1,0
BRDA:222,31,0,0
BRDA:222,31,1,0
BRDA:223,32,0,0
BRDA:223,32,1,0
BRDA:228,33,0,0
BRDA:228,33,1,0
BRDA:241,34,0,0
BRDA:241,34,1,0
BRDA:242,35,0,0
BRDA:242,35,1,0
BRDA:243,36,0,0
BRDA:243,36,1,0
BRDA:250,37,0,0
BRDA:250,37,1,0
BRDA:257,38,0,0
BRDA:257,38,1,0
BRDA:265,39,0,0
BRDA:265,39,1,0
BRDA:282,40,0,0
BRDA:282,40,1,0
BRDA:282,41,0,0
BRDA:282,41,1,0
BRDA:290,42,0,0
BRDA:290,42,1,0
BRDA:290,42,2,0
BRDA:290,42,3,0
BRDA:290,42,4,0
BRDA:290,42,5,0
BRDA:311,43,0,0
BRDA:311,43,1,0
BRDA:311,43,2,0
BRDA:311,43,3,0
BRDA:311,43,4,0
BRDA:311,43,5,0
BRDA:331,44,0,0
BRDA:331,44,1,0
BRDA:334,45,0,0
BRDA:334,45,1,0
BRDA:334,46,0,0
BRDA:334,46,1,0
BRDA:334,46,2,0
BRDA:346,47,0,0
BRDA:346,47,1,0
BRDA:346,48,0,0
BRDA:346,48,1,0
BRDA:346,48,2,0
BRDA:349,49,0,0
BRDA:349,49,1,0
BRDA:349,49,2,0
BRDA:373,50,0,0
BRDA:373,50,1,0
BRDA:374,51,0,0
BRDA:374,51,1,0
BRDA:383,52,0,0
BRDA:383,52,1,0
BRDA:383,53,0,0
BRDA:383,53,1,0
BRDA:393,54,0,0
BRDA:393,54,1,0
BRDA:393,55,0,0
BRDA:393,55,1,0
BRDA:393,55,2,0
BRDA:396,56,0,0
BRDA:396,56,1,0
BRDA:396,56,2,0
BRDA:405,57,0,0
BRDA:405,57,1,0
BRDA:405,58,0,0
BRDA:405,58,1,0
BRDA:423,59,0,0
BRDA:423,59,1,0
BRDA:433,60,0,0
BRDA:433,60,1,0
BRDA:433,61,0,0
BRDA:433,61,1,0
BRDA:433,61,2,0
BRDA:436,62,0,0
BRDA:436,62,1,0
BRDA:436,62,2,0
BRDA:457,63,0,0
BRDA:457,63,1,0
BRDA:457,64,0,0
BRDA:457,64,1,0
BRDA:472,65,0,0
BRDA:472,65,1,0
BRDA:475,66,0,0
BRDA:475,66,1,0
BRDA:475,66,2,0
BRDA:475,66,3,0
BRDA:479,67,0,0
BRDA:479,67,1,0
BRDA:479,67,2,0
BRDA:480,68,0,0
BRDA:480,68,1,0
BRDA:564,69,0,0
BRDA:564,69,1,0
BRDA:569,70,0,0
BRDA:569,70,1,0
BRDA:579,71,0,0
BRDA:579,71,1,0
BRDA:585,72,0,0
BRDA:585,72,1,0
BRDA:595,73,0,0
BRDA:595,73,1,0
BRDA:605,74,0,0
BRDA:605,74,1,0
BRDA:609,75,0,0
BRDA:609,75,1,0
BRDA:668,76,0,0
BRDA:668,76,1,0
BRDA:677,77,0,0
BRDA:677,77,1,0
BRDA:740,78,0,0
BRDA:740,78,1,0
BRDA:746,79,0,0
BRDA:746,79,1,0
BRDA:753,80,0,0
BRDA:753,80,1,0
BRDA:763,81,0,0
BRDA:763,81,1,0
BRDA:764,82,0,0
BRDA:764,82,1,0
BRDA:765,83,0,0
BRDA:765,83,1,0
BRDA:783,84,0,0
BRDA:783,84,1,0
BRDA:786,85,0,0
BRDA:786,85,1,0
BRDA:794,86,0,0
BRDA:794,86,1,0
BRDA:797,87,0,0
BRDA:797,87,1,0
BRDA:801,88,0,0
BRDA:801,88,1,0
BRDA:832,89,0,0
BRDA:832,89,1,0
BRDA:848,90,0,0
BRDA:848,90,1,0
BRDA:854,91,0,0
BRDA:854,91,1,0
BRDA:870,92,0,0
BRDA:870,92,1,0
BRDA:880,93,0,0
BRDA:880,93,1,0
BRDA:882,94,0,0
BRDA:882,94,1,0
BRDA:887,95,0,0
BRDA:887,95,1,0
BRDA:898,96,0,0
BRDA:898,96,1,0
BRDA:971,97,0,0
BRDA:971,97,1,0
BRDA:993,98,0,0
BRDA:993,98,1,0
BRDA:1005,99,0,0
BRDA:1005,99,1,0
BRF:228
BRH:0
end_of_record
TN:
SF:src\pages\staff\Dashboard.jsx
FN:12,(anonymous_0)
FN:97,(anonymous_1)
FN:117,(anonymous_2)
FN:178,(anonymous_3)
FN:231,(anonymous_4)
FNF:5
FNH:0
FNDA:0,(anonymous_0)
FNDA:0,(anonymous_1)
FNDA:0,(anonymous_2)
FNDA:0,(anonymous_3)
FNDA:0,(anonymous_4)
DA:12,0
DA:13,0
DA:15,0
DA:98,0
DA:118,0
DA:179,0
DA:232,0
LF:7
LH:0
BRF:0
BRH:0
end_of_record
TN:
SF:src\pages\staff\QRCheckIn.jsx
FN:21,(anonymous_0)
FN:47,(anonymous_1)
FN:48,(anonymous_2)
FN:66,(anonymous_3)
FN:67,(anonymous_4)
FN:67,(anonymous_5)
FN:70,(anonymous_6)
FN:72,(anonymous_7)
FN:77,(anonymous_8)
FN:116,(anonymous_9)
FN:144,(anonymous_10)
FN:169,(anonymous_11)
FN:217,(anonymous_12)
FN:295,(anonymous_13)
FN:327,(anonymous_14)
FN:331,(anonymous_15)
FN:405,(anonymous_16)
FN:446,(anonymous_17)
FN:513,(anonymous_18)
FN:548,(anonymous_19)
FN:592,(anonymous_20)
FN:677,(anonymous_21)
FN:727,(anonymous_22)
FN:744,(anonymous_23)
FN:758,(anonymous_24)
FN:776,(anonymous_25)
FN:791,(anonymous_26)
FN:804,(anonymous_27)
FN:816,(anonymous_28)
FN:868,(anonymous_29)
FN:876,(anonymous_30)
FNF:31
FNH:27
FNDA:218,(anonymous_0)
FNDA:64,(anonymous_1)
FNDA:64,(anonymous_2)
FNDA:12,(anonymous_3)
FNDA:15,(anonymous_4)
FNDA:15,(anonymous_5)
FNDA:12,(anonymous_6)
FNDA:15,(anonymous_7)
FNDA:7,(anonymous_8)
FNDA:5,(anonymous_9)
FNDA:4,(anonymous_10)
FNDA:5,(anonymous_11)
FNDA:6,(anonymous_12)
FNDA:34,(anonymous_13)
FNDA:11,(anonymous_14)
FNDA:11,(anonymous_15)
FNDA:3,(anonymous_16)
FNDA:11,(anonymous_17)
FNDA:1090,(anonymous_18)
FNDA:618,(anonymous_19)
FNDA:12,(anonymous_20)
FNDA:11,(anonymous_21)
FNDA:6,(anonymous_22)
FNDA:5,(anonymous_23)
FNDA:0,(anonymous_24)
FNDA:0,(anonymous_25)
FNDA:0,(anonymous_26)
FNDA:0,(anonymous_27)
FNDA:1,(anonymous_28)
FNDA:5,(anonymous_29)
FNDA:1,(anonymous_30)
DA:21,1
DA:22,218
DA:23,218
DA:24,218
DA:25,218
DA:26,218
DA:27,218
DA:28,218
DA:29,218
DA:30,218
DA:31,218
DA:32,218
DA:33,218
DA:34,218
DA:35,218
DA:36,218
DA:37,218
DA:45,218
DA:47,218
DA:48,64
DA:49,64
DA:50,8
DA:66,218
DA:67,15
DA:70,218
DA:71,12
DA:72,15
DA:73,12
DA:77,218
DA:78,7
DA:79,0
DA:80,0
DA:82,7
DA:83,7
DA:84,7
DA:85,1
DA:86,1
DA:88,6
DA:89,6
DA:93,6
DA:94,6
DA:95,6
DA:96,5
DA:97,4
DA:103,1
DA:106,1
DA:112,6
DA:116,218
DA:117,5
DA:118,0
DA:119,0
DA:121,5
DA:122,5
DA:123,5
DA:124,0
DA:125,0
DA:127,5
DA:128,5
DA:133,5
DA:135,5
DA:136,5
DA:137,5
DA:138,4
DA:139,3
DA:144,4
DA:145,3
DA:146,3
DA:147,3
DA:148,3
DA:149,3
DA:154,1
DA:157,1
DA:163,5
DA:169,218
DA:170,5
DA:171,0
DA:176,0
DA:179,5
DA:180,5
DA:182,5
DA:187,4
DA:188,3
DA:194,3
DA:195,3
DA:196,3
DA:198,1
DA:206,1
DA:212,5
DA:217,218
DA:218,6
DA:219,0
DA:224,0
DA:227,6
DA:228,1
DA:233,1
DA:236,5
DA:237,2
DA:242,2
DA:245,3
DA:246,3
DA:247,3
DA:258,3
DA:259,2
DA:261,2
DA:262,2
DA:267,2
DA:269,2
DA:278,0
DA:285,1
DA:291,3
DA:295,218
DA:296,34
DA:297,34
DA:298,34
DA:299,33
DA:300,33
DA:301,33
DA:302,33
DA:307,0
DA:308,0
DA:316,1
DA:322,34
DA:327,218
DA:328,11
DA:329,11
DA:331,11
DA:332,11
DA:333,11
DA:336,11
DA:337,11
DA:339,11
DA:340,11
DA:341,11
DA:342,9
DA:344,2
DA:345,2
DA:348,218
DA:406,3
DA:407,3
DA:408,3
DA:447,11
DA:448,11
DA:449,0
DA:454,0
DA:456,11
DA:457,11
DA:514,1090
DA:549,618
DA:593,12
DA:594,12
DA:677,11
DA:727,6
DA:744,5
DA:758,0
DA:776,0
DA:791,0
DA:804,0
DA:817,1
DA:818,1
DA:869,5
DA:877,1
DA:878,1
DA:879,1
DA:880,1
DA:881,1
LF:165
LH:146
BRDA:49,0,0,8
BRDA:49,0,1,56
BRDA:67,1,0,12
BRDA:67,1,1,0
BRDA:71,2,0,0
BRDA:71,2,1,12
BRDA:73,3,0,1
BRDA:73,3,1,11
BRDA:78,4,0,0
BRDA:78,4,1,7
BRDA:84,5,0,1
BRDA:84,5,1,6
BRDA:96,6,0,4
BRDA:96,6,1,1
BRDA:103,7,0,1
BRDA:103,7,1,0
BRDA:117,8,0,0
BRDA:117,8,1,5
BRDA:123,9,0,0
BRDA:123,9,1,5
BRDA:138,10,0,3
BRDA:138,10,1,1
BRDA:154,11,0,1
BRDA:154,11,1,0
BRDA:170,12,0,0
BRDA:170,12,1,5
BRDA:187,13,0,3
BRDA:187,13,1,1
BRDA:190,14,0,3
BRDA:190,14,1,1
BRDA:200,15,0,1
BRDA:200,15,1,1
BRDA:208,16,0,1
BRDA:208,16,1,0
BRDA:218,17,0,0
BRDA:218,17,1,6
BRDA:227,18,0,1
BRDA:227,18,1,5
BRDA:236,19,0,2
BRDA:236,19,1,3
BRDA:236,20,0,5
BRDA:236,20,1,4
BRDA:253,21,0,0
BRDA:253,21,1,3
BRDA:254,22,0,0
BRDA:254,22,1,3
BRDA:261,23,0,2
BRDA:261,23,1,0
BRDA:264,24,0,2
BRDA:264,24,1,2
BRDA:280,25,0,0
BRDA:280,25,1,0
BRDA:287,26,0,1
BRDA:287,26,1,0
BRDA:300,27,0,33
BRDA:300,27,1,0
BRDA:307,28,0,0
BRDA:307,28,1,0
BRDA:318,29,0,1
BRDA:318,29,1,0
BRDA:329,30,0,0
BRDA:329,30,1,11
BRDA:332,31,0,3
BRDA:332,31,1,8
BRDA:383,32,0,34
BRDA:383,32,1,184
BRDA:389,33,0,218
BRDA:389,33,1,19
BRDA:394,34,0,0
BRDA:394,34,1,19
BRDA:399,35,0,218
BRDA:399,35,1,19
BRDA:399,35,2,19
BRDA:406,36,0,3
BRDA:406,36,1,0
BRDA:417,37,0,218
BRDA:417,37,1,34
BRDA:427,38,0,218
BRDA:427,38,1,199
BRDA:427,38,2,165
BRDA:435,39,0,218
BRDA:435,39,1,2
BRDA:448,40,0,0
BRDA:448,40,1,11
BRDA:474,41,0,34
BRDA:474,41,1,184
BRDA:527,42,0,103
BRDA:527,42,1,115
BRDA:596,43,0,3
BRDA:596,43,1,100
BRDA:605,44,0,103
BRDA:605,44,1,97
BRDA:608,45,0,6
BRDA:608,45,1,97
BRDA:612,46,0,103
BRDA:612,46,1,6
BRDA:620,47,0,103
BRDA:620,47,1,3
BRDA:630,48,0,103
BRDA:630,48,1,35
BRDA:630,48,2,29
BRDA:634,49,0,5
BRDA:634,49,1,98
BRDA:639,50,0,103
BRDA:639,50,1,5
BRDA:659,51,0,103
BRDA:659,51,1,103
BRDA:659,51,2,98
BRDA:659,51,3,93
BRDA:662,52,0,5
BRDA:662,52,1,98
BRDA:744,53,0,5
BRDA:744,53,1,0
BRDA:781,54,0,218
BRDA:781,54,1,0
BRDA:837,55,0,3
BRDA:837,55,1,215
BRF:117
BRH:91
end_of_record
TN:
SF:src\pages\staff\SwapHistory.jsx
FN:13,(anonymous_0)
FN:35,(anonymous_1)
FN:45,(anonymous_2)
FN:46,(anonymous_3)
FN:75,(anonymous_4)
FN:114,(anonymous_5)
FN:146,(anonymous_6)
FN:233,(anonymous_7)
FN:233,(anonymous_8)
FN:279,(anonymous_9)
FN:285,(anonymous_10)
FN:291,(anonymous_11)
FN:296,(anonymous_12)
FNF:13
FNH:0
FNDA:0,(anonymous_0)
FNDA:0,(anonymous_1)
FNDA:0,(anonymous_2)
FNDA:0,(anonymous_3)
FNDA:0,(anonymous_4)
FNDA:0,(anonymous_5)
FNDA:0,(anonymous_6)
FNDA:0,(anonymous_7)
FNDA:0,(anonymous_8)
FNDA:0,(anonymous_9)
FNDA:0,(anonymous_10)
FNDA:0,(anonymous_11)
FNDA:0,(anonymous_12)
DA:13,0
DA:14,0
DA:16,0
DA:21,0
DA:26,0
DA:31,0
DA:35,0
DA:36,0
DA:37,0
DA:38,0
DA:39,0
DA:40,0
DA:41,0
DA:42,0
DA:43,0
DA:45,0
DA:46,0
DA:47,0
DA:48,0
DA:50,0
DA:51,0
DA:53,0
DA:54,0
DA:55,0
DA:57,0
DA:58,0
DA:59,0
DA:61,0
DA:64,0
DA:65,0
DA:66,0
DA:68,0
DA:72,0
DA:75,0
DA:76,0
DA:81,0
DA:82,0
DA:85,0
DA:114,0
DA:147,0
DA:233,0
DA:279,0
DA:285,0
DA:291,0
DA:297,0
LF:45
LH:0
BRDA:14,0,0,0
BRDA:14,0,1,0
BRDA:14,0,2,0
BRDA:14,0,3,0
BRDA:14,1,0,0
BRDA:14,1,1,0
BRDA:48,2,0,0
BRDA:48,2,1,0
BRDA:57,3,0,0
BRDA:57,3,1,0
BRDA:57,4,0,0
BRDA:57,4,1,0
BRDA:58,5,0,0
BRDA:58,5,1,0
BRDA:61,6,0,0
BRDA:61,6,1,0
BRDA:65,7,0,0
BRDA:65,7,1,0
BRDA:76,8,0,0
BRDA:76,8,1,0
BRDA:76,8,2,0
BRDA:76,8,3,0
BRDA:76,8,4,0
BRDA:81,9,0,0
BRDA:81,9,1,0
BRDA:81,9,2,0
BRDA:82,10,0,0
BRDA:82,10,1,0
BRDA:138,11,0,0
BRDA:138,11,1,0
BRDA:140,12,0,0
BRDA:140,12,1,0
BRDA:142,13,0,0
BRDA:142,13,1,0
BRDA:218,14,0,0
BRDA:218,14,1,0
BRDA:221,15,0,0
BRDA:221,15,1,0
BRDA:229,16,0,0
BRDA:229,16,1,0
BRDA:236,17,0,0
BRDA:236,17,1,0
BRDA:243,18,0,0
BRDA:243,18,1,0
BRDA:243,18,2,0
BRF:45
BRH:0
end_of_record
TN:
SF:src\pages\staff\TransactionHistory.jsx
FN:9,(anonymous_0)
FN:81,(anonymous_1)
FN:103,(anonymous_2)
FN:116,(anonymous_3)
FN:226,(anonymous_4)
FNF:5
FNH:0
FNDA:0,(anonymous_0)
FNDA:0,(anonymous_1)
FNDA:0,(anonymous_2)
FNDA:0,(anonymous_3)
FNDA:0,(anonymous_4)
DA:9,0
DA:10,0
DA:11,0
DA:12,0
DA:56,0
DA:81,0
DA:103,0
DA:116,0
DA:226,0
LF:9
LH:0
BRDA:116,0,0,0
BRDA:116,0,1,0
BRF:2
BRH:0
end_of_record
